<?xml version="1.0" encoding="utf-8"?>
<test-run id="2" testcasecount="451" result="Failed(Child)" total="451" passed="431" failed="20" inconclusive="0" skipped="0" asserts="0" engine-version="3.5.0.0" clr-version="4.0.30319.42000" start-time="2026-05-03 09:23:21Z" end-time="2026-05-03 09:23:21Z" duration="0,941574">
  <test-suite type="TestSuite" id="1550" name="Erelia" fullname="Erelia" runstate="Runnable" testcasecount="451" result="Failed" site="Child" start-time="2026-05-03 09:23:21Z" end-time="2026-05-03 09:23:21Z" duration="0.941574" total="451" passed="431" failed="20" inconclusive="0" skipped="0" asserts="0">
    <properties>
      <property name="platform" value="EditMode" />
    </properties>
    <failure>
      <message><![CDATA[One or more child tests had errors]]></message>
    </failure>
    <test-suite type="Assembly" id="1505" name="Erelia.Tests.EditMode.dll" fullname="C:/Users/User/Documents/UnityProject/Erelia/Library/ScriptAssemblies/Erelia.Tests.EditMode.dll" runstate="Runnable" testcasecount="451" result="Failed" site="Child" start-time="2026-05-03 09:23:21Z" end-time="2026-05-03 09:23:21Z" duration="0.918662" total="451" passed="431" failed="20" inconclusive="0" skipped="0" asserts="0">
      <properties>
        <property name="_PID" value="7840" />
        <property name="_APPDOMAIN" value="Unity Child Domain" />
        <property name="platform" value="EditMode" />
        <property name="EditorOnly" value="True" />
      </properties>
      <failure>
        <message><![CDATA[One or more child tests had errors]]></message>
      </failure>
      <test-suite type="TestSuite" id="1506" name="Tests" fullname="Tests" runstate="Runnable" testcasecount="451" result="Failed" site="Child" start-time="2026-05-03 09:23:21Z" end-time="2026-05-03 09:23:21Z" duration="0.912137" total="451" passed="431" failed="20" inconclusive="0" skipped="0" asserts="0">
        <properties />
        <failure>
          <message><![CDATA[One or more child tests had errors]]></message>
        </failure>
        <test-suite type="TestSuite" id="1526" name="Battle" fullname="Tests.Battle" runstate="Runnable" testcasecount="215" result="Passed" start-time="2026-05-03 09:23:21Z" end-time="2026-05-03 09:23:21Z" duration="0.561831" total="215" passed="215" failed="0" inconclusive="0" skipped="0" asserts="0">
          <properties />
          <test-suite type="TestSuite" id="1541" name="Backend" fullname="Tests.Battle.Backend" runstate="Runnable" testcasecount="18" result="Passed" start-time="2026-05-03 09:23:21Z" end-time="2026-05-03 09:23:21Z" duration="0.134152" total="18" passed="18" failed="0" inconclusive="0" skipped="0" asserts="0">
            <properties />
            <test-suite type="TestFixture" id="1486" name="BackendBehaviorTests" fullname="Tests.Battle.Backend.BackendBehaviorTests" classname="Tests.Battle.Backend.BackendBehaviorTests" runstate="Runnable" testcasecount="18" result="Passed" start-time="2026-05-03 09:23:21Z" end-time="2026-05-03 09:23:21Z" duration="0.132160" total="18" passed="18" failed="0" inconclusive="0" skipped="0" asserts="0">
              <properties />
              <test-case id="1499" name="AfterCastingAnAbilityHook_FiresAfterCast_AndDamagesUnit" fullname="Tests.Battle.Backend.BackendBehaviorTests.AfterCastingAnAbilityHook_FiresAfterCast_AndDamagesUnit" methodname="AfterCastingAnAbilityHook_FiresAfterCast_AndDamagesUnit" classname="Tests.Battle.Backend.BackendBehaviorTests" runstate="Runnable" seed="676441112" result="Passed" start-time="2026-05-03 09:23:21Z" end-time="2026-05-03 09:23:21Z" duration="0.071136" asserts="0">
                <properties>
                  <property name="retryIteration" value="0" />
                  <property name="repeatIteration" value="0" />
                </properties>
              </test-case>
              <test-case id="1495" name="AfterMoveHook_FiresAfterMove_AndDamagesUnit" fullname="Tests.Battle.Backend.BackendBehaviorTests.AfterMoveHook_FiresAfterMove_AndDamagesUnit" methodname="AfterMoveHook_FiresAfterMove_AndDamagesUnit" classname="Tests.Battle.Backend.BackendBehaviorTests" runstate="Runnable" seed="269025710" result="Passed" start-time="2026-05-03 09:23:21Z" end-time="2026-05-03 09:23:21Z" duration="0.006059" asserts="0">
                <properties>
                  <property name="retryIteration" value="0" />
                  <property name="repeatIteration" value="0" />
                </properties>
              </test-case>
              <test-case id="1497" name="AfterMoveHook_UnitPositionAlreadyChanged_WhenHookFires" fullname="Tests.Battle.Backend.BackendBehaviorTests.AfterMoveHook_UnitPositionAlreadyChanged_WhenHookFires" methodname="AfterMoveHook_UnitPositionAlreadyChanged_WhenHookFires" classname="Tests.Battle.Backend.BackendBehaviorTests" runstate="Runnable" seed="75246156" result="Passed" start-time="2026-05-03 09:23:21Z" end-time="2026-05-03 09:23:21Z" duration="0.005943" asserts="0">
                <properties>
                  <property name="retryIteration" value="0" />
                  <property name="repeatIteration" value="0" />
                </properties>
              </test-case>
              <test-case id="1498" name="BeforeCastingAnAbilityHook_FiresBeforeCast_AndDamagesUnit" fullname="Tests.Battle.Backend.BackendBehaviorTests.BeforeCastingAnAbilityHook_FiresBeforeCast_AndDamagesUnit" methodname="BeforeCastingAnAbilityHook_FiresBeforeCast_AndDamagesUnit" classname="Tests.Battle.Backend.BackendBehaviorTests" runstate="Runnable" seed="1418699216" result="Passed" start-time="2026-05-03 09:23:21Z" end-time="2026-05-03 09:23:21Z" duration="0.001663" asserts="0">
                <properties>
                  <property name="retryIteration" value="0" />
                  <property name="repeatIteration" value="0" />
                </properties>
              </test-case>
              <test-case id="1494" name="BeforeMoveHook_FiresBeforeMove_AndDamagesUnit" fullname="Tests.Battle.Backend.BackendBehaviorTests.BeforeMoveHook_FiresBeforeMove_AndDamagesUnit" methodname="BeforeMoveHook_FiresBeforeMove_AndDamagesUnit" classname="Tests.Battle.Backend.BackendBehaviorTests" runstate="Runnable" seed="489497774" result="Passed" start-time="2026-05-03 09:23:21Z" end-time="2026-05-03 09:23:21Z" duration="0.000891" asserts="0">
                <properties>
                  <property name="retryIteration" value="0" />
                  <property name="repeatIteration" value="0" />
                </properties>
              </test-case>
              <test-case id="1496" name="BeforeMoveHook_UnitPositionNotYetChanged_WhenHookFires" fullname="Tests.Battle.Backend.BackendBehaviorTests.BeforeMoveHook_UnitPositionNotYetChanged_WhenHookFires" methodname="BeforeMoveHook_UnitPositionNotYetChanged_WhenHookFires" classname="Tests.Battle.Backend.BackendBehaviorTests" runstate="Runnable" seed="535481483" result="Passed" start-time="2026-05-03 09:23:21Z" end-time="2026-05-03 09:23:21Z" duration="0.000988" asserts="0">
                <properties>
                  <property name="retryIteration" value="0" />
                  <property name="repeatIteration" value="0" />
                </properties>
              </test-case>
              <test-case id="1491" name="DefeatUnit_DefeatedUnitNoLongerBlocksMovement" fullname="Tests.Battle.Backend.BackendBehaviorTests.DefeatUnit_DefeatedUnitNoLongerBlocksMovement" methodname="DefeatUnit_DefeatedUnitNoLongerBlocksMovement" classname="Tests.Battle.Backend.BackendBehaviorTests" runstate="Runnable" seed="1516619928" result="Passed" start-time="2026-05-03 09:23:21Z" end-time="2026-05-03 09:23:21Z" duration="0.004563" asserts="0">
                <properties>
                  <property name="retryIteration" value="0" />
                  <property name="repeatIteration" value="0" />
                </properties>
              </test-case>
              <test-case id="1490" name="DefeatUnit_FiresUnitDefeatedEvent" fullname="Tests.Battle.Backend.BackendBehaviorTests.DefeatUnit_FiresUnitDefeatedEvent" methodname="DefeatUnit_FiresUnitDefeatedEvent" classname="Tests.Battle.Backend.BackendBehaviorTests" runstate="Runnable" seed="1395071801" result="Passed" start-time="2026-05-03 09:23:21Z" end-time="2026-05-03 09:23:21Z" duration="0.003668" asserts="0">
                <properties>
                  <property name="retryIteration" value="0" />
                  <property name="repeatIteration" value="0" />
                </properties>
              </test-case>
              <test-case id="1489" name="DefeatUnit_RemovesUnitFromBoard" fullname="Tests.Battle.Backend.BackendBehaviorTests.DefeatUnit_RemovesUnitFromBoard" methodname="DefeatUnit_RemovesUnitFromBoard" classname="Tests.Battle.Backend.BackendBehaviorTests" runstate="Runnable" seed="1080855623" result="Passed" start-time="2026-05-03 09:23:21Z" end-time="2026-05-03 09:23:21Z" duration="0.001241" asserts="0">
                <properties>
                  <property name="retryIteration" value="0" />
                  <property name="repeatIteration" value="0" />
                </properties>
              </test-case>
              <test-case id="1504" name="InfiniteStatus_DoesNotExpireOnTurnEnd" fullname="Tests.Battle.Backend.BackendBehaviorTests.InfiniteStatus_DoesNotExpireOnTurnEnd" methodname="InfiniteStatus_DoesNotExpireOnTurnEnd" classname="Tests.Battle.Backend.BackendBehaviorTests" runstate="Runnable" seed="1820119078" result="Passed" start-time="2026-05-03 09:23:21Z" end-time="2026-05-03 09:23:21Z" duration="0.002947" asserts="0">
                <properties>
                  <property name="retryIteration" value="0" />
                  <property name="repeatIteration" value="0" />
                </properties>
              </test-case>
              <test-case id="1501" name="OnAPLossHook_FiresWhenAPDecreases_ViaAbilityUse" fullname="Tests.Battle.Backend.BackendBehaviorTests.OnAPLossHook_FiresWhenAPDecreases_ViaAbilityUse" methodname="OnAPLossHook_FiresWhenAPDecreases_ViaAbilityUse" classname="Tests.Battle.Backend.BackendBehaviorTests" runstate="Runnable" seed="2074227742" result="Passed" start-time="2026-05-03 09:23:21Z" end-time="2026-05-03 09:23:21Z" duration="0.000996" asserts="0">
                <properties>
                  <property name="retryIteration" value="0" />
                  <property name="repeatIteration" value="0" />
                </properties>
              </test-case>
              <test-case id="1500" name="OnHPLossHook_FiresWhenHPDecreases_ViaAbility" fullname="Tests.Battle.Backend.BackendBehaviorTests.OnHPLossHook_FiresWhenHPDecreases_ViaAbility" methodname="OnHPLossHook_FiresWhenHPDecreases_ViaAbility" classname="Tests.Battle.Backend.BackendBehaviorTests" runstate="Runnable" seed="1243417003" result="Passed" start-time="2026-05-03 09:23:21Z" end-time="2026-05-03 09:23:21Z" duration="0.001060" asserts="0">
                <properties>
                  <property name="retryIteration" value="0" />
                  <property name="repeatIteration" value="0" />
                </properties>
              </test-case>
              <test-case id="1502" name="OnMPLossHook_FiresWhenMPDecreases_ViaMove" fullname="Tests.Battle.Backend.BackendBehaviorTests.OnMPLossHook_FiresWhenMPDecreases_ViaMove" methodname="OnMPLossHook_FiresWhenMPDecreases_ViaMove" classname="Tests.Battle.Backend.BackendBehaviorTests" runstate="Runnable" seed="768750952" result="Passed" start-time="2026-05-03 09:23:21Z" end-time="2026-05-03 09:23:21Z" duration="0.000870" asserts="0">
                <properties>
                  <property name="retryIteration" value="0" />
                  <property name="repeatIteration" value="0" />
                </properties>
              </test-case>
              <test-case id="1488" name="Resolution_DoesNotEndTurn_WhenResolverReturnsFalse" fullname="Tests.Battle.Backend.BackendBehaviorTests.Resolution_DoesNotEndTurn_WhenResolverReturnsFalse" methodname="Resolution_DoesNotEndTurn_WhenResolverReturnsFalse" classname="Tests.Battle.Backend.BackendBehaviorTests" runstate="Runnable" seed="1452474146" result="Passed" start-time="2026-05-03 09:23:21Z" end-time="2026-05-03 09:23:21Z" duration="0.001245" asserts="0">
                <properties>
                  <property name="retryIteration" value="0" />
                  <property name="repeatIteration" value="0" />
                </properties>
              </test-case>
              <test-case id="1487" name="Resolution_RevertsToPreviousPhase_WhenResolverReturnsFalse" fullname="Tests.Battle.Backend.BackendBehaviorTests.Resolution_RevertsToPreviousPhase_WhenResolverReturnsFalse" methodname="Resolution_RevertsToPreviousPhase_WhenResolverReturnsFalse" classname="Tests.Battle.Backend.BackendBehaviorTests" runstate="Runnable" seed="1136736676" result="Passed" start-time="2026-05-03 09:23:21Z" end-time="2026-05-03 09:23:21Z" duration="0.001074" asserts="0">
                <properties>
                  <property name="retryIteration" value="0" />
                  <property name="repeatIteration" value="0" />
                </properties>
              </test-case>
              <test-case id="1503" name="TurnBasedStatus_ExpiresAfterDuration" fullname="Tests.Battle.Backend.BackendBehaviorTests.TurnBasedStatus_ExpiresAfterDuration" methodname="TurnBasedStatus_ExpiresAfterDuration" classname="Tests.Battle.Backend.BackendBehaviorTests" runstate="Runnable" seed="1896217862" result="Passed" start-time="2026-05-03 09:23:21Z" end-time="2026-05-03 09:23:21Z" duration="0.000918" asserts="0">
                <properties>
                  <property name="retryIteration" value="0" />
                  <property name="repeatIteration" value="0" />
                </properties>
              </test-case>
              <test-case id="1493" name="TurnEndHook_FiresOnTurnEnd_AndDamagesUnit" fullname="Tests.Battle.Backend.BackendBehaviorTests.TurnEndHook_FiresOnTurnEnd_AndDamagesUnit" methodname="TurnEndHook_FiresOnTurnEnd_AndDamagesUnit" classname="Tests.Battle.Backend.BackendBehaviorTests" runstate="Runnable" seed="486588336" result="Passed" start-time="2026-05-03 09:23:21Z" end-time="2026-05-03 09:23:21Z" duration="0.000796" asserts="0">
                <properties>
                  <property name="retryIteration" value="0" />
                  <property name="repeatIteration" value="0" />
                </properties>
              </test-case>
              <test-case id="1492" name="TurnStartHook_FiresOnTurnBegin_AndDamagesUnit" fullname="Tests.Battle.Backend.BackendBehaviorTests.TurnStartHook_FiresOnTurnBegin_AndDamagesUnit" methodname="TurnStartHook_FiresOnTurnBegin_AndDamagesUnit" classname="Tests.Battle.Backend.BackendBehaviorTests" runstate="Runnable" seed="147712261" result="Passed" start-time="2026-05-03 09:23:21Z" end-time="2026-05-03 09:23:21Z" duration="0.000661" asserts="0">
                <properties>
                  <property name="retryIteration" value="0" />
                  <property name="repeatIteration" value="0" />
                </properties>
              </test-case>
            </test-suite>
          </test-suite>
          <test-suite type="TestSuite" id="1539" name="Flow" fullname="Tests.Battle.Flow" runstate="Runnable" testcasecount="1" result="Passed" start-time="2026-05-03 09:23:21Z" end-time="2026-05-03 09:23:21Z" duration="0.043932" total="1" passed="1" failed="0" inconclusive="0" skipped="0" asserts="0">
            <properties />
            <test-suite type="TestFixture" id="1438" name="BattleCombatFlowTests" fullname="Tests.Battle.Flow.BattleCombatFlowTests" classname="Tests.Battle.Flow.BattleCombatFlowTests" runstate="Runnable" testcasecount="1" result="Passed" start-time="2026-05-03 09:23:21Z" end-time="2026-05-03 09:23:21Z" duration="0.004876" total="1" passed="1" failed="0" inconclusive="0" skipped="0" asserts="0">
              <properties />
              <test-case id="1439" name="WholeCombat_PlayerKillsEnemy_AndBattleEndsWithPlayerVictory" fullname="Tests.Battle.Flow.BattleCombatFlowTests.WholeCombat_PlayerKillsEnemy_AndBattleEndsWithPlayerVictory" methodname="WholeCombat_PlayerKillsEnemy_AndBattleEndsWithPlayerVictory" classname="Tests.Battle.Flow.BattleCombatFlowTests" runstate="Runnable" seed="1394245642" result="Passed" start-time="2026-05-03 09:23:21Z" end-time="2026-05-03 09:23:21Z" duration="0.001510" asserts="0">
                <properties>
                  <property name="retryIteration" value="0" />
                  <property name="repeatIteration" value="0" />
                </properties>
              </test-case>
            </test-suite>
          </test-suite>
          <test-suite type="TestSuite" id="1540" name="LineOfSight" fullname="Tests.Battle.LineOfSight" runstate="Runnable" testcasecount="45" result="Passed" start-time="2026-05-03 09:23:21Z" end-time="2026-05-03 09:23:21Z" duration="0.065111" total="45" passed="45" failed="0" inconclusive="0" skipped="0" asserts="0">
            <properties />
            <test-suite type="TestFixture" id="1440" name="LineOfSightTests" fullname="Tests.Battle.LineOfSight.LineOfSightTests" classname="Tests.Battle.LineOfSight.LineOfSightTests" runstate="Runnable" testcasecount="45" result="Passed" start-time="2026-05-03 09:23:21Z" end-time="2026-05-03 09:23:21Z" duration="0.061613" total="45" passed="45" failed="0" inconclusive="0" skipped="0" asserts="0">
              <properties />
              <test-case id="1471" name="Ability_NoLoSRequired_ReturnsValid_EvenWhenWallBlocks" fullname="Tests.Battle.LineOfSight.LineOfSightTests.Ability_NoLoSRequired_ReturnsValid_EvenWhenWallBlocks" methodname="Ability_NoLoSRequired_ReturnsValid_EvenWhenWallBlocks" classname="Tests.Battle.LineOfSight.LineOfSightTests" runstate="Runnable" seed="1252196440" result="Passed" start-time="2026-05-03 09:23:21Z" end-time="2026-05-03 09:23:21Z" duration="0.005902" asserts="0">
                <properties>
                  <property name="retryIteration" value="0" />
                  <property name="repeatIteration" value="0" />
                </properties>
              </test-case>
              <test-case id="1484" name="Ability_NoLoSRequired_WalkableOrObstacle_AlwaysValid" fullname="Tests.Battle.LineOfSight.LineOfSightTests.Ability_NoLoSRequired_WalkableOrObstacle_AlwaysValid" methodname="Ability_NoLoSRequired_WalkableOrObstacle_AlwaysValid" classname="Tests.Battle.LineOfSight.LineOfSightTests" runstate="Runnable" seed="1493189441" result="Passed" start-time="2026-05-03 09:23:21Z" end-time="2026-05-03 09:23:21Z" duration="0.001080" asserts="0">
                <properties>
                  <property name="retryIteration" value="0" />
                  <property name="repeatIteration" value="0" />
                </properties>
              </test-case>
              <test-case id="1475" name="Ability_RequiresLoS_DiagonalBlockedShot_ReturnsFalse" fullname="Tests.Battle.LineOfSight.LineOfSightTests.Ability_RequiresLoS_DiagonalBlockedShot_ReturnsFalse" methodname="Ability_RequiresLoS_DiagonalBlockedShot_ReturnsFalse" classname="Tests.Battle.LineOfSight.LineOfSightTests" runstate="Runnable" seed="33322316" result="Passed" start-time="2026-05-03 09:23:21Z" end-time="2026-05-03 09:23:21Z" duration="0.002547" asserts="0">
                <properties>
                  <property name="retryIteration" value="0" />
                  <property name="repeatIteration" value="0" />
                </properties>
              </test-case>
              <test-case id="1474" name="Ability_RequiresLoS_DiagonalClearShot_ReturnsValid" fullname="Tests.Battle.LineOfSight.LineOfSightTests.Ability_RequiresLoS_DiagonalClearShot_ReturnsValid" methodname="Ability_RequiresLoS_DiagonalClearShot_ReturnsValid" classname="Tests.Battle.LineOfSight.LineOfSightTests" runstate="Runnable" seed="1243907310" result="Passed" start-time="2026-05-03 09:23:21Z" end-time="2026-05-03 09:23:21Z" duration="0.001154" asserts="0">
                <properties>
                  <property name="retryIteration" value="0" />
                  <property name="repeatIteration" value="0" />
                </properties>
              </test-case>
              <test-case id="1473" name="Ability_RequiresLoS_MultipleWallsBlock_ReturnsFalse" fullname="Tests.Battle.LineOfSight.LineOfSightTests.Ability_RequiresLoS_MultipleWallsBlock_ReturnsFalse" methodname="Ability_RequiresLoS_MultipleWallsBlock_ReturnsFalse" classname="Tests.Battle.LineOfSight.LineOfSightTests" runstate="Runnable" seed="1447774201" result="Passed" start-time="2026-05-03 09:23:21Z" end-time="2026-05-03 09:23:21Z" duration="0.001116" asserts="0">
                <properties>
                  <property name="retryIteration" value="0" />
                  <property name="repeatIteration" value="0" />
                </properties>
              </test-case>
              <test-case id="1483" name="Ability_RequiresLoS_ObstacleWallBlocks_BothUnitsPlaced_ReturnsFalse" fullname="Tests.Battle.LineOfSight.LineOfSightTests.Ability_RequiresLoS_ObstacleWallBlocks_BothUnitsPlaced_ReturnsFalse" methodname="Ability_RequiresLoS_ObstacleWallBlocks_BothUnitsPlaced_ReturnsFalse" classname="Tests.Battle.LineOfSight.LineOfSightTests" runstate="Runnable" seed="1927588757" result="Passed" start-time="2026-05-03 09:23:21Z" end-time="2026-05-03 09:23:21Z" duration="0.001264" asserts="0">
                <properties>
                  <property name="retryIteration" value="0" />
                  <property name="repeatIteration" value="0" />
                </properties>
              </test-case>
              <test-case id="1469" name="Ability_RequiresLoS_ReturnsFalse_WhenWallBlocks" fullname="Tests.Battle.LineOfSight.LineOfSightTests.Ability_RequiresLoS_ReturnsFalse_WhenWallBlocks" methodname="Ability_RequiresLoS_ReturnsFalse_WhenWallBlocks" classname="Tests.Battle.LineOfSight.LineOfSightTests" runstate="Runnable" seed="1565142802" result="Passed" start-time="2026-05-03 09:23:21Z" end-time="2026-05-03 09:23:21Z" duration="0.001412" asserts="0">
                <properties>
                  <property name="retryIteration" value="0" />
                  <property name="repeatIteration" value="0" />
                </properties>
              </test-case>
              <test-case id="1470" name="Ability_RequiresLoS_ReturnsValid_WhenPathClear" fullname="Tests.Battle.LineOfSight.LineOfSightTests.Ability_RequiresLoS_ReturnsValid_WhenPathClear" methodname="Ability_RequiresLoS_ReturnsValid_WhenPathClear" classname="Tests.Battle.LineOfSight.LineOfSightTests" runstate="Runnable" seed="1095621857" result="Passed" start-time="2026-05-03 09:23:21Z" end-time="2026-05-03 09:23:21Z" duration="0.001028" asserts="0">
                <properties>
                  <property name="retryIteration" value="0" />
                  <property name="repeatIteration" value="0" />
                </properties>
              </test-case>
              <test-case id="1482" name="Ability_RequiresLoS_WalkablePath_BothUnitsPlaced_ReturnsValid" fullname="Tests.Battle.LineOfSight.LineOfSightTests.Ability_RequiresLoS_WalkablePath_BothUnitsPlaced_ReturnsValid" methodname="Ability_RequiresLoS_WalkablePath_BothUnitsPlaced_ReturnsValid" classname="Tests.Battle.LineOfSight.LineOfSightTests" runstate="Runnable" seed="1864702315" result="Passed" start-time="2026-05-03 09:23:21Z" end-time="2026-05-03 09:23:21Z" duration="0.000978" asserts="0">
                <properties>
                  <property name="retryIteration" value="0" />
                  <property name="repeatIteration" value="0" />
                </properties>
              </test-case>
              <test-case id="1472" name="Ability_RequiresLoS_WallBesidePath_ReturnsValid" fullname="Tests.Battle.LineOfSight.LineOfSightTests.Ability_RequiresLoS_WallBesidePath_ReturnsValid" methodname="Ability_RequiresLoS_WallBesidePath_ReturnsValid" classname="Tests.Battle.LineOfSight.LineOfSightTests" runstate="Runnable" seed="664635607" result="Passed" start-time="2026-05-03 09:23:21Z" end-time="2026-05-03 09:23:21Z" duration="0.000922" asserts="0">
                <properties>
                  <property name="retryIteration" value="0" />
                  <property name="repeatIteration" value="0" />
                </properties>
              </test-case>
              <test-case id="1485" name="Ability_RequiresLoS_WallBesideWalkablePath_ReturnsValid" fullname="Tests.Battle.LineOfSight.LineOfSightTests.Ability_RequiresLoS_WallBesideWalkablePath_ReturnsValid" methodname="Ability_RequiresLoS_WallBesideWalkablePath_ReturnsValid" classname="Tests.Battle.LineOfSight.LineOfSightTests" runstate="Runnable" seed="1227177376" result="Passed" start-time="2026-05-03 09:23:21Z" end-time="2026-05-03 09:23:21Z" duration="0.000901" asserts="0">
                <properties>
                  <property name="retryIteration" value="0" />
                  <property name="repeatIteration" value="0" />
                </properties>
              </test-case>
              <test-case id="1443" name="Adjacent_AlongXAxis_ReturnsTrue" fullname="Tests.Battle.LineOfSight.LineOfSightTests.Adjacent_AlongXAxis_ReturnsTrue" methodname="Adjacent_AlongXAxis_ReturnsTrue" classname="Tests.Battle.LineOfSight.LineOfSightTests" runstate="Runnable" seed="860987561" result="Passed" start-time="2026-05-03 09:23:21Z" end-time="2026-05-03 09:23:21Z" duration="0.000941" asserts="0">
                <properties>
                  <property name="retryIteration" value="0" />
                  <property name="repeatIteration" value="0" />
                </properties>
              </test-case>
              <test-case id="1442" name="Adjacent_AlongZAxis_ReturnsTrue" fullname="Tests.Battle.LineOfSight.LineOfSightTests.Adjacent_AlongZAxis_ReturnsTrue" methodname="Adjacent_AlongZAxis_ReturnsTrue" classname="Tests.Battle.LineOfSight.LineOfSightTests" runstate="Runnable" seed="1800909162" result="Passed" start-time="2026-05-03 09:23:21Z" end-time="2026-05-03 09:23:21Z" duration="0.000959" asserts="0">
                <properties>
                  <property name="retryIteration" value="0" />
                  <property name="repeatIteration" value="0" />
                </properties>
              </test-case>
              <test-case id="1444" name="Adjacent_Diagonal_ReturnsTrue" fullname="Tests.Battle.LineOfSight.LineOfSightTests.Adjacent_Diagonal_ReturnsTrue" methodname="Adjacent_Diagonal_ReturnsTrue" classname="Tests.Battle.LineOfSight.LineOfSightTests" runstate="Runnable" seed="945353126" result="Passed" start-time="2026-05-03 09:23:21Z" end-time="2026-05-03 09:23:21Z" duration="0.000865" asserts="0">
                <properties>
                  <property name="retryIteration" value="0" />
                  <property name="repeatIteration" value="0" />
                </properties>
              </test-case>
              <test-case id="1464" name="BothOutsideBoard_ReturnsFalse" fullname="Tests.Battle.LineOfSight.LineOfSightTests.BothOutsideBoard_ReturnsFalse" methodname="BothOutsideBoard_ReturnsFalse" classname="Tests.Battle.LineOfSight.LineOfSightTests" runstate="Runnable" seed="953675514" result="Passed" start-time="2026-05-03 09:23:21Z" end-time="2026-05-03 09:23:21Z" duration="0.000988" asserts="0">
                <properties>
                  <property name="retryIteration" value="0" />
                  <property name="repeatIteration" value="0" />
                </properties>
              </test-case>
              <test-case id="1446" name="LongClear_AlongXAxis_ReturnsTrue" fullname="Tests.Battle.LineOfSight.LineOfSightTests.LongClear_AlongXAxis_ReturnsTrue" methodname="LongClear_AlongXAxis_ReturnsTrue" classname="Tests.Battle.LineOfSight.LineOfSightTests" runstate="Runnable" seed="1287138854" result="Passed" start-time="2026-05-03 09:23:21Z" end-time="2026-05-03 09:23:21Z" duration="0.000832" asserts="0">
                <properties>
                  <property name="retryIteration" value="0" />
                  <property name="repeatIteration" value="0" />
                </properties>
              </test-case>
              <test-case id="1445" name="LongClear_AlongZAxis_ReturnsTrue" fullname="Tests.Battle.LineOfSight.LineOfSightTests.LongClear_AlongZAxis_ReturnsTrue" methodname="LongClear_AlongZAxis_ReturnsTrue" classname="Tests.Battle.LineOfSight.LineOfSightTests" runstate="Runnable" seed="957201694" result="Passed" start-time="2026-05-03 09:23:21Z" end-time="2026-05-03 09:23:21Z" duration="0.000801" asserts="0">
                <properties>
                  <property name="retryIteration" value="0" />
                  <property name="repeatIteration" value="0" />
                </properties>
              </test-case>
              <test-case id="1448" name="LongClear_ArbitraryAngle_ReturnsTrue" fullname="Tests.Battle.LineOfSight.LineOfSightTests.LongClear_ArbitraryAngle_ReturnsTrue" methodname="LongClear_ArbitraryAngle_ReturnsTrue" classname="Tests.Battle.LineOfSight.LineOfSightTests" runstate="Runnable" seed="1041632780" result="Passed" start-time="2026-05-03 09:23:21Z" end-time="2026-05-03 09:23:21Z" duration="0.000912" asserts="0">
                <properties>
                  <property name="retryIteration" value="0" />
                  <property name="repeatIteration" value="0" />
                </properties>
              </test-case>
              <test-case id="1447" name="LongClear_Diagonal_ReturnsTrue" fullname="Tests.Battle.LineOfSight.LineOfSightTests.LongClear_Diagonal_ReturnsTrue" methodname="LongClear_Diagonal_ReturnsTrue" classname="Tests.Battle.LineOfSight.LineOfSightTests" runstate="Runnable" seed="333301553" result="Passed" start-time="2026-05-03 09:23:21Z" end-time="2026-05-03 09:23:21Z" duration="0.001434" asserts="0">
                <properties>
                  <property name="retryIteration" value="0" />
                  <property name="repeatIteration" value="0" />
                </properties>
              </test-case>
              <test-case id="1466" name="LoS_IsSymmetric_WhenBlocked" fullname="Tests.Battle.LineOfSight.LineOfSightTests.LoS_IsSymmetric_WhenBlocked" methodname="LoS_IsSymmetric_WhenBlocked" classname="Tests.Battle.LineOfSight.LineOfSightTests" runstate="Runnable" seed="1454752401" result="Passed" start-time="2026-05-03 09:23:21Z" end-time="2026-05-03 09:23:21Z" duration="0.001733" asserts="0">
                <properties>
                  <property name="retryIteration" value="0" />
                  <property name="repeatIteration" value="0" />
                </properties>
              </test-case>
              <test-case id="1465" name="LoS_IsSymmetric_WhenClear" fullname="Tests.Battle.LineOfSight.LineOfSightTests.LoS_IsSymmetric_WhenClear" methodname="LoS_IsSymmetric_WhenClear" classname="Tests.Battle.LineOfSight.LineOfSightTests" runstate="Runnable" seed="1489413469" result="Passed" start-time="2026-05-03 09:23:21Z" end-time="2026-05-03 09:23:21Z" duration="0.001017" asserts="0">
                <properties>
                  <property name="retryIteration" value="0" />
                  <property name="repeatIteration" value="0" />
                </properties>
              </test-case>
              <test-case id="1467" name="LShapedObstacle_ShotAroundIt_ReturnsTrue" fullname="Tests.Battle.LineOfSight.LineOfSightTests.LShapedObstacle_ShotAroundIt_ReturnsTrue" methodname="LShapedObstacle_ShotAroundIt_ReturnsTrue" classname="Tests.Battle.LineOfSight.LineOfSightTests" runstate="Runnable" seed="78415899" result="Passed" start-time="2026-05-03 09:23:21Z" end-time="2026-05-03 09:23:21Z" duration="0.001025" asserts="0">
                <properties>
                  <property name="retryIteration" value="0" />
                  <property name="repeatIteration" value="0" />
                </properties>
              </test-case>
              <test-case id="1468" name="LShapedObstacle_ShotThroughIt_ReturnsFalse" fullname="Tests.Battle.LineOfSight.LineOfSightTests.LShapedObstacle_ShotThroughIt_ReturnsFalse" methodname="LShapedObstacle_ShotThroughIt_ReturnsFalse" classname="Tests.Battle.LineOfSight.LineOfSightTests" runstate="Runnable" seed="1898699124" result="Passed" start-time="2026-05-03 09:23:21Z" end-time="2026-05-03 09:23:21Z" duration="0.000854" asserts="0">
                <properties>
                  <property name="retryIteration" value="0" />
                  <property name="repeatIteration" value="0" />
                </properties>
              </test-case>
              <test-case id="1457" name="MultipleWalls_AllOnPath_ReturnsFalse" fullname="Tests.Battle.LineOfSight.LineOfSightTests.MultipleWalls_AllOnPath_ReturnsFalse" methodname="MultipleWalls_AllOnPath_ReturnsFalse" classname="Tests.Battle.LineOfSight.LineOfSightTests" runstate="Runnable" seed="1764528994" result="Passed" start-time="2026-05-03 09:23:21Z" end-time="2026-05-03 09:23:21Z" duration="0.000838" asserts="0">
                <properties>
                  <property name="retryIteration" value="0" />
                  <property name="repeatIteration" value="0" />
                </properties>
              </test-case>
              <test-case id="1459" name="MultipleWalls_NoneOnPath_ReturnsTrue" fullname="Tests.Battle.LineOfSight.LineOfSightTests.MultipleWalls_NoneOnPath_ReturnsTrue" methodname="MultipleWalls_NoneOnPath_ReturnsTrue" classname="Tests.Battle.LineOfSight.LineOfSightTests" runstate="Runnable" seed="79573385" result="Passed" start-time="2026-05-03 09:23:21Z" end-time="2026-05-03 09:23:21Z" duration="0.000821" asserts="0">
                <properties>
                  <property name="retryIteration" value="0" />
                  <property name="repeatIteration" value="0" />
                </properties>
              </test-case>
              <test-case id="1458" name="MultipleWalls_OnlyOneOnPath_ReturnsFalse" fullname="Tests.Battle.LineOfSight.LineOfSightTests.MultipleWalls_OnlyOneOnPath_ReturnsFalse" methodname="MultipleWalls_OnlyOneOnPath_ReturnsFalse" classname="Tests.Battle.LineOfSight.LineOfSightTests" runstate="Runnable" seed="889820840" result="Passed" start-time="2026-05-03 09:23:21Z" end-time="2026-05-03 09:23:21Z" duration="0.000820" asserts="0">
                <properties>
                  <property name="retryIteration" value="0" />
                  <property name="repeatIteration" value="0" />
                </properties>
              </test-case>
              <test-case id="1477" name="ObstacleWall_OnPath_BlocksLoS_WhileWalkableDoesNot" fullname="Tests.Battle.LineOfSight.LineOfSightTests.ObstacleWall_OnPath_BlocksLoS_WhileWalkableDoesNot" methodname="ObstacleWall_OnPath_BlocksLoS_WhileWalkableDoesNot" classname="Tests.Battle.LineOfSight.LineOfSightTests" runstate="Runnable" seed="256630088" result="Passed" start-time="2026-05-03 09:23:21Z" end-time="2026-05-03 09:23:21Z" duration="0.000857" asserts="0">
                <properties>
                  <property name="retryIteration" value="0" />
                  <property name="repeatIteration" value="0" />
                </properties>
              </test-case>
              <test-case id="1481" name="PlaceUnit_Fails_WhenStandingSpaceIsBlockedByObstacle" fullname="Tests.Battle.LineOfSight.LineOfSightTests.PlaceUnit_Fails_WhenStandingSpaceIsBlockedByObstacle" methodname="PlaceUnit_Fails_WhenStandingSpaceIsBlockedByObstacle" classname="Tests.Battle.LineOfSight.LineOfSightTests" runstate="Runnable" seed="1670688924" result="Passed" start-time="2026-05-03 09:23:21Z" end-time="2026-05-03 09:23:21Z" duration="0.001025" asserts="0">
                <properties>
                  <property name="retryIteration" value="0" />
                  <property name="repeatIteration" value="0" />
                </properties>
              </test-case>
              <test-case id="1480" name="PlaceUnit_Succeeds_OnWalkableCell" fullname="Tests.Battle.LineOfSight.LineOfSightTests.PlaceUnit_Succeeds_OnWalkableCell" methodname="PlaceUnit_Succeeds_OnWalkableCell" classname="Tests.Battle.LineOfSight.LineOfSightTests" runstate="Runnable" seed="629974188" result="Passed" start-time="2026-05-03 09:23:21Z" end-time="2026-05-03 09:23:21Z" duration="0.000881" asserts="0">
                <properties>
                  <property name="retryIteration" value="0" />
                  <property name="repeatIteration" value="0" />
                </properties>
              </test-case>
              <test-case id="1441" name="SameCell_ReturnsTrue" fullname="Tests.Battle.LineOfSight.LineOfSightTests.SameCell_ReturnsTrue" methodname="SameCell_ReturnsTrue" classname="Tests.Battle.LineOfSight.LineOfSightTests" runstate="Runnable" seed="1948004466" result="Passed" start-time="2026-05-03 09:23:21Z" end-time="2026-05-03 09:23:21Z" duration="0.000888" asserts="0">
                <properties>
                  <property name="retryIteration" value="0" />
                  <property name="repeatIteration" value="0" />
                </properties>
              </test-case>
              <test-case id="1451" name="SingleWall_BlocksDiagonalShot_ReturnsFalse" fullname="Tests.Battle.LineOfSight.LineOfSightTests.SingleWall_BlocksDiagonalShot_ReturnsFalse" methodname="SingleWall_BlocksDiagonalShot_ReturnsFalse" classname="Tests.Battle.LineOfSight.LineOfSightTests" runstate="Runnable" seed="1545687503" result="Passed" start-time="2026-05-03 09:23:21Z" end-time="2026-05-03 09:23:21Z" duration="0.000840" asserts="0">
                <properties>
                  <property name="retryIteration" value="0" />
                  <property name="repeatIteration" value="0" />
                </properties>
              </test-case>
              <test-case id="1450" name="SingleWall_BlocksXAxisShot_ReturnsFalse" fullname="Tests.Battle.LineOfSight.LineOfSightTests.SingleWall_BlocksXAxisShot_ReturnsFalse" methodname="SingleWall_BlocksXAxisShot_ReturnsFalse" classname="Tests.Battle.LineOfSight.LineOfSightTests" runstate="Runnable" seed="1418613166" result="Passed" start-time="2026-05-03 09:23:21Z" end-time="2026-05-03 09:23:21Z" duration="0.000849" asserts="0">
                <properties>
                  <property name="retryIteration" value="0" />
                  <property name="repeatIteration" value="0" />
                </properties>
              </test-case>
              <test-case id="1449" name="SingleWall_BlocksZAxisShot_ReturnsFalse" fullname="Tests.Battle.LineOfSight.LineOfSightTests.SingleWall_BlocksZAxisShot_ReturnsFalse" methodname="SingleWall_BlocksZAxisShot_ReturnsFalse" classname="Tests.Battle.LineOfSight.LineOfSightTests" runstate="Runnable" seed="1805797140" result="Passed" start-time="2026-05-03 09:23:21Z" end-time="2026-05-03 09:23:21Z" duration="0.000846" asserts="0">
                <properties>
                  <property name="retryIteration" value="0" />
                  <property name="repeatIteration" value="0" />
                </properties>
              </test-case>
              <test-case id="1462" name="SourceOutsideBoard_ReturnsFalse" fullname="Tests.Battle.LineOfSight.LineOfSightTests.SourceOutsideBoard_ReturnsFalse" methodname="SourceOutsideBoard_ReturnsFalse" classname="Tests.Battle.LineOfSight.LineOfSightTests" runstate="Runnable" seed="202146120" result="Passed" start-time="2026-05-03 09:23:21Z" end-time="2026-05-03 09:23:21Z" duration="0.000957" asserts="0">
                <properties>
                  <property name="retryIteration" value="0" />
                  <property name="repeatIteration" value="0" />
                </properties>
              </test-case>
              <test-case id="1463" name="TargetOutsideBoard_ReturnsFalse" fullname="Tests.Battle.LineOfSight.LineOfSightTests.TargetOutsideBoard_ReturnsFalse" methodname="TargetOutsideBoard_ReturnsFalse" classname="Tests.Battle.LineOfSight.LineOfSightTests" runstate="Runnable" seed="581436657" result="Passed" start-time="2026-05-03 09:23:21Z" end-time="2026-05-03 09:23:21Z" duration="0.001664" asserts="0">
                <properties>
                  <property name="retryIteration" value="0" />
                  <property name="repeatIteration" value="0" />
                </properties>
              </test-case>
              <test-case id="1476" name="WalkableVoxel_OnPath_DoesNotBlockLoS" fullname="Tests.Battle.LineOfSight.LineOfSightTests.WalkableVoxel_OnPath_DoesNotBlockLoS" methodname="WalkableVoxel_OnPath_DoesNotBlockLoS" classname="Tests.Battle.LineOfSight.LineOfSightTests" runstate="Runnable" seed="385308696" result="Passed" start-time="2026-05-03 09:23:21Z" end-time="2026-05-03 09:23:21Z" duration="0.001020" asserts="0">
                <properties>
                  <property name="retryIteration" value="0" />
                  <property name="repeatIteration" value="0" />
                </properties>
              </test-case>
              <test-case id="1478" name="WalkableVoxels_FullBoard_LongDiagonalClear" fullname="Tests.Battle.LineOfSight.LineOfSightTests.WalkableVoxels_FullBoard_LongDiagonalClear" methodname="WalkableVoxels_FullBoard_LongDiagonalClear" classname="Tests.Battle.LineOfSight.LineOfSightTests" runstate="Runnable" seed="1060599924" result="Passed" start-time="2026-05-03 09:23:21Z" end-time="2026-05-03 09:23:21Z" duration="0.001022" asserts="0">
                <properties>
                  <property name="retryIteration" value="0" />
                  <property name="repeatIteration" value="0" />
                </properties>
              </test-case>
              <test-case id="1479" name="WalkableVoxels_ReplacedByObstacle_BlocksOnlyThatCell" fullname="Tests.Battle.LineOfSight.LineOfSightTests.WalkableVoxels_ReplacedByObstacle_BlocksOnlyThatCell" methodname="WalkableVoxels_ReplacedByObstacle_BlocksOnlyThatCell" classname="Tests.Battle.LineOfSight.LineOfSightTests" runstate="Runnable" seed="1850909264" result="Passed" start-time="2026-05-03 09:23:21Z" end-time="2026-05-03 09:23:21Z" duration="0.000962" asserts="0">
                <properties>
                  <property name="retryIteration" value="0" />
                  <property name="repeatIteration" value="0" />
                </properties>
              </test-case>
              <test-case id="1453" name="WallAdjacentToSource_DoesNotBlockShot_ReturnsTrue" fullname="Tests.Battle.LineOfSight.LineOfSightTests.WallAdjacentToSource_DoesNotBlockShot_ReturnsTrue" methodname="WallAdjacentToSource_DoesNotBlockShot_ReturnsTrue" classname="Tests.Battle.LineOfSight.LineOfSightTests" runstate="Runnable" seed="1287452879" result="Passed" start-time="2026-05-03 09:23:21Z" end-time="2026-05-03 09:23:21Z" duration="0.000952" asserts="0">
                <properties>
                  <property name="retryIteration" value="0" />
                  <property name="repeatIteration" value="0" />
                </properties>
              </test-case>
              <test-case id="1454" name="WallAdjacentToTarget_DoesNotBlockShot_ReturnsTrue" fullname="Tests.Battle.LineOfSight.LineOfSightTests.WallAdjacentToTarget_DoesNotBlockShot_ReturnsTrue" methodname="WallAdjacentToTarget_DoesNotBlockShot_ReturnsTrue" classname="Tests.Battle.LineOfSight.LineOfSightTests" runstate="Runnable" seed="1837677456" result="Passed" start-time="2026-05-03 09:23:21Z" end-time="2026-05-03 09:23:21Z" duration="0.000852" asserts="0">
                <properties>
                  <property name="retryIteration" value="0" />
                  <property name="repeatIteration" value="0" />
                </properties>
              </test-case>
              <test-case id="1455" name="WallAtSourceCell_IsIgnored_ReturnsTrue" fullname="Tests.Battle.LineOfSight.LineOfSightTests.WallAtSourceCell_IsIgnored_ReturnsTrue" methodname="WallAtSourceCell_IsIgnored_ReturnsTrue" classname="Tests.Battle.LineOfSight.LineOfSightTests" runstate="Runnable" seed="219627004" result="Passed" start-time="2026-05-03 09:23:21Z" end-time="2026-05-03 09:23:21Z" duration="0.000841" asserts="0">
                <properties>
                  <property name="retryIteration" value="0" />
                  <property name="repeatIteration" value="0" />
                </properties>
              </test-case>
              <test-case id="1456" name="WallAtTargetCell_IsIgnored_ReturnsTrue" fullname="Tests.Battle.LineOfSight.LineOfSightTests.WallAtTargetCell_IsIgnored_ReturnsTrue" methodname="WallAtTargetCell_IsIgnored_ReturnsTrue" classname="Tests.Battle.LineOfSight.LineOfSightTests" runstate="Runnable" seed="1148865381" result="Passed" start-time="2026-05-03 09:23:21Z" end-time="2026-05-03 09:23:21Z" duration="0.000968" asserts="0">
                <properties>
                  <property name="retryIteration" value="0" />
                  <property name="repeatIteration" value="0" />
                </properties>
              </test-case>
              <test-case id="1452" name="WallBesidePath_DoesNotBlockShot_ReturnsTrue" fullname="Tests.Battle.LineOfSight.LineOfSightTests.WallBesidePath_DoesNotBlockShot_ReturnsTrue" methodname="WallBesidePath_DoesNotBlockShot_ReturnsTrue" classname="Tests.Battle.LineOfSight.LineOfSightTests" runstate="Runnable" seed="1520093473" result="Passed" start-time="2026-05-03 09:23:21Z" end-time="2026-05-03 09:23:21Z" duration="0.000828" asserts="0">
                <properties>
                  <property name="retryIteration" value="0" />
                  <property name="repeatIteration" value="0" />
                </properties>
              </test-case>
              <test-case id="1461" name="WallWithGap_LoSBlockedElsewhere_ReturnsFalse" fullname="Tests.Battle.LineOfSight.LineOfSightTests.WallWithGap_LoSBlockedElsewhere_ReturnsFalse" methodname="WallWithGap_LoSBlockedElsewhere_ReturnsFalse" classname="Tests.Battle.LineOfSight.LineOfSightTests" runstate="Runnable" seed="898006164" result="Passed" start-time="2026-05-03 09:23:21Z" end-time="2026-05-03 09:23:21Z" duration="0.001069" asserts="0">
                <properties>
                  <property name="retryIteration" value="0" />
                  <property name="repeatIteration" value="0" />
                </properties>
              </test-case>
              <test-case id="1460" name="WallWithGap_LoSThroughGap_ReturnsTrue" fullname="Tests.Battle.LineOfSight.LineOfSightTests.WallWithGap_LoSThroughGap_ReturnsTrue" methodname="WallWithGap_LoSThroughGap_ReturnsTrue" classname="Tests.Battle.LineOfSight.LineOfSightTests" runstate="Runnable" seed="365320692" result="Passed" start-time="2026-05-03 09:23:21Z" end-time="2026-05-03 09:23:21Z" duration="0.000801" asserts="0">
                <properties>
                  <property name="retryIteration" value="0" />
                  <property name="repeatIteration" value="0" />
                </properties>
              </test-case>
            </test-suite>
          </test-suite>
          <test-suite type="TestSuite" id="1538" name="Navigation" fullname="Tests.Battle.Navigation" runstate="Runnable" testcasecount="22" result="Passed" start-time="2026-05-03 09:23:21Z" end-time="2026-05-03 09:23:21Z" duration="0.031872" total="22" passed="22" failed="0" inconclusive="0" skipped="0" asserts="0">
            <properties />
            <test-suite type="TestFixture" id="1415" name="NavGraphTests" fullname="Tests.Battle.Navigation.NavGraphTests" classname="Tests.Battle.Navigation.NavGraphTests" runstate="Runnable" testcasecount="22" result="Passed" start-time="2026-05-03 09:23:21Z" end-time="2026-05-03 09:23:21Z" duration="0.028111" total="22" passed="22" failed="0" inconclusive="0" skipped="0" asserts="0">
              <properties />
              <test-case id="1436" name="BoardNavigationLayer_IsNotStandable_WhereWalled" fullname="Tests.Battle.Navigation.NavGraphTests.BoardNavigationLayer_IsNotStandable_WhereWalled" methodname="BoardNavigationLayer_IsNotStandable_WhereWalled" classname="Tests.Battle.Navigation.NavGraphTests" runstate="Runnable" seed="30299458" result="Passed" start-time="2026-05-03 09:23:21Z" end-time="2026-05-03 09:23:21Z" duration="0.003304" asserts="0">
                <properties>
                  <property name="retryIteration" value="0" />
                  <property name="repeatIteration" value="0" />
                </properties>
              </test-case>
              <test-case id="1435" name="BoardNavigationLayer_IsStandable_AfterBuild" fullname="Tests.Battle.Navigation.NavGraphTests.BoardNavigationLayer_IsStandable_AfterBuild" methodname="BoardNavigationLayer_IsStandable_AfterBuild" classname="Tests.Battle.Navigation.NavGraphTests" runstate="Runnable" seed="1226439430" result="Passed" start-time="2026-05-03 09:23:21Z" end-time="2026-05-03 09:23:21Z" duration="0.000708" asserts="0">
                <properties>
                  <property name="retryIteration" value="0" />
                  <property name="repeatIteration" value="0" />
                </properties>
              </test-case>
              <test-case id="1437" name="BoardNavigationLayer_PublicGraphProperty_ExposesInjectedNodes" fullname="Tests.Battle.Navigation.NavGraphTests.BoardNavigationLayer_PublicGraphProperty_ExposesInjectedNodes" methodname="BoardNavigationLayer_PublicGraphProperty_ExposesInjectedNodes" classname="Tests.Battle.Navigation.NavGraphTests" runstate="Runnable" seed="1149066595" result="Passed" start-time="2026-05-03 09:23:21Z" end-time="2026-05-03 09:23:21Z" duration="0.000589" asserts="0">
                <properties>
                  <property name="retryIteration" value="0" />
                  <property name="repeatIteration" value="0" />
                </properties>
              </test-case>
              <test-case id="1433" name="CreateNode_OutsideGraph_ThrowsArgumentOutOfRange" fullname="Tests.Battle.Navigation.NavGraphTests.CreateNode_OutsideGraph_ThrowsArgumentOutOfRange" methodname="CreateNode_OutsideGraph_ThrowsArgumentOutOfRange" classname="Tests.Battle.Navigation.NavGraphTests" runstate="Runnable" seed="294376446" result="Passed" start-time="2026-05-03 09:23:21Z" end-time="2026-05-03 09:23:21Z" duration="0.001517" asserts="0">
                <properties>
                  <property name="retryIteration" value="0" />
                  <property name="repeatIteration" value="0" />
                </properties>
              </test-case>
              <test-case id="1432" name="CreateNode_Twice_ReturnsSameNode" fullname="Tests.Battle.Navigation.NavGraphTests.CreateNode_Twice_ReturnsSameNode" methodname="CreateNode_Twice_ReturnsSameNode" classname="Tests.Battle.Navigation.NavGraphTests" runstate="Runnable" seed="756452469" result="Passed" start-time="2026-05-03 09:23:21Z" end-time="2026-05-03 09:23:21Z" duration="0.000975" asserts="0">
                <properties>
                  <property name="retryIteration" value="0" />
                  <property name="repeatIteration" value="0" />
                </properties>
              </test-case>
              <test-case id="1417" name="EmptyBoard_CreatesNoNodes" fullname="Tests.Battle.Navigation.NavGraphTests.EmptyBoard_CreatesNoNodes" methodname="EmptyBoard_CreatesNoNodes" classname="Tests.Battle.Navigation.NavGraphTests" runstate="Runnable" seed="993957099" result="Passed" start-time="2026-05-03 09:23:21Z" end-time="2026-05-03 09:23:21Z" duration="0.000455" asserts="0">
                <properties>
                  <property name="retryIteration" value="0" />
                  <property name="repeatIteration" value="0" />
                </properties>
              </test-case>
              <test-case id="1423" name="FlatBoard_AdjacentNodes_AreLinked" fullname="Tests.Battle.Navigation.NavGraphTests.FlatBoard_AdjacentNodes_AreLinked" methodname="FlatBoard_AdjacentNodes_AreLinked" classname="Tests.Battle.Navigation.NavGraphTests" runstate="Runnable" seed="2004349241" result="Passed" start-time="2026-05-03 09:23:21Z" end-time="2026-05-03 09:23:21Z" duration="0.000537" asserts="0">
                <properties>
                  <property name="retryIteration" value="0" />
                  <property name="repeatIteration" value="0" />
                </properties>
              </test-case>
              <test-case id="1424" name="FlatBoard_CornerNode_HasTwoNeighbours" fullname="Tests.Battle.Navigation.NavGraphTests.FlatBoard_CornerNode_HasTwoNeighbours" methodname="FlatBoard_CornerNode_HasTwoNeighbours" classname="Tests.Battle.Navigation.NavGraphTests" runstate="Runnable" seed="1394143234" result="Passed" start-time="2026-05-03 09:23:21Z" end-time="2026-05-03 09:23:21Z" duration="0.000515" asserts="0">
                <properties>
                  <property name="retryIteration" value="0" />
                  <property name="repeatIteration" value="0" />
                </properties>
              </test-case>
              <test-case id="1416" name="FlatBoard_CreatesOneNodePerCell_AtFloorY" fullname="Tests.Battle.Navigation.NavGraphTests.FlatBoard_CreatesOneNodePerCell_AtFloorY" methodname="FlatBoard_CreatesOneNodePerCell_AtFloorY" classname="Tests.Battle.Navigation.NavGraphTests" runstate="Runnable" seed="526081116" result="Passed" start-time="2026-05-03 09:23:21Z" end-time="2026-05-03 09:23:21Z" duration="0.000557" asserts="0">
                <properties>
                  <property name="retryIteration" value="0" />
                  <property name="repeatIteration" value="0" />
                </properties>
              </test-case>
              <test-case id="1425" name="FlatBoard_EdgeNode_HasThreeNeighbours" fullname="Tests.Battle.Navigation.NavGraphTests.FlatBoard_EdgeNode_HasThreeNeighbours" methodname="FlatBoard_EdgeNode_HasThreeNeighbours" classname="Tests.Battle.Navigation.NavGraphTests" runstate="Runnable" seed="397276935" result="Passed" start-time="2026-05-03 09:23:21Z" end-time="2026-05-03 09:23:21Z" duration="0.000447" asserts="0">
                <properties>
                  <property name="retryIteration" value="0" />
                  <property name="repeatIteration" value="0" />
                </properties>
              </test-case>
              <test-case id="1428" name="IslandBoard_NodesAreIsolated_WhenSurroundedByWalls" fullname="Tests.Battle.Navigation.NavGraphTests.IslandBoard_NodesAreIsolated_WhenSurroundedByWalls" methodname="IslandBoard_NodesAreIsolated_WhenSurroundedByWalls" classname="Tests.Battle.Navigation.NavGraphTests" runstate="Runnable" seed="1519868553" result="Passed" start-time="2026-05-03 09:23:21Z" end-time="2026-05-03 09:23:21Z" duration="0.000534" asserts="0">
                <properties>
                  <property name="retryIteration" value="0" />
                  <property name="repeatIteration" value="0" />
                </properties>
              </test-case>
              <test-case id="1431" name="ManuallyCreatedNode_IsReachable_ViaContainsNode" fullname="Tests.Battle.Navigation.NavGraphTests.ManuallyCreatedNode_IsReachable_ViaContainsNode" methodname="ManuallyCreatedNode_IsReachable_ViaContainsNode" classname="Tests.Battle.Navigation.NavGraphTests" runstate="Runnable" seed="1815727453" result="Passed" start-time="2026-05-03 09:23:21Z" end-time="2026-05-03 09:23:21Z" duration="0.004283" asserts="0">
                <properties>
                  <property name="retryIteration" value="0" />
                  <property name="repeatIteration" value="0" />
                </properties>
              </test-case>
              <test-case id="1434" name="ManuallyInjectedNode_IsReturnedByTryGetNode" fullname="Tests.Battle.Navigation.NavGraphTests.ManuallyInjectedNode_IsReturnedByTryGetNode" methodname="ManuallyInjectedNode_IsReturnedByTryGetNode" classname="Tests.Battle.Navigation.NavGraphTests" runstate="Runnable" seed="2066598954" result="Passed" start-time="2026-05-03 09:23:21Z" end-time="2026-05-03 09:23:21Z" duration="0.001213" asserts="0">
                <properties>
                  <property name="retryIteration" value="0" />
                  <property name="repeatIteration" value="0" />
                </properties>
              </test-case>
              <test-case id="1426" name="NeighbourConnection_IsSymmetric" fullname="Tests.Battle.Navigation.NavGraphTests.NeighbourConnection_IsSymmetric" methodname="NeighbourConnection_IsSymmetric" classname="Tests.Battle.Navigation.NavGraphTests" runstate="Runnable" seed="1773267963" result="Passed" start-time="2026-05-03 09:23:21Z" end-time="2026-05-03 09:23:21Z" duration="0.000527" asserts="0">
                <properties>
                  <property name="retryIteration" value="0" />
                  <property name="repeatIteration" value="0" />
                </properties>
              </test-case>
              <test-case id="1422" name="NodeAtEachValidCell_WithMixedHeights" fullname="Tests.Battle.Navigation.NavGraphTests.NodeAtEachValidCell_WithMixedHeights" methodname="NodeAtEachValidCell_WithMixedHeights" classname="Tests.Battle.Navigation.NavGraphTests" runstate="Runnable" seed="1168982324" result="Passed" start-time="2026-05-03 09:23:21Z" end-time="2026-05-03 09:23:21Z" duration="0.000972" asserts="0">
                <properties>
                  <property name="retryIteration" value="0" />
                  <property name="repeatIteration" value="0" />
                </properties>
              </test-case>
              <test-case id="1418" name="NullRegistry_CreatesNoNodes" fullname="Tests.Battle.Navigation.NavGraphTests.NullRegistry_CreatesNoNodes" methodname="NullRegistry_CreatesNoNodes" classname="Tests.Battle.Navigation.NavGraphTests" runstate="Runnable" seed="119164844" result="Passed" start-time="2026-05-03 09:23:21Z" end-time="2026-05-03 09:23:21Z" duration="0.000488" asserts="0">
                <properties>
                  <property name="retryIteration" value="0" />
                  <property name="repeatIteration" value="0" />
                </properties>
              </test-case>
              <test-case id="1421" name="OnlyFloorWithNoSpaceAbove_CreatesNoNodes" fullname="Tests.Battle.Navigation.NavGraphTests.OnlyFloorWithNoSpaceAbove_CreatesNoNodes" methodname="OnlyFloorWithNoSpaceAbove_CreatesNoNodes" classname="Tests.Battle.Navigation.NavGraphTests" runstate="Runnable" seed="587307085" result="Passed" start-time="2026-05-03 09:23:21Z" end-time="2026-05-03 09:23:21Z" duration="0.000505" asserts="0">
                <properties>
                  <property name="retryIteration" value="0" />
                  <property name="repeatIteration" value="0" />
                </properties>
              </test-case>
              <test-case id="1420" name="WalkableVoxelAboveFloor_DoesNotBlockNode" fullname="Tests.Battle.Navigation.NavGraphTests.WalkableVoxelAboveFloor_DoesNotBlockNode" methodname="WalkableVoxelAboveFloor_DoesNotBlockNode" classname="Tests.Battle.Navigation.NavGraphTests" runstate="Runnable" seed="1352723844" result="Passed" start-time="2026-05-03 09:23:21Z" end-time="2026-05-03 09:23:21Z" duration="0.000637" asserts="0">
                <properties>
                  <property name="retryIteration" value="0" />
                  <property name="repeatIteration" value="0" />
                </properties>
              </test-case>
              <test-case id="1429" name="WalkableVoxelAtStandingLevel_DoesNotAppearAsNode" fullname="Tests.Battle.Navigation.NavGraphTests.WalkableVoxelAtStandingLevel_DoesNotAppearAsNode" methodname="WalkableVoxelAtStandingLevel_DoesNotAppearAsNode" classname="Tests.Battle.Navigation.NavGraphTests" runstate="Runnable" seed="522210571" result="Passed" start-time="2026-05-03 09:23:21Z" end-time="2026-05-03 09:23:21Z" duration="0.000959" asserts="0">
                <properties>
                  <property name="retryIteration" value="0" />
                  <property name="repeatIteration" value="0" />
                </properties>
              </test-case>
              <test-case id="1430" name="WalkableVoxelAtY1_NeighboursAreStillConnected" fullname="Tests.Battle.Navigation.NavGraphTests.WalkableVoxelAtY1_NeighboursAreStillConnected" methodname="WalkableVoxelAtY1_NeighboursAreStillConnected" classname="Tests.Battle.Navigation.NavGraphTests" runstate="Runnable" seed="2052646685" result="Passed" start-time="2026-05-03 09:23:21Z" end-time="2026-05-03 09:23:21Z" duration="0.000684" asserts="0">
                <properties>
                  <property name="retryIteration" value="0" />
                  <property name="repeatIteration" value="0" />
                </properties>
              </test-case>
              <test-case id="1419" name="WallAboveFloor_BlocksNodeAtThatCell" fullname="Tests.Battle.Navigation.NavGraphTests.WallAboveFloor_BlocksNodeAtThatCell" methodname="WallAboveFloor_BlocksNodeAtThatCell" classname="Tests.Battle.Navigation.NavGraphTests" runstate="Runnable" seed="777783371" result="Passed" start-time="2026-05-03 09:23:21Z" end-time="2026-05-03 09:23:21Z" duration="0.000630" asserts="0">
                <properties>
                  <property name="retryIteration" value="0" />
                  <property name="repeatIteration" value="0" />
                </properties>
              </test-case>
              <test-case id="1427" name="WallBetweenTwoNodes_DisconnectsThem" fullname="Tests.Battle.Navigation.NavGraphTests.WallBetweenTwoNodes_DisconnectsThem" methodname="WallBetweenTwoNodes_DisconnectsThem" classname="Tests.Battle.Navigation.NavGraphTests" runstate="Runnable" seed="95231644" result="Passed" start-time="2026-05-03 09:23:21Z" end-time="2026-05-03 09:23:21Z" duration="0.000918" asserts="0">
                <properties>
                  <property name="retryIteration" value="0" />
                  <property name="repeatIteration" value="0" />
                </properties>
              </test-case>
            </test-suite>
          </test-suite>
          <test-suite type="TestSuite" id="1529" name="Phases" fullname="Tests.Battle.Phases" runstate="Runnable" testcasecount="60" result="Passed" start-time="2026-05-03 09:23:21Z" end-time="2026-05-03 09:23:21Z" duration="0.190024" total="60" passed="60" failed="0" inconclusive="0" skipped="0" asserts="0">
            <properties />
            <test-suite type="TestSuite" id="1537" name="End" fullname="Tests.Battle.Phases.End" runstate="Runnable" testcasecount="1" result="Passed" start-time="2026-05-03 09:23:21Z" end-time="2026-05-03 09:23:21Z" duration="0.002999" total="1" passed="1" failed="0" inconclusive="0" skipped="0" asserts="0">
              <properties />
              <test-suite type="TestFixture" id="1413" name="EndPhaseTests" fullname="Tests.Battle.Phases.End.EndPhaseTests" classname="Tests.Battle.Phases.End.EndPhaseTests" runstate="Runnable" testcasecount="1" result="Passed" start-time="2026-05-03 09:23:21Z" end-time="2026-05-03 09:23:21Z" duration="0.002267" total="1" passed="1" failed="0" inconclusive="0" skipped="0" asserts="0">
                <properties />
                <test-case id="1414" name="Enter_EmitsBattleEndedOutcome" fullname="Tests.Battle.Phases.End.EndPhaseTests.Enter_EmitsBattleEndedOutcome" methodname="Enter_EmitsBattleEndedOutcome" classname="Tests.Battle.Phases.End.EndPhaseTests" runstate="Runnable" seed="1695806588" result="Passed" start-time="2026-05-03 09:23:21Z" end-time="2026-05-03 09:23:21Z" duration="0.001195" asserts="0">
                  <properties>
                    <property name="retryIteration" value="0" />
                    <property name="repeatIteration" value="0" />
                  </properties>
                </test-case>
              </test-suite>
            </test-suite>
            <test-suite type="TestSuite" id="1536" name="EnemyTurn" fullname="Tests.Battle.Phases.EnemyTurn" runstate="Runnable" testcasecount="3" result="Passed" start-time="2026-05-03 09:23:21Z" end-time="2026-05-03 09:23:21Z" duration="0.010344" total="3" passed="3" failed="0" inconclusive="0" skipped="0" asserts="0">
              <properties />
              <test-suite type="TestFixture" id="1409" name="EnemyTurnPhaseTests" fullname="Tests.Battle.Phases.EnemyTurn.EnemyTurnPhaseTests" classname="Tests.Battle.Phases.EnemyTurn.EnemyTurnPhaseTests" runstate="Runnable" testcasecount="3" result="Passed" start-time="2026-05-03 09:23:21Z" end-time="2026-05-03 09:23:21Z" duration="0.006890" total="3" passed="3" failed="0" inconclusive="0" skipped="0" asserts="0">
                <properties />
                <test-case id="1410" name="Enter_AttacksPlayerWhenEnemyCanUseAnAbility" fullname="Tests.Battle.Phases.EnemyTurn.EnemyTurnPhaseTests.Enter_AttacksPlayerWhenEnemyCanUseAnAbility" methodname="Enter_AttacksPlayerWhenEnemyCanUseAnAbility" classname="Tests.Battle.Phases.EnemyTurn.EnemyTurnPhaseTests" runstate="Runnable" seed="1403455476" result="Passed" start-time="2026-05-03 09:23:21Z" end-time="2026-05-03 09:23:21Z" duration="0.002374" asserts="0">
                  <properties>
                    <property name="retryIteration" value="0" />
                    <property name="repeatIteration" value="0" />
                  </properties>
                </test-case>
                <test-case id="1412" name="Enter_EndsTurnWhenEnemyCannotAttackOrMove" fullname="Tests.Battle.Phases.EnemyTurn.EnemyTurnPhaseTests.Enter_EndsTurnWhenEnemyCannotAttackOrMove" methodname="Enter_EndsTurnWhenEnemyCannotAttackOrMove" classname="Tests.Battle.Phases.EnemyTurn.EnemyTurnPhaseTests" runstate="Runnable" seed="1744451045" result="Passed" start-time="2026-05-03 09:23:21Z" end-time="2026-05-03 09:23:21Z" duration="0.000947" asserts="0">
                  <properties>
                    <property name="retryIteration" value="0" />
                    <property name="repeatIteration" value="0" />
                  </properties>
                </test-case>
                <test-case id="1411" name="Enter_MovesTowardPlayerWhenEnemyCannotAttack" fullname="Tests.Battle.Phases.EnemyTurn.EnemyTurnPhaseTests.Enter_MovesTowardPlayerWhenEnemyCannotAttack" methodname="Enter_MovesTowardPlayerWhenEnemyCannotAttack" classname="Tests.Battle.Phases.EnemyTurn.EnemyTurnPhaseTests" runstate="Runnable" seed="1081821938" result="Passed" start-time="2026-05-03 09:23:21Z" end-time="2026-05-03 09:23:21Z" duration="0.001656" asserts="0">
                  <properties>
                    <property name="retryIteration" value="0" />
                    <property name="repeatIteration" value="0" />
                  </properties>
                </test-case>
              </test-suite>
            </test-suite>
            <test-suite type="TestSuite" id="1535" name="Idle" fullname="Tests.Battle.Phases.Idle" runstate="Runnable" testcasecount="1" result="Passed" start-time="2026-05-03 09:23:21Z" end-time="2026-05-03 09:23:21Z" duration="0.006145" total="1" passed="1" failed="0" inconclusive="0" skipped="0" asserts="0">
              <properties />
              <test-suite type="TestFixture" id="1407" name="IdlePhaseTests" fullname="Tests.Battle.Phases.Idle.IdlePhaseTests" classname="Tests.Battle.Phases.Idle.IdlePhaseTests" runstate="Runnable" testcasecount="1" result="Passed" start-time="2026-05-03 09:23:21Z" end-time="2026-05-03 09:23:21Z" duration="0.002902" total="1" passed="1" failed="0" inconclusive="0" skipped="0" asserts="0">
                <properties />
                <test-case id="1408" name="Enter_BeginsTheNextReadyTurn" fullname="Tests.Battle.Phases.Idle.IdlePhaseTests.Enter_BeginsTheNextReadyTurn" methodname="Enter_BeginsTheNextReadyTurn" classname="Tests.Battle.Phases.Idle.IdlePhaseTests" runstate="Runnable" seed="948093042" result="Passed" start-time="2026-05-03 09:23:21Z" end-time="2026-05-03 09:23:21Z" duration="0.001513" asserts="0">
                  <properties>
                    <property name="retryIteration" value="0" />
                    <property name="repeatIteration" value="0" />
                  </properties>
                </test-case>
              </test-suite>
            </test-suite>
            <test-suite type="TestSuite" id="1534" name="Initiative" fullname="Tests.Battle.Phases.Initiative" runstate="Runnable" testcasecount="13" result="Passed" start-time="2026-05-03 09:23:21Z" end-time="2026-05-03 09:23:21Z" duration="0.018929" total="13" passed="13" failed="0" inconclusive="0" skipped="0" asserts="0">
              <properties />
              <test-suite type="TestFixture" id="1393" name="InitiativeTurnOrderTests" fullname="Tests.Battle.Phases.Initiative.InitiativeTurnOrderTests" classname="Tests.Battle.Phases.Initiative.InitiativeTurnOrderTests" runstate="Runnable" testcasecount="13" result="Passed" start-time="2026-05-03 09:23:21Z" end-time="2026-05-03 09:23:21Z" duration="0.015202" total="13" passed="13" failed="0" inconclusive="0" skipped="0" asserts="0">
                <properties />
                <test-case id="1405" name="CanContinueTurn_ReturnsFalse_AfterSpendingAllResources" fullname="Tests.Battle.Phases.Initiative.InitiativeTurnOrderTests.CanContinueTurn_ReturnsFalse_AfterSpendingAllResources" methodname="CanContinueTurn_ReturnsFalse_AfterSpendingAllResources" classname="Tests.Battle.Phases.Initiative.InitiativeTurnOrderTests" runstate="Runnable" seed="1296492380" result="Passed" start-time="2026-05-03 09:23:21Z" end-time="2026-05-03 09:23:21Z" duration="0.001050" asserts="0">
                  <properties>
                    <property name="retryIteration" value="0" />
                    <property name="repeatIteration" value="0" />
                  </properties>
                </test-case>
                <test-case id="1402" name="CanContinueTurn_ReturnsFalse_WhenNoMovementAndNoAbilities" fullname="Tests.Battle.Phases.Initiative.InitiativeTurnOrderTests.CanContinueTurn_ReturnsFalse_WhenNoMovementAndNoAbilities" methodname="CanContinueTurn_ReturnsFalse_WhenNoMovementAndNoAbilities" classname="Tests.Battle.Phases.Initiative.InitiativeTurnOrderTests" runstate="Runnable" seed="1455162636" result="Passed" start-time="2026-05-03 09:23:21Z" end-time="2026-05-03 09:23:21Z" duration="0.000604" asserts="0">
                  <properties>
                    <property name="retryIteration" value="0" />
                    <property name="repeatIteration" value="0" />
                  </properties>
                </test-case>
                <test-case id="1403" name="CanContinueTurn_ReturnsTrue_WhenUnitCanStillMove" fullname="Tests.Battle.Phases.Initiative.InitiativeTurnOrderTests.CanContinueTurn_ReturnsTrue_WhenUnitCanStillMove" methodname="CanContinueTurn_ReturnsTrue_WhenUnitCanStillMove" classname="Tests.Battle.Phases.Initiative.InitiativeTurnOrderTests" runstate="Runnable" seed="2073742528" result="Passed" start-time="2026-05-03 09:23:21Z" end-time="2026-05-03 09:23:21Z" duration="0.000643" asserts="0">
                  <properties>
                    <property name="retryIteration" value="0" />
                    <property name="repeatIteration" value="0" />
                  </properties>
                </test-case>
                <test-case id="1404" name="CanContinueTurn_ReturnsTrue_WhenUnitHasUsableAbility" fullname="Tests.Battle.Phases.Initiative.InitiativeTurnOrderTests.CanContinueTurn_ReturnsTrue_WhenUnitHasUsableAbility" methodname="CanContinueTurn_ReturnsTrue_WhenUnitHasUsableAbility" classname="Tests.Battle.Phases.Initiative.InitiativeTurnOrderTests" runstate="Runnable" seed="2072949359" result="Passed" start-time="2026-05-03 09:23:21Z" end-time="2026-05-03 09:23:21Z" duration="0.001588" asserts="0">
                  <properties>
                    <property name="retryIteration" value="0" />
                    <property name="repeatIteration" value="0" />
                  </properties>
                </test-case>
                <test-case id="1394" name="Tie_PlayerAndEnemy_BothReady_PlayerGoesFirst" fullname="Tests.Battle.Phases.Initiative.InitiativeTurnOrderTests.Tie_PlayerAndEnemy_BothReady_PlayerGoesFirst" methodname="Tie_PlayerAndEnemy_BothReady_PlayerGoesFirst" classname="Tests.Battle.Phases.Initiative.InitiativeTurnOrderTests" runstate="Runnable" seed="233853217" result="Passed" start-time="2026-05-03 09:23:21Z" end-time="2026-05-03 09:23:21Z" duration="0.000840" asserts="0">
                  <properties>
                    <property name="retryIteration" value="0" />
                    <property name="repeatIteration" value="0" />
                  </properties>
                </test-case>
                <test-case id="1397" name="Tie_TwoEnemiesReady_FirstInTeamOrderGoesFirst" fullname="Tests.Battle.Phases.Initiative.InitiativeTurnOrderTests.Tie_TwoEnemiesReady_FirstInTeamOrderGoesFirst" methodname="Tie_TwoEnemiesReady_FirstInTeamOrderGoesFirst" classname="Tests.Battle.Phases.Initiative.InitiativeTurnOrderTests" runstate="Runnable" seed="1042386617" result="Passed" start-time="2026-05-03 09:23:21Z" end-time="2026-05-03 09:23:21Z" duration="0.000691" asserts="0">
                  <properties>
                    <property name="retryIteration" value="0" />
                    <property name="repeatIteration" value="0" />
                  </properties>
                </test-case>
                <test-case id="1398" name="Tie_TwoEnemiesReady_SecondEnemyGoesFirst_IfFirstIsSkipped" fullname="Tests.Battle.Phases.Initiative.InitiativeTurnOrderTests.Tie_TwoEnemiesReady_SecondEnemyGoesFirst_IfFirstIsSkipped" methodname="Tie_TwoEnemiesReady_SecondEnemyGoesFirst_IfFirstIsSkipped" classname="Tests.Battle.Phases.Initiative.InitiativeTurnOrderTests" runstate="Runnable" seed="447513298" result="Passed" start-time="2026-05-03 09:23:21Z" end-time="2026-05-03 09:23:21Z" duration="0.000621" asserts="0">
                  <properties>
                    <property name="retryIteration" value="0" />
                    <property name="repeatIteration" value="0" />
                  </properties>
                </test-case>
                <test-case id="1395" name="Tie_TwoPlayersReady_FirstInTeamOrderGoesFirst" fullname="Tests.Battle.Phases.Initiative.InitiativeTurnOrderTests.Tie_TwoPlayersReady_FirstInTeamOrderGoesFirst" methodname="Tie_TwoPlayersReady_FirstInTeamOrderGoesFirst" classname="Tests.Battle.Phases.Initiative.InitiativeTurnOrderTests" runstate="Runnable" seed="296296067" result="Passed" start-time="2026-05-03 09:23:21Z" end-time="2026-05-03 09:23:21Z" duration="0.000626" asserts="0">
                  <properties>
                    <property name="retryIteration" value="0" />
                    <property name="repeatIteration" value="0" />
                  </properties>
                </test-case>
                <test-case id="1396" name="Tie_TwoPlayersReady_SecondPlayerGoesFirst_IfFirstIsSkipped" fullname="Tests.Battle.Phases.Initiative.InitiativeTurnOrderTests.Tie_TwoPlayersReady_SecondPlayerGoesFirst_IfFirstIsSkipped" methodname="Tie_TwoPlayersReady_SecondPlayerGoesFirst_IfFirstIsSkipped" classname="Tests.Battle.Phases.Initiative.InitiativeTurnOrderTests" runstate="Runnable" seed="143175288" result="Passed" start-time="2026-05-03 09:23:21Z" end-time="2026-05-03 09:23:21Z" duration="0.000602" asserts="0">
                  <properties>
                    <property name="retryIteration" value="0" />
                    <property name="repeatIteration" value="0" />
                  </properties>
                </test-case>
                <test-case id="1400" name="TurnBarAdvancement_AllUnitsAdvance_WhenNoneReady" fullname="Tests.Battle.Phases.Initiative.InitiativeTurnOrderTests.TurnBarAdvancement_AllUnitsAdvance_WhenNoneReady" methodname="TurnBarAdvancement_AllUnitsAdvance_WhenNoneReady" classname="Tests.Battle.Phases.Initiative.InitiativeTurnOrderTests" runstate="Runnable" seed="595703526" result="Passed" start-time="2026-05-03 09:23:21Z" end-time="2026-05-03 09:23:21Z" duration="0.000925" asserts="0">
                  <properties>
                    <property name="retryIteration" value="0" />
                    <property name="repeatIteration" value="0" />
                  </properties>
                </test-case>
                <test-case id="1399" name="TurnBarAdvancement_SelectsFastestUnit_WhenNoneReady" fullname="Tests.Battle.Phases.Initiative.InitiativeTurnOrderTests.TurnBarAdvancement_SelectsFastestUnit_WhenNoneReady" methodname="TurnBarAdvancement_SelectsFastestUnit_WhenNoneReady" classname="Tests.Battle.Phases.Initiative.InitiativeTurnOrderTests" runstate="Runnable" seed="34631462" result="Passed" start-time="2026-05-03 09:23:21Z" end-time="2026-05-03 09:23:21Z" duration="0.000909" asserts="0">
                  <properties>
                    <property name="retryIteration" value="0" />
                    <property name="repeatIteration" value="0" />
                  </properties>
                </test-case>
                <test-case id="1406" name="TurnEnds_Automatically_WhenNoActionsRemain_WithZeroResources" fullname="Tests.Battle.Phases.Initiative.InitiativeTurnOrderTests.TurnEnds_Automatically_WhenNoActionsRemain_WithZeroResources" methodname="TurnEnds_Automatically_WhenNoActionsRemain_WithZeroResources" classname="Tests.Battle.Phases.Initiative.InitiativeTurnOrderTests" runstate="Runnable" seed="761939960" result="Passed" start-time="2026-05-03 09:23:21Z" end-time="2026-05-03 09:23:21Z" duration="0.000828" asserts="0">
                  <properties>
                    <property name="retryIteration" value="0" />
                    <property name="repeatIteration" value="0" />
                  </properties>
                </test-case>
                <test-case id="1401" name="UnitBecomesReady_DuringAnotherUnitsTurn_ActsAfterCurrentTurnEnds" fullname="Tests.Battle.Phases.Initiative.InitiativeTurnOrderTests.UnitBecomesReady_DuringAnotherUnitsTurn_ActsAfterCurrentTurnEnds" methodname="UnitBecomesReady_DuringAnotherUnitsTurn_ActsAfterCurrentTurnEnds" classname="Tests.Battle.Phases.Initiative.InitiativeTurnOrderTests" runstate="Runnable" seed="958796993" result="Passed" start-time="2026-05-03 09:23:21Z" end-time="2026-05-03 09:23:21Z" duration="0.000771" asserts="0">
                  <properties>
                    <property name="retryIteration" value="0" />
                    <property name="repeatIteration" value="0" />
                  </properties>
                </test-case>
              </test-suite>
            </test-suite>
            <test-suite type="TestSuite" id="1533" name="Placement" fullname="Tests.Battle.Phases.Placement" runstate="Runnable" testcasecount="18" result="Passed" start-time="2026-05-03 09:23:21Z" end-time="2026-05-03 09:23:21Z" duration="0.032542" total="18" passed="18" failed="0" inconclusive="0" skipped="0" asserts="0">
              <properties />
              <test-suite type="TestFixture" id="1374" name="PlacementPhaseTests" fullname="Tests.Battle.Phases.Placement.PlacementPhaseTests" classname="Tests.Battle.Phases.Placement.PlacementPhaseTests" runstate="Runnable" testcasecount="18" result="Passed" start-time="2026-05-03 09:23:21Z" end-time="2026-05-03 09:23:21Z" duration="0.028946" total="18" passed="18" failed="0" inconclusive="0" skipped="0" asserts="0">
                <properties />
                <test-case id="1377" name="BattleMaskRules_ApplyMask_CanRenderPlacementCellsInOverlay" fullname="Tests.Battle.Phases.Placement.PlacementPhaseTests.BattleMaskRules_ApplyMask_CanRenderPlacementCellsInOverlay" methodname="BattleMaskRules_ApplyMask_CanRenderPlacementCellsInOverlay" classname="Tests.Battle.Phases.Placement.PlacementPhaseTests" runstate="Runnable" seed="116493846" result="Passed" start-time="2026-05-03 09:23:21Z" end-time="2026-05-03 09:23:21Z" duration="0.005496" asserts="0">
                  <properties>
                    <property name="retryIteration" value="0" />
                    <property name="repeatIteration" value="0" />
                  </properties>
                </test-case>
[...]
                <properties>
                  <property name="retryIteration" value="0" />
                  <property name="repeatIteration" value="0" />
                </properties>
              </test-case>
              <test-case id="1041" name="TurnStartRequirement_Within_Enemy_Completes_WhenCloseEnough" fullname="Tests.Requirements.Position.TurnPositionRequirementTests.TurnStartRequirement_Within_Enemy_Completes_WhenCloseEnough" methodname="TurnStartRequirement_Within_Enemy_Completes_WhenCloseEnough" classname="Tests.Requirements.Position.TurnPositionRequirementTests" runstate="Runnable" seed="1920043981" result="Passed" start-time="2026-05-03 09:23:21Z" end-time="2026-05-03 09:23:21Z" duration="0.000173" asserts="0">
                <properties>
                  <property name="retryIteration" value="0" />
                  <property name="repeatIteration" value="0" />
                </properties>
              </test-case>
              <test-case id="1042" name="TurnStartRequirement_Within_Enemy_DoesNotComplete_WhenTooFar" fullname="Tests.Requirements.Position.TurnPositionRequirementTests.TurnStartRequirement_Within_Enemy_DoesNotComplete_WhenTooFar" methodname="TurnStartRequirement_Within_Enemy_DoesNotComplete_WhenTooFar" classname="Tests.Requirements.Position.TurnPositionRequirementTests" runstate="Runnable" seed="799421779" result="Passed" start-time="2026-05-03 09:23:21Z" end-time="2026-05-03 09:23:21Z" duration="0.000176" asserts="0">
                <properties>
                  <property name="retryIteration" value="0" />
                  <property name="repeatIteration" value="0" />
                </properties>
              </test-case>
            </test-suite>
          </test-suite>
          <test-suite type="TestSuite" id="1510" name="Resource" fullname="Tests.Requirements.Resource" runstate="Runnable" testcasecount="7" result="Failed" site="Child" start-time="2026-05-03 09:23:21Z" end-time="2026-05-03 09:23:21Z" duration="0.008368" total="7" passed="5" failed="2" inconclusive="0" skipped="0" asserts="0">
            <properties />
            <failure>
              <message><![CDATA[One or more child tests had errors]]></message>
            </failure>
            <test-suite type="TestFixture" id="1022" name="ResourceRequirementTests" fullname="Tests.Requirements.Resource.ResourceRequirementTests" classname="Tests.Requirements.Resource.ResourceRequirementTests" runstate="Runnable" testcasecount="7" result="Failed" site="Child" start-time="2026-05-03 09:23:21Z" end-time="2026-05-03 09:23:21Z" duration="0.004936" total="7" passed="5" failed="2" inconclusive="0" skipped="0" asserts="0">
              <properties />
              <failure>
                <message><![CDATA[One or more child tests had errors]]></message>
              </failure>
              <test-case id="1026" name="SpendAP_MultipleEvents_Accumulate" fullname="Tests.Requirements.Resource.ResourceRequirementTests.SpendAP_MultipleEvents_Accumulate" methodname="SpendAP_MultipleEvents_Accumulate" classname="Tests.Requirements.Resource.ResourceRequirementTests" runstate="Runnable" seed="1521684675" result="Passed" start-time="2026-05-03 09:23:21Z" end-time="2026-05-03 09:23:21Z" duration="0.000545" asserts="0">
                <properties>
                  <property name="retryIteration" value="0" />
                  <property name="repeatIteration" value="0" />
                </properties>
              </test-case>
              <test-case id="1023" name="SpendAP_NoEvents_ZeroProgress" fullname="Tests.Requirements.Resource.ResourceRequirementTests.SpendAP_NoEvents_ZeroProgress" methodname="SpendAP_NoEvents_ZeroProgress" classname="Tests.Requirements.Resource.ResourceRequirementTests" runstate="Runnable" seed="350274506" result="Passed" start-time="2026-05-03 09:23:21Z" end-time="2026-05-03 09:23:21Z" duration="0.000263" asserts="0">
                <properties>
                  <property name="retryIteration" value="0" />
                  <property name="repeatIteration" value="0" />
                </properties>
              </test-case>
              <test-case id="1024" name="SpendAP_PartialAmount_PartialProgress" fullname="Tests.Requirements.Resource.ResourceRequirementTests.SpendAP_PartialAmount_PartialProgress" methodname="SpendAP_PartialAmount_PartialProgress" classname="Tests.Requirements.Resource.ResourceRequirementTests" runstate="Runnable" seed="1507257769" result="Failed" start-time="2026-05-03 09:23:21Z" end-time="2026-05-03 09:23:21Z" duration="0.000439" asserts="0">
                <properties>
                  <property name="retryIteration" value="0" />
                  <property name="repeatIteration" value="0" />
                </properties>
                <failure>
                  <message><![CDATA[  Expected: 40.0f +/- 0.00999999978f
  But was:  0.0f
]]></message>
                  <stack-trace><![CDATA[at Tests.Requirements.Resource.ResourceRequirementTests.SpendAP_PartialAmount_PartialProgress () [0x00038] in C:\Users\User\Documents\UnityProject\Erelia\Assets\Tests\Requirements\Resource\ResourceRequirementTests.cs:32
]]></stack-trace>
                </failure>
              </test-case>
              <test-case id="1025" name="SpendAP_ReachingRequired_Completes" fullname="Tests.Requirements.Resource.ResourceRequirementTests.SpendAP_ReachingRequired_Completes" methodname="SpendAP_ReachingRequired_Completes" classname="Tests.Requirements.Resource.ResourceRequirementTests" runstate="Runnable" seed="278371464" result="Passed" start-time="2026-05-03 09:23:21Z" end-time="2026-05-03 09:23:21Z" duration="0.000250" asserts="0">
                <properties>
                  <property name="retryIteration" value="0" />
                  <property name="repeatIteration" value="0" />
                </properties>
              </test-case>
              <test-case id="1027" name="SpendMP_NoEvents_ZeroProgress" fullname="Tests.Requirements.Resource.ResourceRequirementTests.SpendMP_NoEvents_ZeroProgress" methodname="SpendMP_NoEvents_ZeroProgress" classname="Tests.Requirements.Resource.ResourceRequirementTests" runstate="Runnable" seed="239485834" result="Passed" start-time="2026-05-03 09:23:21Z" end-time="2026-05-03 09:23:21Z" duration="0.000282" asserts="0">
                <properties>
                  <property name="retryIteration" value="0" />
                  <property name="repeatIteration" value="0" />
                </properties>
              </test-case>
              <test-case id="1028" name="SpendMP_PartialAmount_PartialProgress" fullname="Tests.Requirements.Resource.ResourceRequirementTests.SpendMP_PartialAmount_PartialProgress" methodname="SpendMP_PartialAmount_PartialProgress" classname="Tests.Requirements.Resource.ResourceRequirementTests" runstate="Runnable" seed="1447688115" result="Failed" start-time="2026-05-03 09:23:21Z" end-time="2026-05-03 09:23:21Z" duration="0.000568" asserts="0">
                <properties>
                  <property name="retryIteration" value="0" />
                  <property name="repeatIteration" value="0" />
                </properties>
                <failure>
                  <message><![CDATA[  Expected: 50.0f +/- 0.00999999978f
  But was:  0.0f
]]></message>
                  <stack-trace><![CDATA[at Tests.Requirements.Resource.ResourceRequirementTests.SpendMP_PartialAmount_PartialProgress () [0x00037] in C:\Users\User\Documents\UnityProject\Erelia\Assets\Tests\Requirements\Resource\ResourceRequirementTests.cs:88
]]></stack-trace>
                </failure>
              </test-case>
              <test-case id="1029" name="SpendMP_ReachingRequired_Completes" fullname="Tests.Requirements.Resource.ResourceRequirementTests.SpendMP_ReachingRequired_Completes" methodname="SpendMP_ReachingRequired_Completes" classname="Tests.Requirements.Resource.ResourceRequirementTests" runstate="Runnable" seed="261613454" result="Passed" start-time="2026-05-03 09:23:21Z" end-time="2026-05-03 09:23:21Z" duration="0.000317" asserts="0">
                <properties>
                  <property name="retryIteration" value="0" />
                  <property name="repeatIteration" value="0" />
                </properties>
              </test-case>
            </test-suite>
          </test-suite>
          <test-suite type="TestSuite" id="1509" name="Shield" fullname="Tests.Requirements.Shield" runstate="Runnable" testcasecount="4" result="Failed" site="Child" start-time="2026-05-03 09:23:21Z" end-time="2026-05-03 09:23:21Z" duration="0.006200" total="4" passed="3" failed="1" inconclusive="0" skipped="0" asserts="0">
            <properties />
            <failure>
              <message><![CDATA[One or more child tests had errors]]></message>
            </failure>
            <test-suite type="TestFixture" id="1017" name="ShieldCountRequirementTests" fullname="Tests.Requirements.Shield.ShieldCountRequirementTests" classname="Tests.Requirements.Shield.ShieldCountRequirementTests" runstate="Runnable" testcasecount="4" result="Failed" site="Child" start-time="2026-05-03 09:23:21Z" end-time="2026-05-03 09:23:21Z" duration="0.003338" total="4" passed="3" failed="1" inconclusive="0" skipped="0" asserts="0">
              <properties />
              <failure>
                <message><![CDATA[One or more child tests had errors]]></message>
              </failure>
              <test-case id="1020" name="ApplyShieldCount_ExactCountRequired_Completes" fullname="Tests.Requirements.Shield.ShieldCountRequirementTests.ApplyShieldCount_ExactCountRequired_Completes" methodname="ApplyShieldCount_ExactCountRequired_Completes" classname="Tests.Requirements.Shield.ShieldCountRequirementTests" runstate="Runnable" seed="2081433771" result="Passed" start-time="2026-05-03 09:23:21Z" end-time="2026-05-03 09:23:21Z" duration="0.000557" asserts="0">
                <properties>
                  <property name="retryIteration" value="0" />
                  <property name="repeatIteration" value="0" />
                </properties>
              </test-case>
              <test-case id="1021" name="ApplyShieldCount_MoreThanRequired_StillCompletes" fullname="Tests.Requirements.Shield.ShieldCountRequirementTests.ApplyShieldCount_MoreThanRequired_StillCompletes" methodname="ApplyShieldCount_MoreThanRequired_StillCompletes" classname="Tests.Requirements.Shield.ShieldCountRequirementTests" runstate="Runnable" seed="1443379894" result="Passed" start-time="2026-05-03 09:23:21Z" end-time="2026-05-03 09:23:21Z" duration="0.000376" asserts="0">
                <properties>
                  <property name="retryIteration" value="0" />
                  <property name="repeatIteration" value="0" />
                </properties>
              </test-case>
              <test-case id="1018" name="ApplyShieldCount_NoEvents_ZeroProgress" fullname="Tests.Requirements.Shield.ShieldCountRequirementTests.ApplyShieldCount_NoEvents_ZeroProgress" methodname="ApplyShieldCount_NoEvents_ZeroProgress" classname="Tests.Requirements.Shield.ShieldCountRequirementTests" runstate="Runnable" seed="1764434186" result="Passed" start-time="2026-05-03 09:23:21Z" end-time="2026-05-03 09:23:21Z" duration="0.000258" asserts="0">
                <properties>
                  <property name="retryIteration" value="0" />
                  <property name="repeatIteration" value="0" />
                </properties>
              </test-case>
              <test-case id="1019" name="ApplyShieldCount_OneEvent_PartialProgress" fullname="Tests.Requirements.Shield.ShieldCountRequirementTests.ApplyShieldCount_OneEvent_PartialProgress" methodname="ApplyShieldCount_OneEvent_PartialProgress" classname="Tests.Requirements.Shield.ShieldCountRequirementTests" runstate="Runnable" seed="936408097" result="Failed" start-time="2026-05-03 09:23:21Z" end-time="2026-05-03 09:23:21Z" duration="0.000598" asserts="0">
                <properties>
                  <property name="retryIteration" value="0" />
                  <property name="repeatIteration" value="0" />
                </properties>
                <failure>
                  <message><![CDATA[  Expected: 33.3333321f +/- 0.00999999978f
  But was:  0.0f
]]></message>
                  <stack-trace><![CDATA[at Tests.Requirements.Shield.ShieldCountRequirementTests.ApplyShieldCount_OneEvent_PartialProgress () [0x00030] in C:\Users\User\Documents\UnityProject\Erelia\Assets\Tests\Requirements\Shield\ShieldCountRequirementTests.cs:30
]]></stack-trace>
                </failure>
              </test-case>
            </test-suite>
          </test-suite>
          <test-suite type="TestSuite" id="1508" name="Status" fullname="Tests.Requirements.Status" runstate="Runnable" testcasecount="7" result="Failed" site="Child" start-time="2026-05-03 09:23:21Z" end-time="2026-05-03 09:23:21Z" duration="0.009369" total="7" passed="5" failed="2" inconclusive="0" skipped="0" asserts="0">
            <properties />
            <failure>
              <message><![CDATA[One or more child tests had errors]]></message>
            </failure>
            <test-suite type="TestFixture" id="1009" name="StatusRequirementTests" fullname="Tests.Requirements.Status.StatusRequirementTests" classname="Tests.Requirements.Status.StatusRequirementTests" runstate="Runnable" testcasecount="7" result="Failed" site="Child" start-time="2026-05-03 09:23:21Z" end-time="2026-05-03 09:23:21Z" duration="0.005339" total="7" passed="5" failed="2" inconclusive="0" skipped="0" asserts="0">
              <properties />
              <failure>
                <message><![CDATA[One or more child tests had errors]]></message>
              </failure>
              <test-case id="1013" name="ApplyStatusCount_MatchingStatus_CountsProgress" fullname="Tests.Requirements.Status.StatusRequirementTests.ApplyStatusCount_MatchingStatus_CountsProgress" methodname="ApplyStatusCount_MatchingStatus_CountsProgress" classname="Tests.Requirements.Status.StatusRequirementTests" runstate="Runnable" seed="634445071" result="Failed" start-time="2026-05-03 09:23:21Z" end-time="2026-05-03 09:23:21Z" duration="0.000987" asserts="0">
                <properties>
                  <property name="retryIteration" value="0" />
                  <property name="repeatIteration" value="0" />
                </properties>
                <failure>
                  <message><![CDATA[  Expected: 50.0f +/- 0.00999999978f
  But was:  0.0f
]]></message>
                  <stack-trace><![CDATA[at Tests.Requirements.Status.StatusRequirementTests.ApplyStatusCount_MatchingStatus_CountsProgress () [0x00044] in C:\Users\User\Documents\UnityProject\Erelia\Assets\Tests\Requirements\Status\StatusRequirementTests.cs:66
]]></stack-trace>
                </failure>
              </test-case>
              <test-case id="1016" name="ApplyStatusCount_MatchingStatusReachesRequired_Completes" fullname="Tests.Requirements.Status.StatusRequirementTests.ApplyStatusCount_MatchingStatusReachesRequired_Completes" methodname="ApplyStatusCount_MatchingStatusReachesRequired_Completes" classname="Tests.Requirements.Status.StatusRequirementTests" runstate="Runnable" seed="549993715" result="Passed" start-time="2026-05-03 09:23:21Z" end-time="2026-05-03 09:23:21Z" duration="0.000605" asserts="0">
                <properties>
                  <property name="retryIteration" value="0" />
                  <property name="repeatIteration" value="0" />
                </properties>
              </test-case>
              <test-case id="1010" name="ApplyStatusCount_NoEvents_ZeroProgress" fullname="Tests.Requirements.Status.StatusRequirementTests.ApplyStatusCount_NoEvents_ZeroProgress" methodname="ApplyStatusCount_NoEvents_ZeroProgress" classname="Tests.Requirements.Status.StatusRequirementTests" runstate="Runnable" seed="25547831" result="Passed" start-time="2026-05-03 09:23:21Z" end-time="2026-05-03 09:23:21Z" duration="0.000277" asserts="0">
                <properties>
                  <property name="retryIteration" value="0" />
                  <property name="repeatIteration" value="0" />
                </properties>
              </test-case>
              <test-case id="1015" name="ApplyStatusCount_NullStatusFilter_AnyStatusCounts" fullname="Tests.Requirements.Status.StatusRequirementTests.ApplyStatusCount_NullStatusFilter_AnyStatusCounts" methodname="ApplyStatusCount_NullStatusFilter_AnyStatusCounts" classname="Tests.Requirements.Status.StatusRequirementTests" runstate="Runnable" seed="355198418" result="Passed" start-time="2026-05-03 09:23:21Z" end-time="2026-05-03 09:23:21Z" duration="0.000393" asserts="0">
                <properties>
                  <property name="retryIteration" value="0" />
                  <property name="repeatIteration" value="0" />
                </properties>
              </test-case>
              <test-case id="1011" name="ApplyStatusCount_OneEvent_PartialProgress" fullname="Tests.Requirements.Status.StatusRequirementTests.ApplyStatusCount_OneEvent_PartialProgress" methodname="ApplyStatusCount_OneEvent_PartialProgress" classname="Tests.Requirements.Status.StatusRequirementTests" runstate="Runnable" seed="874968837" result="Failed" start-time="2026-05-03 09:23:21Z" end-time="2026-05-03 09:23:21Z" duration="0.000415" asserts="0">
                <properties>
                  <property name="retryIteration" value="0" />
                  <property name="repeatIteration" value="0" />
                </properties>
                <failure>
                  <message><![CDATA[  Expected: 20.0f +/- 0.00999999978f
  But was:  0.0f
]]></message>
                  <stack-trace><![CDATA[at Tests.Requirements.Status.StatusRequirementTests.ApplyStatusCount_OneEvent_PartialProgress () [0x00030] in C:\Users\User\Documents\UnityProject\Erelia\Assets\Tests\Requirements\Status\StatusRequirementTests.cs:33
]]></stack-trace>
                </failure>
              </test-case>
              <test-case id="1012" name="ApplyStatusCount_ReachingRequired_Completes" fullname="Tests.Requirements.Status.StatusRequirementTests.ApplyStatusCount_ReachingRequired_Completes" methodname="ApplyStatusCount_ReachingRequired_Completes" classname="Tests.Requirements.Status.StatusRequirementTests" runstate="Runnable" seed="1012107665" result="Passed" start-time="2026-05-03 09:23:21Z" end-time="2026-05-03 09:23:21Z" duration="0.000302" asserts="0">
                <properties>
                  <property name="retryIteration" value="0" />
                  <property name="repeatIteration" value="0" />
                </properties>
              </test-case>
              <test-case id="1014" name="ApplyStatusCount_WrongStatus_ZeroProgress" fullname="Tests.Requirements.Status.StatusRequirementTests.ApplyStatusCount_WrongStatus_ZeroProgress" methodname="ApplyStatusCount_WrongStatus_ZeroProgress" classname="Tests.Requirements.Status.StatusRequirementTests" runstate="Runnable" seed="763438754" result="Passed" start-time="2026-05-03 09:23:21Z" end-time="2026-05-03 09:23:21Z" duration="0.000414" asserts="0">
                <properties>
                  <property name="retryIteration" value="0" />
                  <property name="repeatIteration" value="0" />
                </properties>
                <output><![CDATA[Saving results to: C:/Users/User/AppData/LocalLow/DefaultCompany/Erelia\TestResults.xml
]]></output>
              </test-case>
            </test-suite>
          </test-suite>
        </test-suite>
      </test-suite>
    </test-suite>
  </test-suite>
</test-run>