<?xml version="1.0" encoding="utf-8"?>
<test-run id="2" testcasecount="370" result="Failed(Child)" total="370" passed="351" failed="19" inconclusive="0" skipped="0" asserts="0" engine-version="3.5.0.0" clr-version="4.0.30319.42000" start-time="2026-04-29 14:12:37Z" end-time="2026-04-29 14:12:37Z" duration="0,5551102">
  <test-suite type="TestSuite" id="1445" name="Erelia" fullname="Erelia" runstate="Runnable" testcasecount="370" result="Failed" site="Child" start-time="2026-04-29 14:12:37Z" end-time="2026-04-29 14:12:37Z" duration="0.555110" total="370" passed="351" failed="19" inconclusive="0" skipped="0" asserts="0">
    <properties>
      <property name="platform" value="EditMode" />
    </properties>
    <failure>
      <message><![CDATA[One or more child tests had errors]]></message>
    </failure>
    <test-suite type="Assembly" id="1414" name="Erelia.Tests.EditMode.dll" fullname="C:/Users/User/Documents/UnityProject/Erelia/Library/ScriptAssemblies/Erelia.Tests.EditMode.dll" runstate="Runnable" testcasecount="370" result="Failed" site="Child" start-time="2026-04-29 14:12:37Z" end-time="2026-04-29 14:12:37Z" duration="0.544340" total="370" passed="351" failed="19" inconclusive="0" skipped="0" asserts="0">
      <properties>
        <property name="_PID" value="27804" />
        <property name="_APPDOMAIN" value="Unity Child Domain" />
        <property name="platform" value="EditMode" />
        <property name="EditorOnly" value="True" />
      </properties>
      <failure>
        <message><![CDATA[One or more child tests had errors]]></message>
      </failure>
      <test-suite type="TestSuite" id="1415" name="Tests" fullname="Tests" runstate="Runnable" testcasecount="370" result="Failed" site="Child" start-time="2026-04-29 14:12:37Z" end-time="2026-04-29 14:12:37Z" duration="0.540999" total="370" passed="351" failed="19" inconclusive="0" skipped="0" asserts="0">
        <properties />
        <failure>
          <message><![CDATA[One or more child tests had errors]]></message>
        </failure>
        <test-suite type="TestSuite" id="1421" name="Battle" fullname="Tests.Battle" runstate="Runnable" testcasecount="214" result="Passed" start-time="2026-04-29 14:12:37Z" end-time="2026-04-29 14:12:37Z" duration="0.360286" total="214" passed="214" failed="0" inconclusive="0" skipped="0" asserts="0">
          <properties />
          <test-suite type="TestSuite" id="1436" name="Backend" fullname="Tests.Battle.Backend" runstate="Runnable" testcasecount="18" result="Passed" start-time="2026-04-29 14:12:37Z" end-time="2026-04-29 14:12:37Z" duration="0.091319" total="18" passed="18" failed="0" inconclusive="0" skipped="0" asserts="0">
            <properties />
            <test-suite type="TestFixture" id="1395" name="BackendBehaviorTests" fullname="Tests.Battle.Backend.BackendBehaviorTests" classname="Tests.Battle.Backend.BackendBehaviorTests" runstate="Runnable" testcasecount="18" result="Passed" start-time="2026-04-29 14:12:37Z" end-time="2026-04-29 14:12:37Z" duration="0.089776" total="18" passed="18" failed="0" inconclusive="0" skipped="0" asserts="0">
              <properties />
              <test-case id="1408" name="AfterCastingAnAbilityHook_FiresAfterCast_AndDamagesUnit" fullname="Tests.Battle.Backend.BackendBehaviorTests.AfterCastingAnAbilityHook_FiresAfterCast_AndDamagesUnit" methodname="AfterCastingAnAbilityHook_FiresAfterCast_AndDamagesUnit" classname="Tests.Battle.Backend.BackendBehaviorTests" runstate="Runnable" seed="1595978534" result="Passed" start-time="2026-04-29 14:12:37Z" end-time="2026-04-29 14:12:37Z" duration="0.048931" asserts="0">
                <properties>
                  <property name="retryIteration" value="0" />
                  <property name="repeatIteration" value="0" />
                </properties>
              </test-case>
              <test-case id="1404" name="AfterMoveHook_FiresAfterMove_AndDamagesUnit" fullname="Tests.Battle.Backend.BackendBehaviorTests.AfterMoveHook_FiresAfterMove_AndDamagesUnit" methodname="AfterMoveHook_FiresAfterMove_AndDamagesUnit" classname="Tests.Battle.Backend.BackendBehaviorTests" runstate="Runnable" seed="329834867" result="Passed" start-time="2026-04-29 14:12:37Z" end-time="2026-04-29 14:12:37Z" duration="0.004042" asserts="0">
                <properties>
                  <property name="retryIteration" value="0" />
                  <property name="repeatIteration" value="0" />
                </properties>
              </test-case>
              <test-case id="1406" name="AfterMoveHook_UnitPositionAlreadyChanged_WhenHookFires" fullname="Tests.Battle.Backend.BackendBehaviorTests.AfterMoveHook_UnitPositionAlreadyChanged_WhenHookFires" methodname="AfterMoveHook_UnitPositionAlreadyChanged_WhenHookFires" classname="Tests.Battle.Backend.BackendBehaviorTests" runstate="Runnable" seed="756242341" result="Passed" start-time="2026-04-29 14:12:37Z" end-time="2026-04-29 14:12:37Z" duration="0.004194" asserts="0">
                <properties>
                  <property name="retryIteration" value="0" />
                  <property name="repeatIteration" value="0" />
                </properties>
              </test-case>
              <test-case id="1407" name="BeforeCastingAnAbilityHook_FiresBeforeCast_AndDamagesUnit" fullname="Tests.Battle.Backend.BackendBehaviorTests.BeforeCastingAnAbilityHook_FiresBeforeCast_AndDamagesUnit" methodname="BeforeCastingAnAbilityHook_FiresBeforeCast_AndDamagesUnit" classname="Tests.Battle.Backend.BackendBehaviorTests" runstate="Runnable" seed="448053850" result="Passed" start-time="2026-04-29 14:12:37Z" end-time="2026-04-29 14:12:37Z" duration="0.000851" asserts="0">
                <properties>
                  <property name="retryIteration" value="0" />
                  <property name="repeatIteration" value="0" />
                </properties>
              </test-case>
              <test-case id="1403" name="BeforeMoveHook_FiresBeforeMove_AndDamagesUnit" fullname="Tests.Battle.Backend.BackendBehaviorTests.BeforeMoveHook_FiresBeforeMove_AndDamagesUnit" methodname="BeforeMoveHook_FiresBeforeMove_AndDamagesUnit" classname="Tests.Battle.Backend.BackendBehaviorTests" runstate="Runnable" seed="1956965681" result="Passed" start-time="2026-04-29 14:12:37Z" end-time="2026-04-29 14:12:37Z" duration="0.000517" asserts="0">
                <properties>
                  <property name="retryIteration" value="0" />
                  <property name="repeatIteration" value="0" />
                </properties>
              </test-case>
              <test-case id="1405" name="BeforeMoveHook_UnitPositionNotYetChanged_WhenHookFires" fullname="Tests.Battle.Backend.BackendBehaviorTests.BeforeMoveHook_UnitPositionNotYetChanged_WhenHookFires" methodname="BeforeMoveHook_UnitPositionNotYetChanged_WhenHookFires" classname="Tests.Battle.Backend.BackendBehaviorTests" runstate="Runnable" seed="819741049" result="Passed" start-time="2026-04-29 14:12:37Z" end-time="2026-04-29 14:12:37Z" duration="0.000624" asserts="0">
                <properties>
                  <property name="retryIteration" value="0" />
                  <property name="repeatIteration" value="0" />
                </properties>
              </test-case>
              <test-case id="1400" name="DefeatUnit_DefeatedUnitNoLongerBlocksMovement" fullname="Tests.Battle.Backend.BackendBehaviorTests.DefeatUnit_DefeatedUnitNoLongerBlocksMovement" methodname="DefeatUnit_DefeatedUnitNoLongerBlocksMovement" classname="Tests.Battle.Backend.BackendBehaviorTests" runstate="Runnable" seed="1891254018" result="Passed" start-time="2026-04-29 14:12:37Z" end-time="2026-04-29 14:12:37Z" duration="0.001642" asserts="0">
                <properties>
                  <property name="retryIteration" value="0" />
                  <property name="repeatIteration" value="0" />
                </properties>
              </test-case>
              <test-case id="1399" name="DefeatUnit_FiresUnitDefeatedEvent" fullname="Tests.Battle.Backend.BackendBehaviorTests.DefeatUnit_FiresUnitDefeatedEvent" methodname="DefeatUnit_FiresUnitDefeatedEvent" classname="Tests.Battle.Backend.BackendBehaviorTests" runstate="Runnable" seed="205788094" result="Passed" start-time="2026-04-29 14:12:37Z" end-time="2026-04-29 14:12:37Z" duration="0.001934" asserts="0">
                <properties>
                  <property name="retryIteration" value="0" />
                  <property name="repeatIteration" value="0" />
                </properties>
              </test-case>
              <test-case id="1398" name="DefeatUnit_RemovesUnitFromBoard" fullname="Tests.Battle.Backend.BackendBehaviorTests.DefeatUnit_RemovesUnitFromBoard" methodname="DefeatUnit_RemovesUnitFromBoard" classname="Tests.Battle.Backend.BackendBehaviorTests" runstate="Runnable" seed="808190365" result="Passed" start-time="2026-04-29 14:12:37Z" end-time="2026-04-29 14:12:37Z" duration="0.000702" asserts="0">
                <properties>
                  <property name="retryIteration" value="0" />
                  <property name="repeatIteration" value="0" />
                </properties>
              </test-case>
              <test-case id="1413" name="InfiniteStatus_DoesNotExpireOnTurnEnd" fullname="Tests.Battle.Backend.BackendBehaviorTests.InfiniteStatus_DoesNotExpireOnTurnEnd" methodname="InfiniteStatus_DoesNotExpireOnTurnEnd" classname="Tests.Battle.Backend.BackendBehaviorTests" runstate="Runnable" seed="1879014110" result="Passed" start-time="2026-04-29 14:12:37Z" end-time="2026-04-29 14:12:37Z" duration="0.002165" asserts="0">
                <properties>
                  <property name="retryIteration" value="0" />
                  <property name="repeatIteration" value="0" />
                </properties>
              </test-case>
              <test-case id="1410" name="OnAPLossHook_FiresWhenAPDecreases_ViaAbilityUse" fullname="Tests.Battle.Backend.BackendBehaviorTests.OnAPLossHook_FiresWhenAPDecreases_ViaAbilityUse" methodname="OnAPLossHook_FiresWhenAPDecreases_ViaAbilityUse" classname="Tests.Battle.Backend.BackendBehaviorTests" runstate="Runnable" seed="559671733" result="Passed" start-time="2026-04-29 14:12:37Z" end-time="2026-04-29 14:12:37Z" duration="0.003915" asserts="0">
                <properties>
                  <property name="retryIteration" value="0" />
                  <property name="repeatIteration" value="0" />
                </properties>
              </test-case>
              <test-case id="1409" name="OnHPLossHook_FiresWhenHPDecreases_ViaAbility" fullname="Tests.Battle.Backend.BackendBehaviorTests.OnHPLossHook_FiresWhenHPDecreases_ViaAbility" methodname="OnHPLossHook_FiresWhenHPDecreases_ViaAbility" classname="Tests.Battle.Backend.BackendBehaviorTests" runstate="Runnable" seed="1050863892" result="Passed" start-time="2026-04-29 14:12:37Z" end-time="2026-04-29 14:12:37Z" duration="0.000849" asserts="0">
                <properties>
                  <property name="retryIteration" value="0" />
                  <property name="repeatIteration" value="0" />
                </properties>
              </test-case>
              <test-case id="1411" name="OnMPLossHook_FiresWhenMPDecreases_ViaMove" fullname="Tests.Battle.Backend.BackendBehaviorTests.OnMPLossHook_FiresWhenMPDecreases_ViaMove" methodname="OnMPLossHook_FiresWhenMPDecreases_ViaMove" classname="Tests.Battle.Backend.BackendBehaviorTests" runstate="Runnable" seed="1623335470" result="Passed" start-time="2026-04-29 14:12:37Z" end-time="2026-04-29 14:12:37Z" duration="0.000692" asserts="0">
                <properties>
                  <property name="retryIteration" value="0" />
                  <property name="repeatIteration" value="0" />
                </properties>
              </test-case>
              <test-case id="1397" name="Resolution_DoesNotEndTurn_WhenResolverReturnsFalse" fullname="Tests.Battle.Backend.BackendBehaviorTests.Resolution_DoesNotEndTurn_WhenResolverReturnsFalse" methodname="Resolution_DoesNotEndTurn_WhenResolverReturnsFalse" classname="Tests.Battle.Backend.BackendBehaviorTests" runstate="Runnable" seed="2139026317" result="Passed" start-time="2026-04-29 14:12:37Z" end-time="2026-04-29 14:12:37Z" duration="0.000839" asserts="0">
                <properties>
                  <property name="retryIteration" value="0" />
                  <property name="repeatIteration" value="0" />
                </properties>
              </test-case>
              <test-case id="1396" name="Resolution_RevertsToPreviousPhase_WhenResolverReturnsFalse" fullname="Tests.Battle.Backend.BackendBehaviorTests.Resolution_RevertsToPreviousPhase_WhenResolverReturnsFalse" methodname="Resolution_RevertsToPreviousPhase_WhenResolverReturnsFalse" classname="Tests.Battle.Backend.BackendBehaviorTests" runstate="Runnable" seed="1069085453" result="Passed" start-time="2026-04-29 14:12:37Z" end-time="2026-04-29 14:12:37Z" duration="0.000853" asserts="0">
                <properties>
                  <property name="retryIteration" value="0" />
                  <property name="repeatIteration" value="0" />
                </properties>
              </test-case>
              <test-case id="1412" name="TurnBasedStatus_ExpiresAfterDuration" fullname="Tests.Battle.Backend.BackendBehaviorTests.TurnBasedStatus_ExpiresAfterDuration" methodname="TurnBasedStatus_ExpiresAfterDuration" classname="Tests.Battle.Backend.BackendBehaviorTests" runstate="Runnable" seed="558866285" result="Passed" start-time="2026-04-29 14:12:37Z" end-time="2026-04-29 14:12:37Z" duration="0.000740" asserts="0">
                <properties>
                  <property name="retryIteration" value="0" />
                  <property name="repeatIteration" value="0" />
                </properties>
              </test-case>
              <test-case id="1402" name="TurnEndHook_FiresOnTurnEnd_AndDamagesUnit" fullname="Tests.Battle.Backend.BackendBehaviorTests.TurnEndHook_FiresOnTurnEnd_AndDamagesUnit" methodname="TurnEndHook_FiresOnTurnEnd_AndDamagesUnit" classname="Tests.Battle.Backend.BackendBehaviorTests" runstate="Runnable" seed="468449795" result="Passed" start-time="2026-04-29 14:12:37Z" end-time="2026-04-29 14:12:37Z" duration="0.000755" asserts="0">
                <properties>
                  <property name="retryIteration" value="0" />
                  <property name="repeatIteration" value="0" />
                </properties>
              </test-case>
              <test-case id="1401" name="TurnStartHook_FiresOnTurnBegin_AndDamagesUnit" fullname="Tests.Battle.Backend.BackendBehaviorTests.TurnStartHook_FiresOnTurnBegin_AndDamagesUnit" methodname="TurnStartHook_FiresOnTurnBegin_AndDamagesUnit" classname="Tests.Battle.Backend.BackendBehaviorTests" runstate="Runnable" seed="851099811" result="Passed" start-time="2026-04-29 14:12:37Z" end-time="2026-04-29 14:12:37Z" duration="0.000572" asserts="0">
                <properties>
                  <property name="retryIteration" value="0" />
                  <property name="repeatIteration" value="0" />
                </properties>
              </test-case>
            </test-suite>
          </test-suite>
          <test-suite type="TestSuite" id="1434" name="Flow" fullname="Tests.Battle.Flow" runstate="Runnable" testcasecount="1" result="Passed" start-time="2026-04-29 14:12:37Z" end-time="2026-04-29 14:12:37Z" duration="0.009586" total="1" passed="1" failed="0" inconclusive="0" skipped="0" asserts="0">
            <properties />
            <test-suite type="TestFixture" id="1347" name="BattleCombatFlowTests" fullname="Tests.Battle.Flow.BattleCombatFlowTests" classname="Tests.Battle.Flow.BattleCombatFlowTests" runstate="Runnable" testcasecount="1" result="Passed" start-time="2026-04-29 14:12:37Z" end-time="2026-04-29 14:12:37Z" duration="0.004489" total="1" passed="1" failed="0" inconclusive="0" skipped="0" asserts="0">
              <properties />
              <test-case id="1348" name="WholeCombat_PlayerKillsEnemy_AndBattleEndsWithPlayerVictory" fullname="Tests.Battle.Flow.BattleCombatFlowTests.WholeCombat_PlayerKillsEnemy_AndBattleEndsWithPlayerVictory" methodname="WholeCombat_PlayerKillsEnemy_AndBattleEndsWithPlayerVictory" classname="Tests.Battle.Flow.BattleCombatFlowTests" runstate="Runnable" seed="924978473" result="Passed" start-time="2026-04-29 14:12:37Z" end-time="2026-04-29 14:12:37Z" duration="0.001592" asserts="0">
                <properties>
                  <property name="retryIteration" value="0" />
                  <property name="repeatIteration" value="0" />
                </properties>
              </test-case>
            </test-suite>
          </test-suite>
          <test-suite type="TestSuite" id="1435" name="LineOfSight" fullname="Tests.Battle.LineOfSight" runstate="Runnable" testcasecount="45" result="Passed" start-time="2026-04-29 14:12:37Z" end-time="2026-04-29 14:12:37Z" duration="0.082590" total="45" passed="45" failed="0" inconclusive="0" skipped="0" asserts="0">
            <properties />
            <test-suite type="TestFixture" id="1349" name="LineOfSightTests" fullname="Tests.Battle.LineOfSight.LineOfSightTests" classname="Tests.Battle.LineOfSight.LineOfSightTests" runstate="Runnable" testcasecount="45" result="Passed" start-time="2026-04-29 14:12:37Z" end-time="2026-04-29 14:12:37Z" duration="0.079007" total="45" passed="45" failed="0" inconclusive="0" skipped="0" asserts="0">
              <properties />
              <test-case id="1380" name="Ability_NoLoSRequired_ReturnsValid_EvenWhenWallBlocks" fullname="Tests.Battle.LineOfSight.LineOfSightTests.Ability_NoLoSRequired_ReturnsValid_EvenWhenWallBlocks" methodname="Ability_NoLoSRequired_ReturnsValid_EvenWhenWallBlocks" classname="Tests.Battle.LineOfSight.LineOfSightTests" runstate="Runnable" seed="974921003" result="Passed" start-time="2026-04-29 14:12:37Z" end-time="2026-04-29 14:12:37Z" duration="0.004412" asserts="0">
                <properties>
                  <property name="retryIteration" value="0" />
                  <property name="repeatIteration" value="0" />
                </properties>
              </test-case>
              <test-case id="1393" name="Ability_NoLoSRequired_WalkableOrObstacle_AlwaysValid" fullname="Tests.Battle.LineOfSight.LineOfSightTests.Ability_NoLoSRequired_WalkableOrObstacle_AlwaysValid" methodname="Ability_NoLoSRequired_WalkableOrObstacle_AlwaysValid" classname="Tests.Battle.LineOfSight.LineOfSightTests" runstate="Runnable" seed="875372716" result="Passed" start-time="2026-04-29 14:12:37Z" end-time="2026-04-29 14:12:37Z" duration="0.001008" asserts="0">
                <properties>
                  <property name="retryIteration" value="0" />
                  <property name="repeatIteration" value="0" />
                </properties>
              </test-case>
              <test-case id="1384" name="Ability_RequiresLoS_DiagonalBlockedShot_ReturnsFalse" fullname="Tests.Battle.LineOfSight.LineOfSightTests.Ability_RequiresLoS_DiagonalBlockedShot_ReturnsFalse" methodname="Ability_RequiresLoS_DiagonalBlockedShot_ReturnsFalse" classname="Tests.Battle.LineOfSight.LineOfSightTests" runstate="Runnable" seed="885251389" result="Passed" start-time="2026-04-29 14:12:37Z" end-time="2026-04-29 14:12:37Z" duration="0.002095" asserts="0">
                <properties>
                  <property name="retryIteration" value="0" />
                  <property name="repeatIteration" value="0" />
                </properties>
              </test-case>
              <test-case id="1383" name="Ability_RequiresLoS_DiagonalClearShot_ReturnsValid" fullname="Tests.Battle.LineOfSight.LineOfSightTests.Ability_RequiresLoS_DiagonalClearShot_ReturnsValid" methodname="Ability_RequiresLoS_DiagonalClearShot_ReturnsValid" classname="Tests.Battle.LineOfSight.LineOfSightTests" runstate="Runnable" seed="315521573" result="Passed" start-time="2026-04-29 14:12:37Z" end-time="2026-04-29 14:12:37Z" duration="0.001002" asserts="0">
                <properties>
                  <property name="retryIteration" value="0" />
                  <property name="repeatIteration" value="0" />
                </properties>
              </test-case>
              <test-case id="1382" name="Ability_RequiresLoS_MultipleWallsBlock_ReturnsFalse" fullname="Tests.Battle.LineOfSight.LineOfSightTests.Ability_RequiresLoS_MultipleWallsBlock_ReturnsFalse" methodname="Ability_RequiresLoS_MultipleWallsBlock_ReturnsFalse" classname="Tests.Battle.LineOfSight.LineOfSightTests" runstate="Runnable" seed="400008811" result="Passed" start-time="2026-04-29 14:12:37Z" end-time="2026-04-29 14:12:37Z" duration="0.000948" asserts="0">
                <properties>
                  <property name="retryIteration" value="0" />
                  <property name="repeatIteration" value="0" />
                </properties>
              </test-case>
              <test-case id="1392" name="Ability_RequiresLoS_ObstacleWallBlocks_BothUnitsPlaced_ReturnsFalse" fullname="Tests.Battle.LineOfSight.LineOfSightTests.Ability_RequiresLoS_ObstacleWallBlocks_BothUnitsPlaced_ReturnsFalse" methodname="Ability_RequiresLoS_ObstacleWallBlocks_BothUnitsPlaced_ReturnsFalse" classname="Tests.Battle.LineOfSight.LineOfSightTests" runstate="Runnable" seed="1402851695" result="Passed" start-time="2026-04-29 14:12:37Z" end-time="2026-04-29 14:12:37Z" duration="0.000985" asserts="0">
                <properties>
                  <property name="retryIteration" value="0" />
                  <property name="repeatIteration" value="0" />
                </properties>
              </test-case>
              <test-case id="1378" name="Ability_RequiresLoS_ReturnsFalse_WhenWallBlocks" fullname="Tests.Battle.LineOfSight.LineOfSightTests.Ability_RequiresLoS_ReturnsFalse_WhenWallBlocks" methodname="Ability_RequiresLoS_ReturnsFalse_WhenWallBlocks" classname="Tests.Battle.LineOfSight.LineOfSightTests" runstate="Runnable" seed="330420263" result="Passed" start-time="2026-04-29 14:12:37Z" end-time="2026-04-29 14:12:37Z" duration="0.000977" asserts="0">
                <properties>
                  <property name="retryIteration" value="0" />
                  <property name="repeatIteration" value="0" />
                </properties>
              </test-case>
              <test-case id="1379" name="Ability_RequiresLoS_ReturnsValid_WhenPathClear" fullname="Tests.Battle.LineOfSight.LineOfSightTests.Ability_RequiresLoS_ReturnsValid_WhenPathClear" methodname="Ability_RequiresLoS_ReturnsValid_WhenPathClear" classname="Tests.Battle.LineOfSight.LineOfSightTests" runstate="Runnable" seed="945487706" result="Passed" start-time="2026-04-29 14:12:37Z" end-time="2026-04-29 14:12:37Z" duration="0.001046" asserts="0">
                <properties>
                  <property name="retryIteration" value="0" />
                  <property name="repeatIteration" value="0" />
                </properties>
              </test-case>
              <test-case id="1391" name="Ability_RequiresLoS_WalkablePath_BothUnitsPlaced_ReturnsValid" fullname="Tests.Battle.LineOfSight.LineOfSightTests.Ability_RequiresLoS_WalkablePath_BothUnitsPlaced_ReturnsValid" methodname="Ability_RequiresLoS_WalkablePath_BothUnitsPlaced_ReturnsValid" classname="Tests.Battle.LineOfSight.LineOfSightTests" runstate="Runnable" seed="946631732" result="Passed" start-time="2026-04-29 14:12:37Z" end-time="2026-04-29 14:12:37Z" duration="0.001001" asserts="0">
                <properties>
                  <property name="retryIteration" value="0" />
                  <property name="repeatIteration" value="0" />
                </properties>
              </test-case>
              <test-case id="1381" name="Ability_RequiresLoS_WallBesidePath_ReturnsValid" fullname="Tests.Battle.LineOfSight.LineOfSightTests.Ability_RequiresLoS_WallBesidePath_ReturnsValid" methodname="Ability_RequiresLoS_WallBesidePath_ReturnsValid" classname="Tests.Battle.LineOfSight.LineOfSightTests" runstate="Runnable" seed="1994376361" result="Passed" start-time="2026-04-29 14:12:37Z" end-time="2026-04-29 14:12:37Z" duration="0.000954" asserts="0">
                <properties>
                  <property name="retryIteration" value="0" />
                  <property name="repeatIteration" value="0" />
                </properties>
              </test-case>
              <test-case id="1394" name="Ability_RequiresLoS_WallBesideWalkablePath_ReturnsValid" fullname="Tests.Battle.LineOfSight.LineOfSightTests.Ability_RequiresLoS_WallBesideWalkablePath_ReturnsValid" methodname="Ability_RequiresLoS_WallBesideWalkablePath_ReturnsValid" classname="Tests.Battle.LineOfSight.LineOfSightTests" runstate="Runnable" seed="737904151" result="Passed" start-time="2026-04-29 14:12:37Z" end-time="2026-04-29 14:12:37Z" duration="0.000897" asserts="0">
                <properties>
                  <property name="retryIteration" value="0" />
                  <property name="repeatIteration" value="0" />
                </properties>
              </test-case>
              <test-case id="1352" name="Adjacent_AlongXAxis_ReturnsTrue" fullname="Tests.Battle.LineOfSight.LineOfSightTests.Adjacent_AlongXAxis_ReturnsTrue" methodname="Adjacent_AlongXAxis_ReturnsTrue" classname="Tests.Battle.LineOfSight.LineOfSightTests" runstate="Runnable" seed="772547246" result="Passed" start-time="2026-04-29 14:12:37Z" end-time="2026-04-29 14:12:37Z" duration="0.000920" asserts="0">
                <properties>
                  <property name="retryIteration" value="0" />
                  <property name="repeatIteration" value="0" />
                </properties>
              </test-case>
              <test-case id="1351" name="Adjacent_AlongZAxis_ReturnsTrue" fullname="Tests.Battle.LineOfSight.LineOfSightTests.Adjacent_AlongZAxis_ReturnsTrue" methodname="Adjacent_AlongZAxis_ReturnsTrue" classname="Tests.Battle.LineOfSight.LineOfSightTests" runstate="Runnable" seed="132309170" result="Passed" start-time="2026-04-29 14:12:37Z" end-time="2026-04-29 14:12:37Z" duration="0.000837" asserts="0">
                <properties>
                  <property name="retryIteration" value="0" />
                  <property name="repeatIteration" value="0" />
                </properties>
              </test-case>
              <test-case id="1353" name="Adjacent_Diagonal_ReturnsTrue" fullname="Tests.Battle.LineOfSight.LineOfSightTests.Adjacent_Diagonal_ReturnsTrue" methodname="Adjacent_Diagonal_ReturnsTrue" classname="Tests.Battle.LineOfSight.LineOfSightTests" runstate="Runnable" seed="495144859" result="Passed" start-time="2026-04-29 14:12:37Z" end-time="2026-04-29 14:12:37Z" duration="0.000829" asserts="0">
                <properties>
                  <property name="retryIteration" value="0" />
                  <property name="repeatIteration" value="0" />
                </properties>
              </test-case>
              <test-case id="1373" name="BothOutsideBoard_ReturnsFalse" fullname="Tests.Battle.LineOfSight.LineOfSightTests.BothOutsideBoard_ReturnsFalse" methodname="BothOutsideBoard_ReturnsFalse" classname="Tests.Battle.LineOfSight.LineOfSightTests" runstate="Runnable" seed="24003582" result="Passed" start-time="2026-04-29 14:12:37Z" end-time="2026-04-29 14:12:37Z" duration="0.000963" asserts="0">
                <properties>
                  <property name="retryIteration" value="0" />
                  <property name="repeatIteration" value="0" />
                </properties>
              </test-case>
              <test-case id="1355" name="LongClear_AlongXAxis_ReturnsTrue" fullname="Tests.Battle.LineOfSight.LineOfSightTests.LongClear_AlongXAxis_ReturnsTrue" methodname="LongClear_AlongXAxis_ReturnsTrue" classname="Tests.Battle.LineOfSight.LineOfSightTests" runstate="Runnable" seed="2027956700" result="Passed" start-time="2026-04-29 14:12:37Z" end-time="2026-04-29 14:12:37Z" duration="0.000771" asserts="0">
                <properties>
                  <property name="retryIteration" value="0" />
                  <property name="repeatIteration" value="0" />
                </properties>
              </test-case>
              <test-case id="1354" name="LongClear_AlongZAxis_ReturnsTrue" fullname="Tests.Battle.LineOfSight.LineOfSightTests.LongClear_AlongZAxis_ReturnsTrue" methodname="LongClear_AlongZAxis_ReturnsTrue" classname="Tests.Battle.LineOfSight.LineOfSightTests" runstate="Runnable" seed="351705698" result="Passed" start-time="2026-04-29 14:12:37Z" end-time="2026-04-29 14:12:37Z" duration="0.003994" asserts="0">
                <properties>
                  <property name="retryIteration" value="0" />
                  <property name="repeatIteration" value="0" />
                </properties>
              </test-case>
              <test-case id="1357" name="LongClear_ArbitraryAngle_ReturnsTrue" fullname="Tests.Battle.LineOfSight.LineOfSightTests.LongClear_ArbitraryAngle_ReturnsTrue" methodname="LongClear_ArbitraryAngle_ReturnsTrue" classname="Tests.Battle.LineOfSight.LineOfSightTests" runstate="Runnable" seed="1871885292" result="Passed" start-time="2026-04-29 14:12:37Z" end-time="2026-04-29 14:12:37Z" duration="0.002360" asserts="0">
                <properties>
                  <property name="retryIteration" value="0" />
                  <property name="repeatIteration" value="0" />
                </properties>
              </test-case>
              <test-case id="1356" name="LongClear_Diagonal_ReturnsTrue" fullname="Tests.Battle.LineOfSight.LineOfSightTests.LongClear_Diagonal_ReturnsTrue" methodname="LongClear_Diagonal_ReturnsTrue" classname="Tests.Battle.LineOfSight.LineOfSightTests" runstate="Runnable" seed="491700" result="Passed" start-time="2026-04-29 14:12:37Z" end-time="2026-04-29 14:12:37Z" duration="0.002049" asserts="0">
                <properties>
                  <property name="retryIteration" value="0" />
                  <property name="repeatIteration" value="0" />
                </properties>
              </test-case>
              <test-case id="1375" name="LoS_IsSymmetric_WhenBlocked" fullname="Tests.Battle.LineOfSight.LineOfSightTests.LoS_IsSymmetric_WhenBlocked" methodname="LoS_IsSymmetric_WhenBlocked" classname="Tests.Battle.LineOfSight.LineOfSightTests" runstate="Runnable" seed="738058724" result="Passed" start-time="2026-04-29 14:12:37Z" end-time="2026-04-29 14:12:37Z" duration="0.001729" asserts="0">
                <properties>
                  <property name="retryIteration" value="0" />
                  <property name="repeatIteration" value="0" />
                </properties>
              </test-case>
              <test-case id="1374" name="LoS_IsSymmetric_WhenClear" fullname="Tests.Battle.LineOfSight.LineOfSightTests.LoS_IsSymmetric_WhenClear" methodname="LoS_IsSymmetric_WhenClear" classname="Tests.Battle.LineOfSight.LineOfSightTests" runstate="Runnable" seed="1437793024" result="Passed" start-time="2026-04-29 14:12:37Z" end-time="2026-04-29 14:12:37Z" duration="0.002062" asserts="0">
                <properties>
                  <property name="retryIteration" value="0" />
                  <property name="repeatIteration" value="0" />
                </properties>
              </test-case>
              <test-case id="1376" name="LShapedObstacle_ShotAroundIt_ReturnsTrue" fullname="Tests.Battle.LineOfSight.LineOfSightTests.LShapedObstacle_ShotAroundIt_ReturnsTrue" methodname="LShapedObstacle_ShotAroundIt_ReturnsTrue" classname="Tests.Battle.LineOfSight.LineOfSightTests" runstate="Runnable" seed="1082981204" result="Passed" start-time="2026-04-29 14:12:37Z" end-time="2026-04-29 14:12:37Z" duration="0.001786" asserts="0">
                <properties>
                  <property name="retryIteration" value="0" />
                  <property name="repeatIteration" value="0" />
                </properties>
              </test-case>
              <test-case id="1377" name="LShapedObstacle_ShotThroughIt_ReturnsFalse" fullname="Tests.Battle.LineOfSight.LineOfSightTests.LShapedObstacle_ShotThroughIt_ReturnsFalse" methodname="LShapedObstacle_ShotThroughIt_ReturnsFalse" classname="Tests.Battle.LineOfSight.LineOfSightTests" runstate="Runnable" seed="496501812" result="Passed" start-time="2026-04-29 14:12:37Z" end-time="2026-04-29 14:12:37Z" duration="0.001615" asserts="0">
                <properties>
                  <property name="retryIteration" value="0" />
                  <property name="repeatIteration" value="0" />
                </properties>
              </test-case>
              <test-case id="1366" name="MultipleWalls_AllOnPath_ReturnsFalse" fullname="Tests.Battle.LineOfSight.LineOfSightTests.MultipleWalls_AllOnPath_ReturnsFalse" methodname="MultipleWalls_AllOnPath_ReturnsFalse" classname="Tests.Battle.LineOfSight.LineOfSightTests" runstate="Runnable" seed="511351563" result="Passed" start-time="2026-04-29 14:12:37Z" end-time="2026-04-29 14:12:37Z" duration="0.001733" asserts="0">
                <properties>
                  <property name="retryIteration" value="0" />
                  <property name="repeatIteration" value="0" />
                </properties>
              </test-case>
              <test-case id="1368" name="MultipleWalls_NoneOnPath_ReturnsTrue" fullname="Tests.Battle.LineOfSight.LineOfSightTests.MultipleWalls_NoneOnPath_ReturnsTrue" methodname="MultipleWalls_NoneOnPath_ReturnsTrue" classname="Tests.Battle.LineOfSight.LineOfSightTests" runstate="Runnable" seed="2073266562" result="Passed" start-time="2026-04-29 14:12:37Z" end-time="2026-04-29 14:12:37Z" duration="0.001566" asserts="0">
                <properties>
                  <property name="retryIteration" value="0" />
                  <property name="repeatIteration" value="0" />
                </properties>
              </test-case>
              <test-case id="1367" name="MultipleWalls_OnlyOneOnPath_ReturnsFalse" fullname="Tests.Battle.LineOfSight.LineOfSightTests.MultipleWalls_OnlyOneOnPath_ReturnsFalse" methodname="MultipleWalls_OnlyOneOnPath_ReturnsFalse" classname="Tests.Battle.LineOfSight.LineOfSightTests" runstate="Runnable" seed="1407046881" result="Passed" start-time="2026-04-29 14:12:37Z" end-time="2026-04-29 14:12:37Z" duration="0.001587" asserts="0">
                <properties>
                  <property name="retryIteration" value="0" />
                  <property name="repeatIteration" value="0" />
                </properties>
              </test-case>
              <test-case id="1386" name="ObstacleWall_OnPath_BlocksLoS_WhileWalkableDoesNot" fullname="Tests.Battle.LineOfSight.LineOfSightTests.ObstacleWall_OnPath_BlocksLoS_WhileWalkableDoesNot" methodname="ObstacleWall_OnPath_BlocksLoS_WhileWalkableDoesNot" classname="Tests.Battle.LineOfSight.LineOfSightTests" runstate="Runnable" seed="1572630464" result="Passed" start-time="2026-04-29 14:12:37Z" end-time="2026-04-29 14:12:37Z" duration="0.001592" asserts="0">
                <properties>
                  <property name="retryIteration" value="0" />
                  <property name="repeatIteration" value="0" />
                </properties>
              </test-case>
              <test-case id="1390" name="PlaceUnit_Fails_WhenStandingSpaceIsBlockedByObstacle" fullname="Tests.Battle.LineOfSight.LineOfSightTests.PlaceUnit_Fails_WhenStandingSpaceIsBlockedByObstacle" methodname="PlaceUnit_Fails_WhenStandingSpaceIsBlockedByObstacle" classname="Tests.Battle.LineOfSight.LineOfSightTests" runstate="Runnable" seed="251037337" result="Passed" start-time="2026-04-29 14:12:37Z" end-time="2026-04-29 14:12:37Z" duration="0.015886" asserts="0">
                <properties>
                  <property name="retryIteration" value="0" />
                  <property name="repeatIteration" value="0" />
                </properties>
              </test-case>
              <test-case id="1389" name="PlaceUnit_Succeeds_OnWalkableCell" fullname="Tests.Battle.LineOfSight.LineOfSightTests.PlaceUnit_Succeeds_OnWalkableCell" methodname="PlaceUnit_Succeeds_OnWalkableCell" classname="Tests.Battle.LineOfSight.LineOfSightTests" runstate="Runnable" seed="2131488433" result="Passed" start-time="2026-04-29 14:12:37Z" end-time="2026-04-29 14:12:37Z" duration="0.000793" asserts="0">
                <properties>
                  <property name="retryIteration" value="0" />
                  <property name="repeatIteration" value="0" />
                </properties>
              </test-case>
              <test-case id="1350" name="SameCell_ReturnsTrue" fullname="Tests.Battle.LineOfSight.LineOfSightTests.SameCell_ReturnsTrue" methodname="SameCell_ReturnsTrue" classname="Tests.Battle.LineOfSight.LineOfSightTests" runstate="Runnable" seed="1497598749" result="Passed" start-time="2026-04-29 14:12:37Z" end-time="2026-04-29 14:12:37Z" duration="0.000618" asserts="0">
                <properties>
                  <property name="retryIteration" value="0" />
                  <property name="repeatIteration" value="0" />
                </properties>
              </test-case>
              <test-case id="1360" name="SingleWall_BlocksDiagonalShot_ReturnsFalse" fullname="Tests.Battle.LineOfSight.LineOfSightTests.SingleWall_BlocksDiagonalShot_ReturnsFalse" methodname="SingleWall_BlocksDiagonalShot_ReturnsFalse" classname="Tests.Battle.LineOfSight.LineOfSightTests" runstate="Runnable" seed="269991187" result="Passed" start-time="2026-04-29 14:12:37Z" end-time="2026-04-29 14:12:37Z" duration="0.000623" asserts="0">
                <properties>
                  <property name="retryIteration" value="0" />
                  <property name="repeatIteration" value="0" />
                </properties>
              </test-case>
              <test-case id="1359" name="SingleWall_BlocksXAxisShot_ReturnsFalse" fullname="Tests.Battle.LineOfSight.LineOfSightTests.SingleWall_BlocksXAxisShot_ReturnsFalse" methodname="SingleWall_BlocksXAxisShot_ReturnsFalse" classname="Tests.Battle.LineOfSight.LineOfSightTests" runstate="Runnable" seed="2092789961" result="Passed" start-time="2026-04-29 14:12:37Z" end-time="2026-04-29 14:12:37Z" duration="0.000636" asserts="0">
                <properties>
                  <property name="retryIteration" value="0" />
                  <property name="repeatIteration" value="0" />
                </properties>
              </test-case>
              <test-case id="1358" name="SingleWall_BlocksZAxisShot_ReturnsFalse" fullname="Tests.Battle.LineOfSight.LineOfSightTests.SingleWall_BlocksZAxisShot_ReturnsFalse" methodname="SingleWall_BlocksZAxisShot_ReturnsFalse" classname="Tests.Battle.LineOfSight.LineOfSightTests" runstate="Runnable" seed="1429202699" result="Passed" start-time="2026-04-29 14:12:37Z" end-time="2026-04-29 14:12:37Z" duration="0.000592" asserts="0">
                <properties>
                  <property name="retryIteration" value="0" />
                  <property name="repeatIteration" value="0" />
                </properties>
              </test-case>
              <test-case id="1371" name="SourceOutsideBoard_ReturnsFalse" fullname="Tests.Battle.LineOfSight.LineOfSightTests.SourceOutsideBoard_ReturnsFalse" methodname="SourceOutsideBoard_ReturnsFalse" classname="Tests.Battle.LineOfSight.LineOfSightTests" runstate="Runnable" seed="9614787" result="Passed" start-time="2026-04-29 14:12:37Z" end-time="2026-04-29 14:12:37Z" duration="0.000630" asserts="0">
                <properties>
                  <property name="retryIteration" value="0" />
                  <property name="repeatIteration" value="0" />
                </properties>
              </test-case>
              <test-case id="1372" name="TargetOutsideBoard_ReturnsFalse" fullname="Tests.Battle.LineOfSight.LineOfSightTests.TargetOutsideBoard_ReturnsFalse" methodname="TargetOutsideBoard_ReturnsFalse" classname="Tests.Battle.LineOfSight.LineOfSightTests" runstate="Runnable" seed="1681505423" result="Passed" start-time="2026-04-29 14:12:37Z" end-time="2026-04-29 14:12:37Z" duration="0.000628" asserts="0">
                <properties>
                  <property name="retryIteration" value="0" />
                  <property name="repeatIteration" value="0" />
                </properties>
              </test-case>
              <test-case id="1385" name="WalkableVoxel_OnPath_DoesNotBlockLoS" fullname="Tests.Battle.LineOfSight.LineOfSightTests.WalkableVoxel_OnPath_DoesNotBlockLoS" methodname="WalkableVoxel_OnPath_DoesNotBlockLoS" classname="Tests.Battle.LineOfSight.LineOfSightTests" runstate="Runnable" seed="689410767" result="Passed" start-time="2026-04-29 14:12:37Z" end-time="2026-04-29 14:12:37Z" duration="0.000618" asserts="0">
                <properties>
                  <property name="retryIteration" value="0" />
                  <property name="repeatIteration" value="0" />
                </properties>
              </test-case>
              <test-case id="1387" name="WalkableVoxels_FullBoard_LongDiagonalClear" fullname="Tests.Battle.LineOfSight.LineOfSightTests.WalkableVoxels_FullBoard_LongDiagonalClear" methodname="WalkableVoxels_FullBoard_LongDiagonalClear" classname="Tests.Battle.LineOfSight.LineOfSightTests" runstate="Runnable" seed="743537077" result="Passed" start-time="2026-04-29 14:12:37Z" end-time="2026-04-29 14:12:37Z" duration="0.000599" asserts="0">
                <properties>
                  <property name="retryIteration" value="0" />
                  <property name="repeatIteration" value="0" />
                </properties>
              </test-case>
              <test-case id="1388" name="WalkableVoxels_ReplacedByObstacle_BlocksOnlyThatCell" fullname="Tests.Battle.LineOfSight.LineOfSightTests.WalkableVoxels_ReplacedByObstacle_BlocksOnlyThatCell" methodname="WalkableVoxels_ReplacedByObstacle_BlocksOnlyThatCell" classname="Tests.Battle.LineOfSight.LineOfSightTests" runstate="Runnable" seed="1922296305" result="Passed" start-time="2026-04-29 14:12:37Z" end-time="2026-04-29 14:12:37Z" duration="0.000633" asserts="0">
                <properties>
                  <property name="retryIteration" value="0" />
                  <property name="repeatIteration" value="0" />
                </properties>
              </test-case>
              <test-case id="1362" name="WallAdjacentToSource_DoesNotBlockShot_ReturnsTrue" fullname="Tests.Battle.LineOfSight.LineOfSightTests.WallAdjacentToSource_DoesNotBlockShot_ReturnsTrue" methodname="WallAdjacentToSource_DoesNotBlockShot_ReturnsTrue" classname="Tests.Battle.LineOfSight.LineOfSightTests" runstate="Runnable" seed="1262863503" result="Passed" start-time="2026-04-29 14:12:37Z" end-time="2026-04-29 14:12:37Z" duration="0.000595" asserts="0">
                <properties>
                  <property name="retryIteration" value="0" />
                  <property name="repeatIteration" value="0" />
                </properties>
              </test-case>
              <test-case id="1363" name="WallAdjacentToTarget_DoesNotBlockShot_ReturnsTrue" fullname="Tests.Battle.LineOfSight.LineOfSightTests.WallAdjacentToTarget_DoesNotBlockShot_ReturnsTrue" methodname="WallAdjacentToTarget_DoesNotBlockShot_ReturnsTrue" classname="Tests.Battle.LineOfSight.LineOfSightTests" runstate="Runnable" seed="123697190" result="Passed" start-time="2026-04-29 14:12:37Z" end-time="2026-04-29 14:12:37Z" duration="0.000600" asserts="0">
                <properties>
                  <property name="retryIteration" value="0" />
                  <property name="repeatIteration" value="0" />
                </properties>
              </test-case>
              <test-case id="1364" name="WallAtSourceCell_IsIgnored_ReturnsTrue" fullname="Tests.Battle.LineOfSight.LineOfSightTests.WallAtSourceCell_IsIgnored_ReturnsTrue" methodname="WallAtSourceCell_IsIgnored_ReturnsTrue" classname="Tests.Battle.LineOfSight.LineOfSightTests" runstate="Runnable" seed="1426791304" result="Passed" start-time="2026-04-29 14:12:37Z" end-time="2026-04-29 14:12:37Z" duration="0.000590" asserts="0">
                <properties>
                  <property name="retryIteration" value="0" />
                  <property name="repeatIteration" value="0" />
                </properties>
              </test-case>
              <test-case id="1365" name="WallAtTargetCell_IsIgnored_ReturnsTrue" fullname="Tests.Battle.LineOfSight.LineOfSightTests.WallAtTargetCell_IsIgnored_ReturnsTrue" methodname="WallAtTargetCell_IsIgnored_ReturnsTrue" classname="Tests.Battle.LineOfSight.LineOfSightTests" runstate="Runnable" seed="1826126232" result="Passed" start-time="2026-04-29 14:12:37Z" end-time="2026-04-29 14:12:37Z" duration="0.000587" asserts="0">
                <properties>
                  <property name="retryIteration" value="0" />
                  <property name="repeatIteration" value="0" />
                </properties>
              </test-case>
              <test-case id="1361" name="WallBesidePath_DoesNotBlockShot_ReturnsTrue" fullname="Tests.Battle.LineOfSight.LineOfSightTests.WallBesidePath_DoesNotBlockShot_ReturnsTrue" methodname="WallBesidePath_DoesNotBlockShot_ReturnsTrue" classname="Tests.Battle.LineOfSight.LineOfSightTests" runstate="Runnable" seed="171161289" result="Passed" start-time="2026-04-29 14:12:37Z" end-time="2026-04-29 14:12:37Z" duration="0.000594" asserts="0">
                <properties>
                  <property name="retryIteration" value="0" />
                  <property name="repeatIteration" value="0" />
                </properties>
              </test-case>
              <test-case id="1370" name="WallWithGap_LoSBlockedElsewhere_ReturnsFalse" fullname="Tests.Battle.LineOfSight.LineOfSightTests.WallWithGap_LoSBlockedElsewhere_ReturnsFalse" methodname="WallWithGap_LoSBlockedElsewhere_ReturnsFalse" classname="Tests.Battle.LineOfSight.LineOfSightTests" runstate="Runnable" seed="125515615" result="Passed" start-time="2026-04-29 14:12:37Z" end-time="2026-04-29 14:12:37Z" duration="0.000760" asserts="0">
                <properties>
                  <property name="retryIteration" value="0" />
                  <property name="repeatIteration" value="0" />
                </properties>
              </test-case>
              <test-case id="1369" name="WallWithGap_LoSThroughGap_ReturnsTrue" fullname="Tests.Battle.LineOfSight.LineOfSightTests.WallWithGap_LoSThroughGap_ReturnsTrue" methodname="WallWithGap_LoSThroughGap_ReturnsTrue" classname="Tests.Battle.LineOfSight.LineOfSightTests" runstate="Runnable" seed="703167482" result="Passed" start-time="2026-04-29 14:12:37Z" end-time="2026-04-29 14:12:37Z" duration="0.000591" asserts="0">
                <properties>
                  <property name="retryIteration" value="0" />
                  <property name="repeatIteration" value="0" />
                </properties>
              </test-case>
            </test-suite>
          </test-suite>
          <test-suite type="TestSuite" id="1433" name="Navigation" fullname="Tests.Battle.Navigation" runstate="Runnable" testcasecount="22" result="Passed" start-time="2026-04-29 14:12:37Z" end-time="2026-04-29 14:12:37Z" duration="0.021704" total="22" passed="22" failed="0" inconclusive="0" skipped="0" asserts="0">
            <properties />
            <test-suite type="TestFixture" id="1324" name="NavGraphTests" fullname="Tests.Battle.Navigation.NavGraphTests" classname="Tests.Battle.Navigation.NavGraphTests" runstate="Runnable" testcasecount="22" result="Passed" start-time="2026-04-29 14:12:37Z" end-time="2026-04-29 14:12:37Z" duration="0.016533" total="22" passed="22" failed="0" inconclusive="0" skipped="0" asserts="0">
              <properties />
              <test-case id="1345" name="BoardNavigationLayer_IsNotStandable_WhereWalled" fullname="Tests.Battle.Navigation.NavGraphTests.BoardNavigationLayer_IsNotStandable_WhereWalled" methodname="BoardNavigationLayer_IsNotStandable_WhereWalled" classname="Tests.Battle.Navigation.NavGraphTests" runstate="Runnable" seed="18030323" result="Passed" start-time="2026-04-29 14:12:37Z" end-time="2026-04-29 14:12:37Z" duration="0.001772" asserts="0">
                <properties>
                  <property name="retryIteration" value="0" />
                  <property name="repeatIteration" value="0" />
                </properties>
              </test-case>
              <test-case id="1344" name="BoardNavigationLayer_IsStandable_AfterBuild" fullname="Tests.Battle.Navigation.NavGraphTests.BoardNavigationLayer_IsStandable_AfterBuild" methodname="BoardNavigationLayer_IsStandable_AfterBuild" classname="Tests.Battle.Navigation.NavGraphTests" runstate="Runnable" seed="583228541" result="Passed" start-time="2026-04-29 14:12:37Z" end-time="2026-04-29 14:12:37Z" duration="0.000367" asserts="0">
                <properties>
                  <property name="retryIteration" value="0" />
                  <property name="repeatIteration" value="0" />
                </properties>
              </test-case>
              <test-case id="1346" name="BoardNavigationLayer_PublicGraphProperty_ExposesInjectedNodes" fullname="Tests.Battle.Navigation.NavGraphTests.BoardNavigationLayer_PublicGraphProperty_ExposesInjectedNodes" methodname="BoardNavigationLayer_PublicGraphProperty_ExposesInjectedNodes" classname="Tests.Battle.Navigation.NavGraphTests" runstate="Runnable" seed="984625954" result="Passed" start-time="2026-04-29 14:12:37Z" end-time="2026-04-29 14:12:37Z" duration="0.000367" asserts="0">
                <properties>
                  <property name="retryIteration" value="0" />
                  <property name="repeatIteration" value="0" />
                </properties>
              </test-case>
              <test-case id="1342" name="CreateNode_OutsideGraph_ThrowsArgumentOutOfRange" fullname="Tests.Battle.Navigation.NavGraphTests.CreateNode_OutsideGraph_ThrowsArgumentOutOfRange" methodname="CreateNode_OutsideGraph_ThrowsArgumentOutOfRange" classname="Tests.Battle.Navigation.NavGraphTests" runstate="Runnable" seed="880848397" result="Passed" start-time="2026-04-29 14:12:37Z" end-time="2026-04-29 14:12:37Z" duration="0.001098" asserts="0">
                <properties>
                  <property name="retryIteration" value="0" />
                  <property name="repeatIteration" value="0" />
                </properties>
              </test-case>
              <test-case id="1341" name="CreateNode_Twice_ReturnsSameNode" fullname="Tests.Battle.Navigation.NavGraphTests.CreateNode_Twice_ReturnsSameNode" methodname="CreateNode_Twice_ReturnsSameNode" classname="Tests.Battle.Navigation.NavGraphTests" runstate="Runnable" seed="163977697" result="Passed" start-time="2026-04-29 14:12:37Z" end-time="2026-04-29 14:12:37Z" duration="0.000774" asserts="0">
                <properties>
                  <property name="retryIteration" value="0" />
                  <property name="repeatIteration" value="0" />
                </properties>
              </test-case>
              <test-case id="1326" name="EmptyBoard_CreatesNoNodes" fullname="Tests.Battle.Navigation.NavGraphTests.EmptyBoard_CreatesNoNodes" methodname="EmptyBoard_CreatesNoNodes" classname="Tests.Battle.Navigation.NavGraphTests" runstate="Runnable" seed="2053582515" result="Passed" start-time="2026-04-29 14:12:37Z" end-time="2026-04-29 14:12:37Z" duration="0.000397" asserts="0">
                <properties>
                  <property name="retryIteration" value="0" />
                  <property name="repeatIteration" value="0" />
                </properties>
              </test-case>
              <test-case id="1332" name="FlatBoard_AdjacentNodes_AreLinked" fullname="Tests.Battle.Navigation.NavGraphTests.FlatBoard_AdjacentNodes_AreLinked" methodname="FlatBoard_AdjacentNodes_AreLinked" classname="Tests.Battle.Navigation.NavGraphTests" runstate="Runnable" seed="245710732" result="Passed" start-time="2026-04-29 14:12:37Z" end-time="2026-04-29 14:12:37Z" duration="0.000426" asserts="0">
                <properties>
                  <property name="retryIteration" value="0" />
                  <property name="repeatIteration" value="0" />
                </properties>
              </test-case>
              <test-case id="1333" name="FlatBoard_CornerNode_HasTwoNeighbours" fullname="Tests.Battle.Navigation.NavGraphTests.FlatBoard_CornerNode_HasTwoNeighbours" methodname="FlatBoard_CornerNode_HasTwoNeighbours" classname="Tests.Battle.Navigation.NavGraphTests" runstate="Runnable" seed="1226525321" result="Passed" start-time="2026-04-29 14:12:37Z" end-time="2026-04-29 14:12:37Z" duration="0.000330" asserts="0">
                <properties>
                  <property name="retryIteration" value="0" />
                  <property name="repeatIteration" value="0" />
                </properties>
              </test-case>
              <test-case id="1325" name="FlatBoard_CreatesOneNodePerCell_AtFloorY" fullname="Tests.Battle.Navigation.NavGraphTests.FlatBoard_CreatesOneNodePerCell_AtFloorY" methodname="FlatBoard_CreatesOneNodePerCell_AtFloorY" classname="Tests.Battle.Navigation.NavGraphTests" runstate="Runnable" seed="1828960768" result="Passed" start-time="2026-04-29 14:12:37Z" end-time="2026-04-29 14:12:37Z" duration="0.000386" asserts="0">
                <properties>
                  <property name="retryIteration" value="0" />
                  <property name="repeatIteration" value="0" />
                </properties>
              </test-case>
              <test-case id="1334" name="FlatBoard_EdgeNode_HasThreeNeighbours" fullname="Tests.Battle.Navigation.NavGraphTests.FlatBoard_EdgeNode_HasThreeNeighbours" methodname="FlatBoard_EdgeNode_HasThreeNeighbours" classname="Tests.Battle.Navigation.NavGraphTests" runstate="Runnable" seed="1228487491" result="Passed" start-time="2026-04-29 14:12:37Z" end-time="2026-04-29 14:12:37Z" duration="0.000339" asserts="0">
                <properties>
                  <property name="retryIteration" value="0" />
                  <property name="repeatIteration" value="0" />
                </properties>
              </test-case>
              <test-case id="1337" name="IslandBoard_NodesAreIsolated_WhenSurroundedByWalls" fullname="Tests.Battle.Navigation.NavGraphTests.IslandBoard_NodesAreIsolated_WhenSurroundedByWalls" methodname="IslandBoard_NodesAreIsolated_WhenSurroundedByWalls" classname="Tests.Battle.Navigation.NavGraphTests" runstate="Runnable" seed="1052915872" result="Passed" start-time="2026-04-29 14:12:37Z" end-time="2026-04-29 14:12:37Z" duration="0.000338" asserts="0">
                <properties>
                  <property name="retryIteration" value="0" />
                  <property name="repeatIteration" value="0" />
                </properties>
              </test-case>
              <test-case id="1340" name="ManuallyCreatedNode_IsReachable_ViaContainsNode" fullname="Tests.Battle.Navigation.NavGraphTests.ManuallyCreatedNode_IsReachable_ViaContainsNode" methodname="ManuallyCreatedNode_IsReachable_ViaContainsNode" classname="Tests.Battle.Navigation.NavGraphTests" runstate="Runnable" seed="1430355008" result="Passed" start-time="2026-04-29 14:12:37Z" end-time="2026-04-29 14:12:37Z" duration="0.000260" asserts="0">
                <properties>
                  <property name="retryIteration" value="0" />
                  <property name="repeatIteration" value="0" />
                </properties>
              </test-case>
              <test-case id="1343" name="ManuallyInjectedNode_IsReturnedByTryGetNode" fullname="Tests.Battle.Navigation.NavGraphTests.ManuallyInjectedNode_IsReturnedByTryGetNode" methodname="ManuallyInjectedNode_IsReturnedByTryGetNode" classname="Tests.Battle.Navigation.NavGraphTests" runstate="Runnable" seed="1759786806" result="Passed" start-time="2026-04-29 14:12:37Z" end-time="2026-04-29 14:12:37Z" duration="0.000349" asserts="0">
                <properties>
                  <property name="retryIteration" value="0" />
                  <property name="repeatIteration" value="0" />
                </properties>
              </test-case>
              <test-case id="1335" name="NeighbourConnection_IsSymmetric" fullname="Tests.Battle.Navigation.NavGraphTests.NeighbourConnection_IsSymmetric" methodname="NeighbourConnection_IsSymmetric" classname="Tests.Battle.Navigation.NavGraphTests" runstate="Runnable" seed="974084402" result="Passed" start-time="2026-04-29 14:12:37Z" end-time="2026-04-29 14:12:37Z" duration="0.000333" asserts="0">
                <properties>
                  <property name="retryIteration" value="0" />
                  <property name="repeatIteration" value="0" />
                </properties>
              </test-case>
              <test-case id="1331" name="NodeAtEachValidCell_WithMixedHeights" fullname="Tests.Battle.Navigation.NavGraphTests.NodeAtEachValidCell_WithMixedHeights" methodname="NodeAtEachValidCell_WithMixedHeights" classname="Tests.Battle.Navigation.NavGraphTests" runstate="Runnable" seed="666174775" result="Passed" start-time="2026-04-29 14:12:37Z" end-time="2026-04-29 14:12:37Z" duration="0.000541" asserts="0">
                <properties>
                  <property name="retryIteration" value="0" />
                  <property name="repeatIteration" value="0" />
                </properties>
              </test-case>
              <test-case id="1327" name="NullRegistry_CreatesNoNodes" fullname="Tests.Battle.Navigation.NavGraphTests.NullRegistry_CreatesNoNodes" methodname="NullRegistry_CreatesNoNodes" classname="Tests.Battle.Navigation.NavGraphTests" runstate="Runnable" seed="975957201" result="Passed" start-time="2026-04-29 14:12:37Z" end-time="2026-04-29 14:12:37Z" duration="0.000260" asserts="0">
                <properties>
                  <property name="retryIteration" value="0" />
                  <property name="repeatIteration" value="0" />
                </properties>
              </test-case>
              <test-case id="1330" name="OnlyFloorWithNoSpaceAbove_CreatesNoNodes" fullname="Tests.Battle.Navigation.NavGraphTests.OnlyFloorWithNoSpaceAbove_CreatesNoNodes" methodname="OnlyFloorWithNoSpaceAbove_CreatesNoNodes" classname="Tests.Battle.Navigation.NavGraphTests" runstate="Runnable" seed="1133068042" result="Passed" start-time="2026-04-29 14:12:37Z" end-time="2026-04-29 14:12:37Z" duration="0.000316" asserts="0">
                <properties>
                  <property name="retryIteration" value="0" />
                  <property name="repeatIteration" value="0" />
                </properties>
              </test-case>
              <test-case id="1329" name="WalkableVoxelAboveFloor_DoesNotBlockNode" fullname="Tests.Battle.Navigation.NavGraphTests.WalkableVoxelAboveFloor_DoesNotBlockNode" methodname="WalkableVoxelAboveFloor_DoesNotBlockNode" classname="Tests.Battle.Navigation.NavGraphTests" runstate="Runnable" seed="102967457" result="Passed" start-time="2026-04-29 14:12:37Z" end-time="2026-04-29 14:12:37Z" duration="0.000326" asserts="0">
                <properties>
                  <property name="retryIteration" value="0" />
                  <property name="repeatIteration" value="0" />
                </properties>
              </test-case>
              <test-case id="1338" name="WalkableVoxelAtStandingLevel_DoesNotAppearAsNode" fullname="Tests.Battle.Navigation.NavGraphTests.WalkableVoxelAtStandingLevel_DoesNotAppearAsNode" methodname="WalkableVoxelAtStandingLevel_DoesNotAppearAsNode" classname="Tests.Battle.Navigation.NavGraphTests" runstate="Runnable" seed="2124295775" result="Passed" start-time="2026-04-29 14:12:37Z" end-time="2026-04-29 14:12:37Z" duration="0.000390" asserts="0">
                <properties>
                  <property name="retryIteration" value="0" />
                  <property name="repeatIteration" value="0" />
                </properties>
              </test-case>
              <test-case id="1339" name="WalkableVoxelAtY1_NeighboursAreStillConnected" fullname="Tests.Battle.Navigation.NavGraphTests.WalkableVoxelAtY1_NeighboursAreStillConnected" methodname="WalkableVoxelAtY1_NeighboursAreStillConnected" classname="Tests.Battle.Navigation.NavGraphTests" runstate="Runnable" seed="59576165" result="Passed" start-time="2026-04-29 14:12:37Z" end-time="2026-04-29 14:12:37Z" duration="0.000374" asserts="0">
                <properties>
                  <property name="retryIteration" value="0" />
                  <property name="repeatIteration" value="0" />
                </properties>
              </test-case>
              <test-case id="1328" name="WallAboveFloor_BlocksNodeAtThatCell" fullname="Tests.Battle.Navigation.NavGraphTests.WallAboveFloor_BlocksNodeAtThatCell" methodname="WallAboveFloor_BlocksNodeAtThatCell" classname="Tests.Battle.Navigation.NavGraphTests" runstate="Runnable" seed="2138765008" result="Passed" start-time="2026-04-29 14:12:37Z" end-time="2026-04-29 14:12:37Z" duration="0.000376" asserts="0">
                <properties>
                  <property name="retryIteration" value="0" />
                  <property name="repeatIteration" value="0" />
                </properties>
              </test-case>
              <test-case id="1336" name="WallBetweenTwoNodes_DisconnectsThem" fullname="Tests.Battle.Navigation.NavGraphTests.WallBetweenTwoNodes_DisconnectsThem" methodname="WallBetweenTwoNodes_DisconnectsThem" classname="Tests.Battle.Navigation.NavGraphTests" runstate="Runnable" seed="1463471152" result="Passed" start-time="2026-04-29 14:12:37Z" end-time="2026-04-29 14:12:37Z" duration="0.000398" asserts="0">
                <properties>
                  <property name="retryIteration" value="0" />
                  <property name="repeatIteration" value="0" />
                </properties>
              </test-case>
            </test-suite>
          </test-suite>
          <test-suite type="TestSuite" id="1424" name="Phases" fullname="Tests.Battle.Phases" runstate="Runnable" testcasecount="60" result="Passed" start-time="2026-04-29 14:12:37Z" end-time="2026-04-29 14:12:37Z" duration="0.091910" total="60" passed="60" failed="0" inconclusive="0" skipped="0" asserts="0">
            <properties />
            <test-suite type="TestSuite" id="1432" name="End" fullname="Tests.Battle.Phases.End" runstate="Runnable" testcasecount="1" result="Passed" start-time="2026-04-29 14:12:37Z" end-time="2026-04-29 14:12:37Z" duration="0.002937" total="1" passed="1" failed="0" inconclusive="0" skipped="0" asserts="0">
              <properties />
              <test-suite type="TestFixture" id="1322" name="EndPhaseTests" fullname="Tests.Battle.Phases.End.EndPhaseTests" classname="Tests.Battle.Phases.End.EndPhaseTests" runstate="Runnable" testcasecount="1" result="Passed" start-time="2026-04-29 14:12:37Z" end-time="2026-04-29 14:12:37Z" duration="0.002278" total="1" passed="1" failed="0" inconclusive="0" skipped="0" asserts="0">
                <properties />
                <test-case id="1323" name="Enter_EmitsBattleEndedOutcome" fullname="Tests.Battle.Phases.End.EndPhaseTests.Enter_EmitsBattleEndedOutcome" methodname="Enter_EmitsBattleEndedOutcome" classname="Tests.Battle.Phases.End.EndPhaseTests" runstate="Runnable" seed="1519184662" result="Passed" start-time="2026-04-29 14:12:37Z" end-time="2026-04-29 14:12:37Z" duration="0.000892" asserts="0">
                  <properties>
                    <property name="retryIteration" value="0" />
                    <property name="repeatIteration" value="0" />
                  </properties>
                </test-case>
              </test-suite>
            </test-suite>
            <test-suite type="TestSuite" id="1431" name="EnemyTurn" fullname="Tests.Battle.Phases.EnemyTurn" runstate="Runnable" testcasecount="3" result="Passed" start-time="2026-04-29 14:12:37Z" end-time="2026-04-29 14:12:37Z" duration="0.007941" total="3" passed="3" failed="0" inconclusive="0" skipped="0" asserts="0">
              <properties />
              <test-suite type="TestFixture" id="1318" name="EnemyTurnPhaseTests" fullname="Tests.Battle.Phases.EnemyTurn.EnemyTurnPhaseTests" classname="Tests.Battle.Phases.EnemyTurn.EnemyTurnPhaseTests" runstate="Runnable" testcasecount="3" result="Passed" start-time="2026-04-29 14:12:37Z" end-time="2026-04-29 14:12:37Z" duration="0.004975" total="3" passed="3" failed="0" inconclusive="0" skipped="0" asserts="0">
                <properties />
                <test-case id="1319" name="Enter_AttacksPlayerWhenEnemyCanUseAnAbility" fullname="Tests.Battle.Phases.EnemyTurn.EnemyTurnPhaseTests.Enter_AttacksPlayerWhenEnemyCanUseAnAbility" methodname="Enter_AttacksPlayerWhenEnemyCanUseAnAbility" classname="Tests.Battle.Phases.EnemyTurn.EnemyTurnPhaseTests" runstate="Runnable" seed="1911579476" result="Passed" start-time="2026-04-29 14:12:37Z" end-time="2026-04-29 14:12:37Z" duration="0.001932" asserts="0">
                  <properties>
                    <property name="retryIteration" value="0" />
                    <property name="repeatIteration" value="0" />
                  </properties>
                </test-case>
                <test-case id="1321" name="Enter_EndsTurnWhenEnemyCannotAttackOrMove" fullname="Tests.Battle.Phases.EnemyTurn.EnemyTurnPhaseTests.Enter_EndsTurnWhenEnemyCannotAttackOrMove" methodname="Enter_EndsTurnWhenEnemyCannotAttackOrMove" classname="Tests.Battle.Phases.EnemyTurn.EnemyTurnPhaseTests" runstate="Runnable" seed="155362114" result="Passed" start-time="2026-04-29 14:12:37Z" end-time="2026-04-29 14:12:37Z" duration="0.000503" asserts="0">
                  <properties>
                    <property name="retryIteration" value="0" />
                    <property name="repeatIteration" value="0" />
                  </properties>
                </test-case>
                <test-case id="1320" name="Enter_MovesTowardPlayerWhenEnemyCannotAttack" fullname="Tests.Battle.Phases.EnemyTurn.EnemyTurnPhaseTests.Enter_MovesTowardPlayerWhenEnemyCannotAttack" methodname="Enter_MovesTowardPlayerWhenEnemyCannotAttack" classname="Tests.Battle.Phases.EnemyTurn.EnemyTurnPhaseTests" runstate="Runnable" seed="451638950" result="Passed" start-time="2026-04-29 14:12:37Z" end-time="2026-04-29 14:12:37Z" duration="0.000974" asserts="0">
                  <properties>
                    <property name="retryIteration" value="0" />
                    <property name="repeatIteration" value="0" />
                  </properties>
                </test-case>
              </test-suite>
            </test-suite>
            <test-suite type="TestSuite" id="1430" name="Idle" fullname="Tests.Battle.Phases.Idle" runstate="Runnable" testcasecount="1" result="Passed" start-time="2026-04-29 14:12:37Z" end-time="2026-04-29 14:12:37Z" duration="0.005770" total="1" passed="1" failed="0" inconclusive="0" skipped="0" asserts="0">
              <properties />
              <test-suite type="TestFixture" id="1316" name="IdlePhaseTests" fullname="Tests.Battle.Phases.Idle.IdlePhaseTests" classname="Tests.Battle.Phases.Idle.IdlePhaseTests" runstate="Runnable" testcasecount="1" result="Passed" start-time="2026-04-29 14:12:37Z" end-time="2026-04-29 14:12:37Z" duration="0.002683" total="1" passed="1" failed="0" inconclusive="0" skipped="0" asserts="0">
                <properties />
                <test-case id="1317" name="Enter_BeginsTheNextReadyTurn" fullname="Tests.Battle.Phases.Idle.IdlePhaseTests.Enter_BeginsTheNextReadyTurn" methodname="Enter_BeginsTheNextReadyTurn" classname="Tests.Battle.Phases.Idle.IdlePhaseTests" runstate="Runnable" seed="2122466098" result="Passed" start-time="2026-04-29 14:12:37Z" end-time="2026-04-29 14:12:37Z" duration="0.000635" asserts="0">
                  <properties>
                    <property name="retryIteration" value="0" />
                    <property name="repeatIteration" value="0" />
                  </properties>
                </test-case>
              </test-suite>
            </test-suite>
            <test-suite type="TestSuite" id="1429" name="Initiative" fullname="Tests.Battle.Phases.Initiative" runstate="Runnable" testcasecount="13" result="Passed" start-time="2026-04-29 14:12:37Z" end-time="2026-04-29 14:12:37Z" duration="0.011951" total="13" passed="13" failed="0" inconclusive="0" skipped="0" asserts="0">
              <properties />
              <test-suite type="TestFixture" id="1302" name="InitiativeTurnOrderTests" fullname="Tests.Battle.Phases.Initiative.InitiativeTurnOrderTests" classname="Tests.Battle.Phases.Initiative.InitiativeTurnOrderTests" runstate="Runnable" testcasecount="13" result="Passed" start-time="2026-04-29 14:12:37Z" end-time="2026-04-29 14:12:37Z" duration="0.009010" total="13" passed="13" failed="0" inconclusive="0" skipped="0" asserts="0">
                <properties />
                <test-case id="1314" name="CanContinueTurn_ReturnsFalse_AfterSpendingAllResources" fullname="Tests.Battle.Phases.Initiative.InitiativeTurnOrderTests.CanContinueTurn_ReturnsFalse_AfterSpendingAllResources" methodname="CanContinueTurn_ReturnsFalse_AfterSpendingAllResources" classname="Tests.Battle.Phases.Initiative.InitiativeTurnOrderTests" runstate="Runnable" seed="1767073635" result="Passed" start-time="2026-04-29 14:12:37Z" end-time="2026-04-29 14:12:37Z" duration="0.000741" asserts="0">
                  <properties>
                    <property name="retryIteration" value="0" />
                    <property name="repeatIteration" value="0" />
                  </properties>
                </test-case>
                <test-case id="1311" name="CanContinueTurn_ReturnsFalse_WhenNoMovementAndNoAbilities" fullname="Tests.Battle.Phases.Initiative.InitiativeTurnOrderTests.CanContinueTurn_ReturnsFalse_WhenNoMovementAndNoAbilities" methodname="CanContinueTurn_ReturnsFalse_WhenNoMovementAndNoAbilities" classname="Tests.Battle.Phases.Initiative.InitiativeTurnOrderTests" runstate="Runnable" seed="1471710148" result="Passed" start-time="2026-04-29 14:12:37Z" end-time="2026-04-29 14:12:37Z" duration="0.000421" asserts="0">
                  <properties>
                    <property name="retryIteration" value="0" />
                    <property name="repeatIteration" value="0" />
                  </properties>
                </test-case>
                <test-case id="1312" name="CanContinueTurn_ReturnsTrue_WhenUnitCanStillMove" fullname="Tests.Battle.Phases.Initiative.InitiativeTurnOrderTests.CanContinueTurn_ReturnsTrue_WhenUnitCanStillMove" methodname="CanContinueTurn_ReturnsTrue_WhenUnitCanStillMove" classname="Tests.Battle.Phases.Initiative.InitiativeTurnOrderTests" runstate="Runnable" seed="293487024" result="Passed" start-time="2026-04-29 14:12:37Z" end-time="2026-04-29 14:12:37Z" duration="0.000373" asserts="0">
                  <properties>
                    <property name="retryIteration" value="0" />
                    <property name="repeatIteration" value="0" />
                  </properties>
                </test-case>
                <test-case id="1313" name="CanContinueTurn_ReturnsTrue_WhenUnitHasUsableAbility" fullname="Tests.Battle.Phases.Initiative.InitiativeTurnOrderTests.CanContinueTurn_ReturnsTrue_WhenUnitHasUsableAbility" methodname="CanContinueTurn_ReturnsTrue_WhenUnitHasUsableAbility" classname="Tests.Battle.Phases.Initiative.InitiativeTurnOrderTests" runstate="Runnable" seed="993416185" result="Passed" start-time="2026-04-29 14:12:37Z" end-time="2026-04-29 14:12:37Z" duration="0.000660" asserts="0">
                  <properties>
                    <property name="retryIteration" value="0" />
                    <property name="repeatIteration" value="0" />
                  </properties>
                </test-case>
                <test-case id="1303" name="Tie_PlayerAndEnemy_BothReady_PlayerGoesFirst" fullname="Tests.Battle.Phases.Initiative.InitiativeTurnOrderTests.Tie_PlayerAndEnemy_BothReady_PlayerGoesFirst" methodname="Tie_PlayerAndEnemy_BothReady_PlayerGoesFirst" classname="Tests.Battle.Phases.Initiative.InitiativeTurnOrderTests" runstate="Runnable" seed="622588147" result="Passed" start-time="2026-04-29 14:12:37Z" end-time="2026-04-29 14:12:37Z" duration="0.000378" asserts="0">
                  <properties>
                    <property name="retryIteration" value="0" />
                    <property name="repeatIteration" value="0" />
                  </properties>
                </test-case>
                <test-case id="1306" name="Tie_TwoEnemiesReady_FirstInTeamOrderGoesFirst" fullname="Tests.Battle.Phases.Initiative.InitiativeTurnOrderTests.Tie_TwoEnemiesReady_FirstInTeamOrderGoesFirst" methodname="Tie_TwoEnemiesReady_FirstInTeamOrderGoesFirst" classname="Tests.Battle.Phases.Initiative.InitiativeTurnOrderTests" runstate="Runnable" seed="1253558289" result="Passed" start-time="2026-04-29 14:12:37Z" end-time="2026-04-29 14:12:37Z" duration="0.000454" asserts="0">
                  <properties>
                    <property name="retryIteration" value="0" />
                    <property name="repeatIteration" value="0" />
                  </properties>
                </test-case>
                <test-case id="1307" name="Tie_TwoEnemiesReady_SecondEnemyGoesFirst_IfFirstIsSkipped" fullname="Tests.Battle.Phases.Initiative.InitiativeTurnOrderTests.Tie_TwoEnemiesReady_SecondEnemyGoesFirst_IfFirstIsSkipped" methodname="Tie_TwoEnemiesReady_SecondEnemyGoesFirst_IfFirstIsSkipped" classname="Tests.Battle.Phases.Initiative.InitiativeTurnOrderTests" runstate="Runnable" seed="1907844484" result="Passed" start-time="2026-04-29 14:12:37Z" end-time="2026-04-29 14:12:37Z" duration="0.000359" asserts="0">
                  <properties>
                    <property name="retryIteration" value="0" />
                    <property name="repeatIteration" value="0" />
                  </properties>
                </test-case>
                <test-case id="1304" name="Tie_TwoPlayersReady_FirstInTeamOrderGoesFirst" fullname="Tests.Battle.Phases.Initiative.InitiativeTurnOrderTests.Tie_TwoPlayersReady_FirstInTeamOrderGoesFirst" methodname="Tie_TwoPlayersReady_FirstInTeamOrderGoesFirst" classname="Tests.Battle.Phases.Initiative.InitiativeTurnOrderTests" runstate="Runnable" seed="1332367594" result="Passed" start-time="2026-04-29 14:12:37Z" end-time="2026-04-29 14:12:37Z" duration="0.000366" asserts="0">
                  <properties>
                    <property name="retryIteration" value="0" />
                    <property name="repeatIteration" value="0" />
                  </properties>
                </test-case>
                <test-case id="1305" name="Tie_TwoPlayersReady_SecondPlayerGoesFirst_IfFirstIsSkipped" fullname="Tests.Battle.Phases.Initiative.InitiativeTurnOrderTests.Tie_TwoPlayersReady_SecondPlayerGoesFirst_IfFirstIsSkipped" methodname="Tie_TwoPlayersReady_SecondPlayerGoesFirst_IfFirstIsSkipped" classname="Tests.Battle.Phases.Initiative.InitiativeTurnOrderTests" runstate="Runnable" seed="1523252406" result="Passed" start-time="2026-04-29 14:12:37Z" end-time="2026-04-29 14:12:37Z" duration="0.000346" asserts="0">
                  <properties>
                    <property name="retryIteration" value="0" />
                    <property name="repeatIteration" value="0" />
                  </properties>
                </test-case>
                <test-case id="1309" name="TurnBarAdvancement_AllUnitsAdvance_WhenNoneReady" fullname="Tests.Battle.Phases.Initiative.InitiativeTurnOrderTests.TurnBarAdvancement_AllUnitsAdvance_WhenNoneReady" methodname="TurnBarAdvancement_AllUnitsAdvance_WhenNoneReady" classname="Tests.Battle.Phases.Initiative.InitiativeTurnOrderTests" runstate="Runnable" seed="962736972" result="Passed" start-time="2026-04-29 14:12:37Z" end-time="2026-04-29 14:12:37Z" duration="0.000452" asserts="0">
                  <properties>
                    <property name="retryIteration" value="0" />
                    <property name="repeatIteration" value="0" />
                  </properties>
                </test-case>
                <test-case id="1308" name="TurnBarAdvancement_SelectsFastestUnit_WhenNoneReady" fullname="Tests.Battle.Phases.Initiative.InitiativeTurnOrderTests.TurnBarAdvancement_SelectsFastestUnit_WhenNoneReady" methodname="TurnBarAdvancement_SelectsFastestUnit_WhenNoneReady" classname="Tests.Battle.Phases.Initiative.InitiativeTurnOrderTests" runstate="Runnable" seed="517994420" result="Passed" start-time="2026-04-29 14:12:37Z" end-time="2026-04-29 14:12:37Z" duration="0.000377" asserts="0">
                  <properties>
                    <property name="retryIteration" value="0" />
                    <property name="repeatIteration" value="0" />
                  </properties>
                </test-case>
                <test-case id="1315" name="TurnEnds_Automatically_WhenNoActionsRemain_WithZeroResources" fullname="Tests.Battle.Phases.Initiative.InitiativeTurnOrderTests.TurnEnds_Automatically_WhenNoActionsRemain_WithZeroResources" methodname="TurnEnds_Automatically_WhenNoActionsRemain_WithZeroResources" classname="Tests.Battle.Phases.Initiative.InitiativeTurnOrderTests" runstate="Runnable" seed="2146152752" result="Passed" start-time="2026-04-29 14:12:37Z" end-time="2026-04-29 14:12:37Z" duration="0.000524" asserts="0">
                  <properties>
                    <property name="retryIteration" value="0" />
                    <property name="repeatIteration" value="0" />
                  </properties>
                </test-case>
                <test-case id="1310" name="UnitBecomesReady_DuringAnotherUnitsTurn_ActsAfterCurrentTurnEnds" fullname="Tests.Battle.Phases.Initiative.InitiativeTurnOrderTests.UnitBecomesReady_DuringAnotherUnitsTurn_ActsAfterCurrentTurnEnds" methodname="UnitBecomesReady_DuringAnotherUnitsTurn_ActsAfterCurrentTurnEnds" classname="Tests.Battle.Phases.Initiative.InitiativeTurnOrderTests" runstate="Runnable" seed="507602439" result="Passed" start-time="2026-04-29 14:12:37Z" end-time="2026-04-29 14:12:37Z" duration="0.000491" asserts="0">
                  <properties>
                    <property name="retryIteration" value="0" />
                    <property name="repeatIteration" value="0" />
                  </properties>
                </test-case>
              </test-suite>
            </test-suite>
            <test-suite type="TestSuite" id="1428" name="Placement" fullname="Tests.Battle.Phases.Placement" runstate="Runnable" testcasecount="18" result="Passed" start-time="2026-04-29 14:12:37Z" end-time="2026-04-29 14:12:37Z" duration="0.020632" total="18" passed="18" failed="0" inconclusive="0" skipped="0" asserts="0">
              <properties />
              <test-suite type="TestFixture" id="1283" name="PlacementPhaseTests" fullname="Tests.Battle.Phases.Placement.PlacementPhaseTests" classname="Tests.Battle.Phases.Placement.PlacementPhaseTests" runstate="Runnable" testcasecount="18" result="Passed" start-time="2026-04-29 14:12:37Z" end-time="2026-04-29 14:12:37Z" duration="0.017149" total="18" passed="18" failed="0" inconclusive="0" skipped="0" asserts="0">
                <properties />
                <test-case id="1286" name="BattleMaskRules_ApplyMask_CanRenderPlacementCellsInOverlay" fullname="Tests.Battle.Phases.Placement.PlacementPhaseTests.BattleMaskRules_ApplyMask_CanRenderPlacementCellsInOverlay" methodname="BattleMaskRules_ApplyMask_CanRenderPlacementCellsInOverlay" classname="Tests.Battle.Phases.Placement.PlacementPhaseTests" runstate="Runnable" seed="1632131978" result="Passed" start-time="2026-04-29 14:12:37Z" end-time="2026-04-29 14:12:37Z" duration="0.004163" asserts="0">
                  <properties>
                    <property name="retryIteration" value="0" />
                    <property name="repeatIteration" value="0" />
                  </properties>
                </test-case>
[...]
                <properties>
                  <property name="retryIteration" value="0" />
                  <property name="repeatIteration" value="0" />
                </properties>
              </test-case>
              <test-case id="1040" name="BeginTurn_EmittedEvent_CompletesPositionNode_ThroughFullBattleFlow" fullname="Tests.Requirements.Position.TurnPositionRequirementTests.BeginTurn_EmittedEvent_CompletesPositionNode_ThroughFullBattleFlow" methodname="BeginTurn_EmittedEvent_CompletesPositionNode_ThroughFullBattleFlow" classname="Tests.Requirements.Position.TurnPositionRequirementTests" runstate="Runnable" seed="1660716463" result="Passed" start-time="2026-04-29 14:12:37Z" end-time="2026-04-29 14:12:37Z" duration="0.001151" asserts="0">
                <properties>
                  <property name="retryIteration" value="0" />
                  <property name="repeatIteration" value="0" />
                </properties>
              </test-case>
              <test-case id="1018" name="BeginTurn_PositionEvent_NotEmitted_WhenNoOtherUnitIsOnBoard" fullname="Tests.Requirements.Position.TurnPositionRequirementTests.BeginTurn_PositionEvent_NotEmitted_WhenNoOtherUnitIsOnBoard" methodname="BeginTurn_PositionEvent_NotEmitted_WhenNoOtherUnitIsOnBoard" classname="Tests.Requirements.Position.TurnPositionRequirementTests" runstate="Runnable" seed="744762604" result="Passed" start-time="2026-04-29 14:12:37Z" end-time="2026-04-29 14:12:37Z" duration="0.000341" asserts="0">
                <properties>
                  <property name="retryIteration" value="0" />
                  <property name="repeatIteration" value="0" />
                </properties>
              </test-case>
              <test-case id="1016" name="EndTurn_ClosestEnemyDistance_MatchesManhattanDistance" fullname="Tests.Requirements.Position.TurnPositionRequirementTests.EndTurn_ClosestEnemyDistance_MatchesManhattanDistance" methodname="EndTurn_ClosestEnemyDistance_MatchesManhattanDistance" classname="Tests.Requirements.Position.TurnPositionRequirementTests" runstate="Runnable" seed="1381191953" result="Passed" start-time="2026-04-29 14:12:37Z" end-time="2026-04-29 14:12:37Z" duration="0.000333" asserts="0">
                <properties>
                  <property name="retryIteration" value="0" />
                  <property name="repeatIteration" value="0" />
                </properties>
              </test-case>
              <test-case id="1015" name="EndTurn_EmitsTurnEndPositionEvent" fullname="Tests.Requirements.Position.TurnPositionRequirementTests.EndTurn_EmitsTurnEndPositionEvent" methodname="EndTurn_EmitsTurnEndPositionEvent" classname="Tests.Requirements.Position.TurnPositionRequirementTests" runstate="Runnable" seed="661277726" result="Passed" start-time="2026-04-29 14:12:37Z" end-time="2026-04-29 14:12:37Z" duration="0.000485" asserts="0">
                <properties>
                  <property name="retryIteration" value="0" />
                  <property name="repeatIteration" value="0" />
                </properties>
              </test-case>
              <test-case id="1019" name="EndTurn_PositionEvent_NotEmitted_WhenNoOtherUnitIsOnBoard" fullname="Tests.Requirements.Position.TurnPositionRequirementTests.EndTurn_PositionEvent_NotEmitted_WhenNoOtherUnitIsOnBoard" methodname="EndTurn_PositionEvent_NotEmitted_WhenNoOtherUnitIsOnBoard" classname="Tests.Requirements.Position.TurnPositionRequirementTests" runstate="Runnable" seed="1844613631" result="Passed" start-time="2026-04-29 14:12:37Z" end-time="2026-04-29 14:12:37Z" duration="0.000335" asserts="0">
                <properties>
                  <property name="retryIteration" value="0" />
                  <property name="repeatIteration" value="0" />
                </properties>
              </test-case>
              <test-case id="1039" name="PlayerVictory_TurnEndPositionNode_Completed_WhenConditionWasMet" fullname="Tests.Requirements.Position.TurnPositionRequirementTests.PlayerVictory_TurnEndPositionNode_Completed_WhenConditionWasMet" methodname="PlayerVictory_TurnEndPositionNode_Completed_WhenConditionWasMet" classname="Tests.Requirements.Position.TurnPositionRequirementTests" runstate="Runnable" seed="266694200" result="Passed" start-time="2026-04-29 14:12:37Z" end-time="2026-04-29 14:12:37Z" duration="0.001142" asserts="0">
                <properties>
                  <property name="retryIteration" value="0" />
                  <property name="repeatIteration" value="0" />
                </properties>
              </test-case>
              <test-case id="1037" name="PlayerVictory_TurnStartPositionNode_Completed_WhenConditionWasMet" fullname="Tests.Requirements.Position.TurnPositionRequirementTests.PlayerVictory_TurnStartPositionNode_Completed_WhenConditionWasMet" methodname="PlayerVictory_TurnStartPositionNode_Completed_WhenConditionWasMet" classname="Tests.Requirements.Position.TurnPositionRequirementTests" runstate="Runnable" seed="1003256757" result="Passed" start-time="2026-04-29 14:12:37Z" end-time="2026-04-29 14:12:37Z" duration="0.000809" asserts="0">
                <properties>
                  <property name="retryIteration" value="0" />
                  <property name="repeatIteration" value="0" />
                </properties>
              </test-case>
              <test-case id="1038" name="PlayerVictory_TurnStartPositionNode_NotCompleted_WhenConditionWasNeverMet" fullname="Tests.Requirements.Position.TurnPositionRequirementTests.PlayerVictory_TurnStartPositionNode_NotCompleted_WhenConditionWasNeverMet" methodname="PlayerVictory_TurnStartPositionNode_NotCompleted_WhenConditionWasNeverMet" classname="Tests.Requirements.Position.TurnPositionRequirementTests" runstate="Runnable" seed="61754251" result="Passed" start-time="2026-04-29 14:12:37Z" end-time="2026-04-29 14:12:37Z" duration="0.000797" asserts="0">
                <properties>
                  <property name="retryIteration" value="0" />
                  <property name="repeatIteration" value="0" />
                </properties>
              </test-case>
              <test-case id="1017" name="PositionEvent_NotEmitted_WhenUnitHasNoBoardPosition" fullname="Tests.Requirements.Position.TurnPositionRequirementTests.PositionEvent_NotEmitted_WhenUnitHasNoBoardPosition" methodname="PositionEvent_NotEmitted_WhenUnitHasNoBoardPosition" classname="Tests.Requirements.Position.TurnPositionRequirementTests" runstate="Runnable" seed="1370990464" result="Passed" start-time="2026-04-29 14:12:37Z" end-time="2026-04-29 14:12:37Z" duration="0.000324" asserts="0">
                <properties>
                  <property name="retryIteration" value="0" />
                  <property name="repeatIteration" value="0" />
                </properties>
              </test-case>
              <test-case id="1035" name="PositionRequirement_MaximumMode_CompletesOnFirstPassingEvent" fullname="Tests.Requirements.Position.TurnPositionRequirementTests.PositionRequirement_MaximumMode_CompletesOnFirstPassingEvent" methodname="PositionRequirement_MaximumMode_CompletesOnFirstPassingEvent" classname="Tests.Requirements.Position.TurnPositionRequirementTests" runstate="Runnable" seed="1999738978" result="Passed" start-time="2026-04-29 14:12:37Z" end-time="2026-04-29 14:12:37Z" duration="0.000134" asserts="0">
                <properties>
                  <property name="retryIteration" value="0" />
                  <property name="repeatIteration" value="0" />
                </properties>
              </test-case>
              <test-case id="1034" name="PositionRequirement_MaximumMode_DoesNotAccumulateAcrossEvents" fullname="Tests.Requirements.Position.TurnPositionRequirementTests.PositionRequirement_MaximumMode_DoesNotAccumulateAcrossEvents" methodname="PositionRequirement_MaximumMode_DoesNotAccumulateAcrossEvents" classname="Tests.Requirements.Position.TurnPositionRequirementTests" runstate="Runnable" seed="44152031" result="Passed" start-time="2026-04-29 14:12:37Z" end-time="2026-04-29 14:12:37Z" duration="0.000124" asserts="0">
                <properties>
                  <property name="retryIteration" value="0" />
                  <property name="repeatIteration" value="0" />
                </properties>
              </test-case>
              <test-case id="1031" name="TurnEndRequirement_AtLeast_Enemy_ReturnsZero_WhenTooClose" fullname="Tests.Requirements.Position.TurnPositionRequirementTests.TurnEndRequirement_AtLeast_Enemy_ReturnsZero_WhenTooClose" methodname="TurnEndRequirement_AtLeast_Enemy_ReturnsZero_WhenTooClose" classname="Tests.Requirements.Position.TurnPositionRequirementTests" runstate="Runnable" seed="1826477155" result="Passed" start-time="2026-04-29 14:12:37Z" end-time="2026-04-29 14:12:37Z" duration="0.000103" asserts="0">
                <properties>
                  <property name="retryIteration" value="0" />
                  <property name="repeatIteration" value="0" />
                </properties>
              </test-case>
              <test-case id="1032" name="TurnEndRequirement_Between_Ally_ReturnsFullProgress_WhenInsideInclusiveRange" fullname="Tests.Requirements.Position.TurnPositionRequirementTests.TurnEndRequirement_Between_Ally_ReturnsFullProgress_WhenInsideInclusiveRange" methodname="TurnEndRequirement_Between_Ally_ReturnsFullProgress_WhenInsideInclusiveRange" classname="Tests.Requirements.Position.TurnPositionRequirementTests" runstate="Runnable" seed="1407631803" result="Passed" start-time="2026-04-29 14:12:37Z" end-time="2026-04-29 14:12:37Z" duration="0.000098" asserts="0">
                <properties>
                  <property name="retryIteration" value="0" />
                  <property name="repeatIteration" value="0" />
                </properties>
              </test-case>
              <test-case id="1033" name="TurnEndRequirement_Between_AnyUnit_UsesNearestUnitAndAcceptsReversedBounds" fullname="Tests.Requirements.Position.TurnPositionRequirementTests.TurnEndRequirement_Between_AnyUnit_UsesNearestUnitAndAcceptsReversedBounds" methodname="TurnEndRequirement_Between_AnyUnit_UsesNearestUnitAndAcceptsReversedBounds" classname="Tests.Requirements.Position.TurnPositionRequirementTests" runstate="Runnable" seed="1363728516" result="Passed" start-time="2026-04-29 14:12:37Z" end-time="2026-04-29 14:12:37Z" duration="0.000095" asserts="0">
                <properties>
                  <property name="retryIteration" value="0" />
                  <property name="repeatIteration" value="0" />
                </properties>
              </test-case>
              <test-case id="1030" name="TurnEndRequirement_Within_Enemy_ReturnsFullProgress_WhenCloseEnough" fullname="Tests.Requirements.Position.TurnPositionRequirementTests.TurnEndRequirement_Within_Enemy_ReturnsFullProgress_WhenCloseEnough" methodname="TurnEndRequirement_Within_Enemy_ReturnsFullProgress_WhenCloseEnough" classname="Tests.Requirements.Position.TurnPositionRequirementTests" runstate="Runnable" seed="1698013062" result="Passed" start-time="2026-04-29 14:12:37Z" end-time="2026-04-29 14:12:37Z" duration="0.000093" asserts="0">
                <properties>
                  <property name="retryIteration" value="0" />
                  <property name="repeatIteration" value="0" />
                </properties>
              </test-case>
              <test-case id="1036" name="TurnStartEvent_IgnoredBy_TurnEndRequirement_AndViceVersa" fullname="Tests.Requirements.Position.TurnPositionRequirementTests.TurnStartEvent_IgnoredBy_TurnEndRequirement_AndViceVersa" methodname="TurnStartEvent_IgnoredBy_TurnEndRequirement_AndViceVersa" classname="Tests.Requirements.Position.TurnPositionRequirementTests" runstate="Runnable" seed="1999030530" result="Passed" start-time="2026-04-29 14:12:37Z" end-time="2026-04-29 14:12:37Z" duration="0.000133" asserts="0">
                <properties>
                  <property name="retryIteration" value="0" />
                  <property name="repeatIteration" value="0" />
                </properties>
              </test-case>
              <test-case id="1029" name="TurnStartRequirement_AtLeast_Ally_ReturnsFullProgress_WhenNoAllyExists" fullname="Tests.Requirements.Position.TurnPositionRequirementTests.TurnStartRequirement_AtLeast_Ally_ReturnsFullProgress_WhenNoAllyExists" methodname="TurnStartRequirement_AtLeast_Ally_ReturnsFullProgress_WhenNoAllyExists" classname="Tests.Requirements.Position.TurnPositionRequirementTests" runstate="Runnable" seed="1764771292" result="Passed" start-time="2026-04-29 14:12:37Z" end-time="2026-04-29 14:12:37Z" duration="0.000097" asserts="0">
                <properties>
                  <property name="retryIteration" value="0" />
                  <property name="repeatIteration" value="0" />
                </properties>
              </test-case>
              <test-case id="1022" name="TurnStartRequirement_AtLeast_Enemy_ReturnsFullProgress_WhenFarEnough" fullname="Tests.Requirements.Position.TurnPositionRequirementTests.TurnStartRequirement_AtLeast_Enemy_ReturnsFullProgress_WhenFarEnough" methodname="TurnStartRequirement_AtLeast_Enemy_ReturnsFullProgress_WhenFarEnough" classname="Tests.Requirements.Position.TurnPositionRequirementTests" runstate="Runnable" seed="1051366719" result="Passed" start-time="2026-04-29 14:12:37Z" end-time="2026-04-29 14:12:37Z" duration="0.000121" asserts="0">
                <properties>
                  <property name="retryIteration" value="0" />
                  <property name="repeatIteration" value="0" />
                </properties>
              </test-case>
              <test-case id="1023" name="TurnStartRequirement_AtLeast_Enemy_ReturnsZero_WhenTooClose" fullname="Tests.Requirements.Position.TurnPositionRequirementTests.TurnStartRequirement_AtLeast_Enemy_ReturnsZero_WhenTooClose" methodname="TurnStartRequirement_AtLeast_Enemy_ReturnsZero_WhenTooClose" classname="Tests.Requirements.Position.TurnPositionRequirementTests" runstate="Runnable" seed="1169817448" result="Passed" start-time="2026-04-29 14:12:37Z" end-time="2026-04-29 14:12:37Z" duration="0.000097" asserts="0">
                <properties>
                  <property name="retryIteration" value="0" />
                  <property name="repeatIteration" value="0" />
                </properties>
              </test-case>
              <test-case id="1024" name="TurnStartRequirement_Between_Enemy_ReturnsFullProgress_WhenInsideInclusiveRange" fullname="Tests.Requirements.Position.TurnPositionRequirementTests.TurnStartRequirement_Between_Enemy_ReturnsFullProgress_WhenInsideInclusiveRange" methodname="TurnStartRequirement_Between_Enemy_ReturnsFullProgress_WhenInsideInclusiveRange" classname="Tests.Requirements.Position.TurnPositionRequirementTests" runstate="Runnable" seed="1797480188" result="Passed" start-time="2026-04-29 14:12:37Z" end-time="2026-04-29 14:12:37Z" duration="0.000137" asserts="0">
                <properties>
                  <property name="retryIteration" value="0" />
                  <property name="repeatIteration" value="0" />
                </properties>
              </test-case>
              <test-case id="1025" name="TurnStartRequirement_Between_Enemy_ReturnsZero_WhenOutsideRange" fullname="Tests.Requirements.Position.TurnPositionRequirementTests.TurnStartRequirement_Between_Enemy_ReturnsZero_WhenOutsideRange" methodname="TurnStartRequirement_Between_Enemy_ReturnsZero_WhenOutsideRange" classname="Tests.Requirements.Position.TurnPositionRequirementTests" runstate="Runnable" seed="2054093623" result="Passed" start-time="2026-04-29 14:12:37Z" end-time="2026-04-29 14:12:37Z" duration="0.000121" asserts="0">
                <properties>
                  <property name="retryIteration" value="0" />
                  <property name="repeatIteration" value="0" />
                </properties>
              </test-case>
              <test-case id="1028" name="TurnStartRequirement_Within_Ally_ReturnsZero_WhenNoAllyExists" fullname="Tests.Requirements.Position.TurnPositionRequirementTests.TurnStartRequirement_Within_Ally_ReturnsZero_WhenNoAllyExists" methodname="TurnStartRequirement_Within_Ally_ReturnsZero_WhenNoAllyExists" classname="Tests.Requirements.Position.TurnPositionRequirementTests" runstate="Runnable" seed="985881807" result="Passed" start-time="2026-04-29 14:12:37Z" end-time="2026-04-29 14:12:37Z" duration="0.000095" asserts="0">
                <properties>
                  <property name="retryIteration" value="0" />
                  <property name="repeatIteration" value="0" />
                </properties>
              </test-case>
              <test-case id="1026" name="TurnStartRequirement_Within_Ally_UsesAllyDistance" fullname="Tests.Requirements.Position.TurnPositionRequirementTests.TurnStartRequirement_Within_Ally_UsesAllyDistance" methodname="TurnStartRequirement_Within_Ally_UsesAllyDistance" classname="Tests.Requirements.Position.TurnPositionRequirementTests" runstate="Runnable" seed="1959977399" result="Passed" start-time="2026-04-29 14:12:37Z" end-time="2026-04-29 14:12:37Z" duration="0.000092" asserts="0">
                <properties>
                  <property name="retryIteration" value="0" />
                  <property name="repeatIteration" value="0" />
                </properties>
              </test-case>
              <test-case id="1027" name="TurnStartRequirement_Within_AnyUnit_UsesSmallerOfAllyAndEnemy" fullname="Tests.Requirements.Position.TurnPositionRequirementTests.TurnStartRequirement_Within_AnyUnit_UsesSmallerOfAllyAndEnemy" methodname="TurnStartRequirement_Within_AnyUnit_UsesSmallerOfAllyAndEnemy" classname="Tests.Requirements.Position.TurnPositionRequirementTests" runstate="Runnable" seed="1446441289" result="Passed" start-time="2026-04-29 14:12:37Z" end-time="2026-04-29 14:12:37Z" duration="0.000091" asserts="0">
                <properties>
                  <property name="retryIteration" value="0" />
                  <property name="repeatIteration" value="0" />
                </properties>
              </test-case>
              <test-case id="1020" name="TurnStartRequirement_Within_Enemy_ReturnsFullProgress_WhenCloseEnough" fullname="Tests.Requirements.Position.TurnPositionRequirementTests.TurnStartRequirement_Within_Enemy_ReturnsFullProgress_WhenCloseEnough" methodname="TurnStartRequirement_Within_Enemy_ReturnsFullProgress_WhenCloseEnough" classname="Tests.Requirements.Position.TurnPositionRequirementTests" runstate="Runnable" seed="466450689" result="Passed" start-time="2026-04-29 14:12:37Z" end-time="2026-04-29 14:12:37Z" duration="0.000094" asserts="0">
                <properties>
                  <property name="retryIteration" value="0" />
                  <property name="repeatIteration" value="0" />
                </properties>
              </test-case>
              <test-case id="1021" name="TurnStartRequirement_Within_Enemy_ReturnsZero_WhenTooFar" fullname="Tests.Requirements.Position.TurnPositionRequirementTests.TurnStartRequirement_Within_Enemy_ReturnsZero_WhenTooFar" methodname="TurnStartRequirement_Within_Enemy_ReturnsZero_WhenTooFar" classname="Tests.Requirements.Position.TurnPositionRequirementTests" runstate="Runnable" seed="1327258344" result="Passed" start-time="2026-04-29 14:12:37Z" end-time="2026-04-29 14:12:37Z" duration="0.000094" asserts="0">
                <properties>
                  <property name="retryIteration" value="0" />
                  <property name="repeatIteration" value="0" />
                </properties>
                <output><![CDATA[Saving results to: C:/Users/User/AppData/LocalLow/DefaultCompany/Erelia\TestResults.xml
]]></output>
              </test-case>
            </test-suite>
          </test-suite>
        </test-suite>
      </test-suite>
    </test-suite>
  </test-suite>
</test-run>